<?xml version="1.0" encoding="UTF-8"?>
<coverage generated="1760072722749" clover="3.2.0">
  <project timestamp="1760072722749" name="All files">
    <metrics statements="11503" coveredstatements="9034" conditionals="9211" coveredconditionals="5621" methods="2901" coveredmethods="2312" elements="23615" coveredelements="16967" complexity="0" loc="11503" ncloc="11503" packages="85" files="340" classes="340"/>
    <package name="assets.demo">
      <metrics statements="8" coveredstatements="2" conditionals="2" coveredconditionals="0" methods="7" coveredmethods="1"/>
      <file name="recordingsManifest.ts" path="/Users/michaelspencer/Developer/DebateAI/src/assets/demo/recordingsManifest.ts">
        <metrics statements="8" coveredstatements="2" conditionals="2" coveredconditionals="0" methods="7" coveredmethods="1"/>
        <line num="45" count="6" type="stmt"/>
        <line num="260" count="174" type="stmt"/>
        <line num="266" count="0" type="stmt"/>
        <line num="267" count="0" type="cond" truecount="0" falsecount="2"/>
        <line num="271" count="0" type="stmt"/>
        <line num="272" count="0" type="stmt"/>
        <line num="273" count="0" type="stmt"/>
        <line num="274" count="0" type="stmt"/>
      </file>
    </package>
    <package name="components.atoms.feedback">
      <metrics statements="14" coveredstatements="14" conditionals="0" coveredconditionals="0" methods="5" coveredmethods="5"/>
      <file name="TypingDots.tsx" path="/Users/michaelspencer/Developer/DebateAI/src/components/atoms/feedback/TypingDots.tsx">
        <metrics statements="14" coveredstatements="14" conditionals="0" coveredconditionals="0" methods="5" coveredmethods="5"/>
        <line num="19" count="71" type="stmt"/>
        <line num="20" count="6" type="stmt"/>
        <line num="21" count="6" type="stmt"/>
        <line num="22" count="6" type="stmt"/>
        <line num="23" count="6" type="stmt"/>
        <line num="25" count="6" type="stmt"/>
        <line num="26" count="6" type="stmt"/>
        <line num="34" count="6" type="stmt"/>
        <line num="45" count="6" type="stmt"/>
        <line num="58" count="6" type="stmt"/>
        <line num="62" count="6" type="stmt"/>
        <line num="66" count="6" type="stmt"/>
        <line num="70" count="6" type="stmt"/>
        <line num="78" count="6" type="stmt"/>
      </file>
    </package>
    <package name="components.atoms.icons">
      <metrics statements="2" coveredstatements="2" conditionals="4" coveredconditionals="4" methods="1" coveredmethods="1"/>
      <file name="IconStopOctagon.tsx" path="/Users/michaelspencer/Developer/DebateAI/src/components/atoms/icons/IconStopOctagon.tsx">
        <metrics statements="2" coveredstatements="2" conditionals="4" coveredconditionals="4" methods="1" coveredmethods="1"/>
        <line num="12" count="70" type="stmt"/>
        <line num="18" count="12" type="stmt"/>
      </file>
    </package>
    <package name="components.atoms.layout">
      <metrics statements="3" coveredstatements="3" conditionals="72" coveredconditionals="72" methods="1" coveredmethods="1"/>
      <file name="Box.tsx" path="/Users/michaelspencer/Developer/DebateAI/src/components/atoms/layout/Box.tsx">
        <metrics statements="3" coveredstatements="3" conditionals="72" coveredconditionals="72" methods="1" coveredmethods="1"/>
        <line num="54" count="71" type="stmt"/>
        <line num="106" count="1604" type="stmt"/>
        <line num="150" count="1604" type="stmt"/>
      </file>
    </package>
    <package name="components.molecules.api-config">
      <metrics statements="69" coveredstatements="59" conditionals="80" coveredconditionals="69" methods="15" coveredmethods="13"/>
      <file name="APIKeyInput.tsx" path="/Users/michaelspencer/Developer/DebateAI/src/components/molecules/api-config/APIKeyInput.tsx">
        <metrics statements="11" coveredstatements="11" conditionals="17" coveredconditionals="17" methods="3" coveredmethods="3"/>
        <line num="20" count="18" type="stmt"/>
        <line num="32" count="12" type="stmt"/>
        <line num="34" count="12" type="stmt"/>
        <line num="35" count="12" type="cond" truecount="2" falsecount="0"/>
        <line num="36" count="11" type="cond" truecount="2" falsecount="0"/>
        <line num="37" count="9" type="stmt"/>
        <line num="40" count="12" type="stmt"/>
        <line num="41" count="12" type="cond" truecount="2" falsecount="0"/>
        <line num="42" count="10" type="stmt"/>
        <line num="45" count="12" type="stmt"/>
        <line num="101" count="18" type="stmt"/>
      </file>
      <file name="ClearKeysButton.tsx" path="/Users/michaelspencer/Developer/DebateAI/src/components/molecules/api-config/ClearKeysButton.tsx">
        <metrics statements="16" coveredstatements="9" conditionals="22" coveredconditionals="17" methods="4" coveredmethods="2"/>
        <line num="21" count="18" type="stmt"/>
        <line num="33" count="11" type="stmt"/>
        <line num="35" count="11" type="stmt"/>
        <line num="36" count="3" type="stmt"/>
        <line num="38" count="3" type="stmt"/>
        <line num="46" count="0" type="stmt"/>
        <line num="53" count="0" type="stmt"/>
        <line num="54" count="0" type="stmt"/>
        <line num="55" count="0" type="stmt"/>
        <line num="56" count="0" type="stmt"/>
        <line num="58" count="0" type="stmt"/>
        <line num="59" count="0" type="stmt"/>
        <line num="70" count="11" type="cond" truecount="2" falsecount="0"/>
        <line num="71" count="1" type="stmt"/>
        <line num="74" count="10" type="stmt"/>
        <line num="127" count="18" type="stmt"/>
      </file>
      <file name="ConnectionStatus.tsx" path="/Users/michaelspencer/Developer/DebateAI/src/components/molecules/api-config/ConnectionStatus.tsx">
        <metrics statements="27" coveredstatements="24" conditionals="27" coveredconditionals="21" methods="5" coveredmethods="5"/>
        <line num="16" count="18" type="stmt"/>
        <line num="24" count="13" type="stmt"/>
        <line num="26" count="13" type="stmt"/>
        <line num="27" count="12" type="cond" truecount="3" falsecount="2"/>
        <line num="29" count="3" type="stmt"/>
        <line num="36" count="6" type="stmt"/>
        <line num="42" count="3" type="stmt"/>
        <line num="49" count="0" type="stmt"/>
        <line num="53" count="13" type="stmt"/>
        <line num="54" count="12" type="cond" truecount="3" falsecount="2"/>
        <line num="56" count="3" type="stmt"/>
        <line num="58" count="6" type="stmt"/>
        <line num="60" count="3" type="stmt"/>
        <line num="63" count="0" type="stmt"/>
        <line num="67" count="13" type="stmt"/>
        <line num="68" count="12" type="cond" truecount="2" falsecount="0"/>
        <line num="70" count="11" type="cond" truecount="3" falsecount="2"/>
        <line num="72" count="3" type="stmt"/>
        <line num="74" count="5" type="stmt"/>
        <line num="76" count="3" type="stmt"/>
        <line num="79" count="0" type="stmt"/>
        <line num="83" count="13" type="stmt"/>
        <line num="84" count="2" type="cond" truecount="2" falsecount="0"/>
        <line num="87" count="13" type="cond" truecount="2" falsecount="0"/>
        <line num="88" count="1" type="stmt"/>
        <line num="91" count="12" type="stmt"/>
        <line num="135" count="18" type="stmt"/>
      </file>
      <file name="ProgressBar.tsx" path="/Users/michaelspencer/Developer/DebateAI/src/components/molecules/api-config/ProgressBar.tsx">
        <metrics statements="7" coveredstatements="7" conditionals="6" coveredconditionals="6" methods="1" coveredmethods="1"/>
        <line num="17" count="18" type="stmt"/>
        <line num="26" count="11" type="stmt"/>
        <line num="28" count="11" type="cond" truecount="2" falsecount="0"/>
        <line num="29" count="11" type="cond" truecount="2" falsecount="0"/>
        <line num="32" count="11" type="stmt"/>
        <line num="34" count="11" type="stmt"/>
        <line num="64" count="18" type="stmt"/>
      </file>
      <file name="ProviderFeatures.tsx" path="/Users/michaelspencer/Developer/DebateAI/src/components/molecules/api-config/ProviderFeatures.tsx">
        <metrics statements="8" coveredstatements="8" conditionals="8" coveredconditionals="8" methods="2" coveredmethods="2"/>
        <line num="14" count="18" type="stmt"/>
        <line num="22" count="10" type="cond" truecount="4" falsecount="0"/>
        <line num="23" count="3" type="stmt"/>
        <line num="26" count="7" type="stmt"/>
        <line num="27" count="7" type="stmt"/>
        <line num="29" count="7" type="stmt"/>
        <line num="39" count="14" type="stmt"/>
        <line num="57" count="18" type="stmt"/>
      </file>
    </package>
    <package name="components.molecules.auth">
      <metrics statements="31" coveredstatements="29" conditionals="35" coveredconditionals="33" methods="4" coveredmethods="3"/>
      <file name="EmailAuthForm.tsx" path="/Users/michaelspencer/Developer/DebateAI/src/components/molecules/auth/EmailAuthForm.tsx">
        <metrics statements="31" coveredstatements="29" conditionals="35" coveredconditionals="33" methods="4" coveredmethods="3"/>
        <line num="14" count="2" type="stmt"/>
        <line num="19" count="31" type="stmt"/>
        <line num="20" count="31" type="stmt"/>
        <line num="21" count="31" type="stmt"/>
        <line num="22" count="31" type="stmt"/>
        <line num="23" count="31" type="stmt"/>
        <line num="24" count="31" type="stmt"/>
        <line num="26" count="31" type="stmt"/>
        <line num="27" count="6" type="stmt"/>
        <line num="30" count="6" type="stmt"/>
        <line num="31" count="6" type="cond" truecount="2" falsecount="0"/>
        <line num="32" count="1" type="stmt"/>
        <line num="33" count="5" type="cond" truecount="2" falsecount="0"/>
        <line num="34" count="1" type="stmt"/>
        <line num="38" count="6" type="cond" truecount="2" falsecount="0"/>
        <line num="39" count="1" type="stmt"/>
        <line num="40" count="5" type="cond" truecount="2" falsecount="0"/>
        <line num="41" count="1" type="stmt"/>
        <line num="45" count="6" type="cond" truecount="2" falsecount="0"/>
        <line num="46" count="2" type="cond" truecount="1" falsecount="1"/>
        <line num="47" count="0" type="stmt"/>
        <line num="48" count="2" type="cond" truecount="2" falsecount="0"/>
        <line num="49" count="1" type="stmt"/>
        <line num="53" count="6" type="stmt"/>
        <line num="54" count="6" type="stmt"/>
        <line num="57" count="31" type="stmt"/>
        <line num="58" count="6" type="cond" truecount="2" falsecount="0"/>
        <line num="59" count="2" type="stmt"/>
        <line num="63" count="31" type="stmt"/>
        <line num="113" count="0" type="stmt"/>
        <line num="170" count="2" type="stmt"/>
      </file>
    </package>
    <package name="components.molecules.chat">
      <metrics statements="44" coveredstatements="39" conditionals="40" coveredconditionals="30" methods="9" coveredmethods="9"/>
      <file name="GPT5LatencyWarning.tsx" path="/Users/michaelspencer/Developer/DebateAI/src/components/molecules/chat/GPT5LatencyWarning.tsx">
        <metrics statements="30" coveredstatements="27" conditionals="9" coveredconditionals="9" methods="5" coveredmethods="5"/>
        <line num="15" count="1" type="stmt"/>
        <line num="17" count="1" type="stmt"/>
        <line num="22" count="14" type="stmt"/>
        <line num="23" count="14" type="stmt"/>
        <line num="24" count="14" type="stmt"/>
        <line num="26" count="14" type="stmt"/>
        <line num="27" count="6" type="stmt"/>
        <line num="30" count="14" type="stmt"/>
        <line num="31" count="6" type="stmt"/>
        <line num="32" count="6" type="stmt"/>
        <line num="33" count="6" type="cond" truecount="2" falsecount="0"/>
        <line num="34" count="1" type="stmt"/>
        <line num="36" count="5" type="stmt"/>
        <line num="39" count="0" type="stmt"/>
        <line num="43" count="14" type="stmt"/>
        <line num="44" count="1" type="stmt"/>
        <line num="45" count="1" type="stmt"/>
        <line num="48" count="14" type="stmt"/>
        <line num="49" count="1" type="stmt"/>
        <line num="50" count="1" type="stmt"/>
        <line num="51" count="1" type="stmt"/>
        <line num="52" count="1" type="stmt"/>
        <line num="53" count="1" type="stmt"/>
        <line num="55" count="0" type="stmt"/>
        <line num="56" count="0" type="stmt"/>
        <line num="60" count="14" type="cond" truecount="4" falsecount="0"/>
        <line num="61" count="9" type="stmt"/>
        <line num="64" count="5" type="stmt"/>
        <line num="66" count="5" type="stmt"/>
        <line num="140" count="1" type="stmt"/>
      </file>
      <file name="MultimodalOptionsRow.tsx" path="/Users/michaelspencer/Developer/DebateAI/src/components/molecules/chat/MultimodalOptionsRow.tsx">
        <metrics statements="14" coveredstatements="12" conditionals="31" coveredconditionals="21" methods="4" coveredmethods="4"/>
        <line num="24" count="1" type="stmt"/>
        <line num="25" count="2" type="stmt"/>
        <line num="26" count="2" type="stmt"/>
        <line num="27" count="2" type="stmt"/>
        <line num="28" count="2" type="stmt"/>
        <line num="30" count="2" type="stmt"/>
        <line num="38" count="2" type="stmt"/>
        <line num="42" count="8" type="stmt"/>
        <line num="45" count="1" type="cond" truecount="1" falsecount="1"/>
        <line num="46" count="1" type="stmt"/>
        <line num="47" count="1" type="stmt"/>
        <line num="48" count="0" type="cond" truecount="0" falsecount="2"/>
        <line num="49" count="0" type="stmt"/>
        <line num="81" count="1" type="stmt"/>
      </file>
    </package>
    <package name="components.molecules.common">
      <metrics statements="139" coveredstatements="128" conditionals="190" coveredconditionals="154" methods="37" coveredmethods="36"/>
      <file name="Badge.tsx" path="/Users/michaelspencer/Developer/DebateAI/src/components/molecules/common/Badge.tsx">
        <metrics statements="10" coveredstatements="10" conditionals="5" coveredconditionals="5" methods="2" coveredmethods="2"/>
        <line num="10" count="18" type="stmt"/>
        <line num="14" count="7" type="stmt"/>
        <line num="16" count="7" type="stmt"/>
        <line num="17" count="7" type="cond" truecount="4" falsecount="0"/>
        <line num="19" count="1" type="stmt"/>
        <line num="24" count="1" type="stmt"/>
        <line num="29" count="1" type="stmt"/>
        <line num="34" count="4" type="stmt"/>
        <line num="41" count="7" type="stmt"/>
        <line num="43" count="7" type="stmt"/>
      </file>
      <file name="Button.tsx" path="/Users/michaelspencer/Developer/DebateAI/src/components/molecules/common/Button.tsx">
        <metrics statements="19" coveredstatements="15" conditionals="56" coveredconditionals="37" methods="3" coveredmethods="3"/>
        <line num="23" count="21" type="stmt"/>
        <line num="37" count="51" type="stmt"/>
        <line num="39" count="51" type="stmt"/>
        <line num="40" count="51" type="cond" truecount="3" falsecount="1"/>
        <line num="42" count="19" type="stmt"/>
        <line num="49" count="0" type="stmt"/>
        <line num="56" count="32" type="stmt"/>
        <line num="64" count="51" type="stmt"/>
        <line num="65" count="51" type="cond" truecount="3" falsecount="3"/>
        <line num="67" count="38" type="stmt"/>
        <line num="73" count="7" type="stmt"/>
        <line num="79" count="0" type="stmt"/>
        <line num="85" count="6" type="stmt"/>
        <line num="91" count="0" type="stmt"/>
        <line num="97" count="0" type="stmt"/>
        <line num="105" count="51" type="cond" truecount="5" falsecount="0"/>
        <line num="106" count="51" type="cond" truecount="3" falsecount="1"/>
        <line num="108" count="51" type="stmt"/>
        <line num="158" count="21" type="stmt"/>
      </file>
      <file name="Card.tsx" path="/Users/michaelspencer/Developer/DebateAI/src/components/molecules/common/Card.tsx">
        <metrics statements="17" coveredstatements="11" conditionals="19" coveredconditionals="8" methods="3" coveredmethods="3"/>
        <line num="14" count="18" type="stmt"/>
        <line num="21" count="5" type="stmt"/>
        <line num="23" count="5" type="stmt"/>
        <line num="24" count="5" type="cond" truecount="2" falsecount="3"/>
        <line num="26" count="0" type="stmt"/>
        <line num="28" count="0" type="stmt"/>
        <line num="30" count="0" type="stmt"/>
        <line num="33" count="5" type="stmt"/>
        <line num="37" count="5" type="stmt"/>
        <line num="38" count="5" type="cond" truecount="1" falsecount="4"/>
        <line num="40" count="5" type="stmt"/>
        <line num="42" count="0" type="stmt"/>
        <line num="44" count="0" type="stmt"/>
        <line num="47" count="0" type="stmt"/>
        <line num="51" count="5" type="cond" truecount="1" falsecount="1"/>
        <line num="62" count="5" type="stmt"/>
        <line num="81" count="18" type="stmt"/>
      </file>
      <file name="GlassCard.tsx" path="/Users/michaelspencer/Developer/DebateAI/src/components/molecules/common/GlassCard.tsx">
        <metrics statements="9" coveredstatements="9" conditionals="10" coveredconditionals="7" methods="1" coveredmethods="1"/>
        <line num="15" count="18" type="stmt"/>
        <line num="22" count="8" type="stmt"/>
        <line num="24" count="8" type="stmt"/>
        <line num="31" count="8" type="stmt"/>
        <line num="39" count="8" type="stmt"/>
        <line num="44" count="8" type="stmt"/>
        <line num="55" count="8" type="cond" truecount="2" falsecount="0"/>
        <line num="56" count="2" type="stmt"/>
        <line num="67" count="6" type="stmt"/>
      </file>
      <file name="GradientButton.tsx" path="/Users/michaelspencer/Developer/DebateAI/src/components/molecules/common/GradientButton.tsx">
        <metrics statements="16" coveredstatements="16" conditionals="24" coveredconditionals="24" methods="3" coveredmethods="3"/>
        <line num="18" count="19" type="stmt"/>
        <line num="31" count="20" type="stmt"/>
        <line num="34" count="20" type="stmt"/>
        <line num="35" count="20" type="cond" truecount="2" falsecount="0"/>
        <line num="37" count="11" type="stmt"/>
        <line num="43" count="11" type="stmt"/>
        <line num="46" count="20" type="stmt"/>
        <line num="48" count="20" type="stmt"/>
        <line num="49" count="20" type="cond" truecount="4" falsecount="0"/>
        <line num="51" count="1" type="stmt"/>
        <line num="57" count="1" type="stmt"/>
        <line num="64" count="18" type="stmt"/>
        <line num="72" count="20" type="stmt"/>
        <line num="73" count="20" type="cond" truecount="4" falsecount="0"/>
        <line num="75" count="20" type="stmt"/>
        <line num="112" count="19" type="stmt"/>
      </file>
      <file name="IconButton.tsx" path="/Users/michaelspencer/Developer/DebateAI/src/components/molecules/common/IconButton.tsx">
        <metrics statements="8" coveredstatements="8" conditionals="12" coveredconditionals="11" methods="2" coveredmethods="2"/>
        <line num="14" count="18" type="stmt"/>
        <line num="21" count="7" type="stmt"/>
        <line num="23" count="7" type="stmt"/>
        <line num="24" count="1" type="cond" truecount="1" falsecount="1"/>
        <line num="25" count="1" type="stmt"/>
        <line num="26" count="1" type="stmt"/>
        <line num="31" count="7" type="cond" truecount="4" falsecount="0"/>
        <line num="33" count="7" type="stmt"/>
      </file>
      <file name="InputField.tsx" path="/Users/michaelspencer/Developer/DebateAI/src/components/molecules/common/InputField.tsx">
        <metrics statements="4" coveredstatements="4" conditionals="9" coveredconditionals="9" methods="1" coveredmethods="1"/>
        <line num="15" count="18" type="stmt"/>
        <line num="23" count="22" type="stmt"/>
        <line num="25" count="22" type="stmt"/>
        <line num="74" count="18" type="stmt"/>
      </file>
      <file name="LazyMarkdownRenderer.tsx" path="/Users/michaelspencer/Developer/DebateAI/src/components/molecules/common/LazyMarkdownRenderer.tsx">
        <metrics statements="13" coveredstatements="12" conditionals="12" coveredconditionals="12" methods="8" coveredmethods="7"/>
        <line num="41" count="20" type="stmt"/>
        <line num="49" count="7" type="stmt"/>
        <line num="50" count="7" type="stmt"/>
        <line num="51" count="7" type="stmt"/>
        <line num="53" count="7" type="stmt"/>
        <line num="54" count="1" type="stmt"/>
        <line num="57" count="7" type="stmt"/>
        <line num="59" count="6" type="stmt"/>
        <line num="62" count="7" type="stmt"/>
        <line num="64" count="0" type="stmt"/>
        <line num="67" count="7" type="stmt"/>
        <line num="70" count="8" type="stmt"/>
        <line num="104" count="20" type="stmt"/>
      </file>
      <file name="ParameterLabel.tsx" path="/Users/michaelspencer/Developer/DebateAI/src/components/molecules/common/ParameterLabel.tsx">
        <metrics statements="5" coveredstatements="5" conditionals="2" coveredconditionals="2" methods="2" coveredmethods="2"/>
        <line num="12" count="18" type="stmt"/>
        <line num="17" count="6" type="stmt"/>
        <line num="19" count="6" type="stmt"/>
        <line num="20" count="6" type="stmt"/>
        <line num="24" count="6" type="stmt"/>
      </file>
      <file name="SearchHighlight.tsx" path="/Users/michaelspencer/Developer/DebateAI/src/components/molecules/common/SearchHighlight.tsx">
        <metrics statements="9" coveredstatements="9" conditionals="4" coveredconditionals="4" methods="2" coveredmethods="2"/>
        <line num="10" count="18" type="stmt"/>
        <line num="14" count="5" type="stmt"/>
        <line num="16" count="5" type="cond" truecount="2" falsecount="0"/>
        <line num="17" count="2" type="stmt"/>
        <line num="20" count="3" type="stmt"/>
        <line num="22" count="3" type="stmt"/>
        <line num="25" count="13" type="cond" truecount="2" falsecount="0"/>
        <line num="26" count="5" type="stmt"/>
        <line num="38" count="8" type="stmt"/>
      </file>
      <file name="SectionHeader.tsx" path="/Users/michaelspencer/Developer/DebateAI/src/components/molecules/common/SectionHeader.tsx">
        <metrics statements="3" coveredstatements="3" conditionals="7" coveredconditionals="7" methods="1" coveredmethods="1"/>
        <line num="16" count="18" type="stmt"/>
        <line num="24" count="7" type="stmt"/>
        <line num="26" count="7" type="stmt"/>
      </file>
      <file name="SegmentedControl.tsx" path="/Users/michaelspencer/Developer/DebateAI/src/components/molecules/common/SegmentedControl.tsx">
        <metrics statements="6" coveredstatements="6" conditionals="10" coveredconditionals="10" methods="3" coveredmethods="3"/>
        <line num="19" count="6" type="stmt"/>
        <line num="20" count="6" type="stmt"/>
        <line num="22" count="6" type="stmt"/>
        <line num="25" count="17" type="stmt"/>
        <line num="26" count="17" type="stmt"/>
        <line num="29" count="3" type="stmt"/>
      </file>
      <file name="SelectionIndicator.tsx" path="/Users/michaelspencer/Developer/DebateAI/src/components/molecules/common/SelectionIndicator.tsx">
        <metrics statements="4" coveredstatements="4" conditionals="4" coveredconditionals="4" methods="1" coveredmethods="1"/>
        <line num="14" count="18" type="stmt"/>
        <line num="18" count="4" type="stmt"/>
        <line num="20" count="4" type="cond" truecount="2" falsecount="0"/>
        <line num="22" count="3" type="stmt"/>
      </file>
      <file name="StorageIndicator.tsx" path="/Users/michaelspencer/Developer/DebateAI/src/components/molecules/common/StorageIndicator.tsx">
        <metrics statements="10" coveredstatements="10" conditionals="12" coveredconditionals="10" methods="4" coveredmethods="4"/>
        <line num="19" count="18" type="stmt"/>
        <line num="20" count="9" type="stmt"/>
        <line num="23" count="15" type="stmt"/>
        <line num="24" count="15" type="stmt"/>
        <line num="25" count="9" type="cond" truecount="1" falsecount="1"/>
        <line num="27" count="9" type="stmt"/>
        <line num="47" count="15" type="cond" truecount="1" falsecount="1"/>
        <line num="48" count="15" type="stmt"/>
        <line num="50" count="15" type="stmt"/>
        <line num="96" count="18" type="stmt"/>
      </file>
      <file name="Typography.tsx" path="/Users/michaelspencer/Developer/DebateAI/src/components/molecules/common/Typography.tsx">
        <metrics statements="6" coveredstatements="6" conditionals="4" coveredconditionals="4" methods="1" coveredmethods="1"/>
        <line num="17" count="58" type="stmt"/>
        <line num="27" count="524" type="stmt"/>
        <line num="30" count="524" type="stmt"/>
        <line num="41" count="524" type="stmt"/>
        <line num="52" count="524" type="stmt"/>
        <line num="59" count="524" type="stmt"/>
      </file>
    </package>
    <package name="components.molecules.debate">
      <metrics statements="112" coveredstatements="85" conditionals="297" coveredconditionals="132" methods="29" coveredmethods="18"/>
      <file name="AIDebaterCard.tsx" path="/Users/michaelspencer/Developer/DebateAI/src/components/molecules/debate/AIDebaterCard.tsx">
        <metrics statements="6" coveredstatements="5" conditionals="53" coveredconditionals="29" methods="3" coveredmethods="1"/>
        <line num="26" count="18" type="stmt"/>
        <line num="36" count="1" type="stmt"/>
        <line num="38" count="1" type="cond" truecount="2" falsecount="0"/>
        <line num="39" count="1" type="cond" truecount="2" falsecount="0"/>
        <line num="41" count="1" type="stmt"/>
        <line num="116" count="0" type="stmt"/>
      </file>
      <file name="AIProviderTile.tsx" path="/Users/michaelspencer/Developer/DebateAI/src/components/molecules/debate/AIProviderTile.tsx">
        <metrics statements="21" coveredstatements="18" conditionals="40" coveredconditionals="23" methods="3" coveredmethods="3"/>
        <line num="36" count="19" type="stmt"/>
        <line num="49" count="3" type="stmt"/>
        <line num="52" count="3" type="stmt"/>
        <line num="79" count="3" type="stmt"/>
        <line num="80" count="3" type="cond" truecount="2" falsecount="0"/>
        <line num="81" count="3" type="cond" truecount="2" falsecount="0"/>
        <line num="84" count="3" type="cond" truecount="1" falsecount="1"/>
        <line num="86" count="3" type="stmt"/>
        <line num="88" count="3" type="stmt"/>
        <line num="90" count="3" type="stmt"/>
        <line num="100" count="3" type="cond" truecount="1" falsecount="1"/>
        <line num="115" count="3" type="stmt"/>
        <line num="139" count="3" type="stmt"/>
        <line num="154" count="3" type="stmt"/>
        <line num="155" count="3" type="cond" truecount="2" falsecount="2"/>
        <line num="157" count="0" type="stmt"/>
        <line num="169" count="0" type="stmt"/>
        <line num="183" count="3" type="stmt"/>
        <line num="194" count="3" type="cond" truecount="1" falsecount="1"/>
        <line num="195" count="0" type="stmt"/>
        <line num="207" count="3" type="stmt"/>
      </file>
      <file name="DebateMessageBubble.tsx" path="/Users/michaelspencer/Developer/DebateAI/src/components/molecules/debate/DebateMessageBubble.tsx">
        <metrics statements="46" coveredstatements="26" conditionals="113" coveredconditionals="32" methods="15" coveredmethods="7"/>
        <line num="37" count="18" type="stmt"/>
        <line num="43" count="1" type="stmt"/>
        <line num="44" count="1" type="stmt"/>
        <line num="45" count="1" type="stmt"/>
        <line num="46" count="1" type="stmt"/>
        <line num="49" count="1" type="stmt"/>
        <line num="50" count="1" type="cond" truecount="1" falsecount="3"/>
        <line num="51" count="1" type="cond" truecount="4" falsecount="1"/>
        <line num="52" count="0" type="cond" truecount="0" falsecount="2"/>
        <line num="54" count="1" type="stmt"/>
        <line num="58" count="1" type="stmt"/>
        <line num="61" count="1" type="stmt"/>
        <line num="65" count="1" type="stmt"/>
        <line num="66" count="1" type="cond" truecount="1" falsecount="1"/>
        <line num="69" count="1" type="stmt"/>
        <line num="72" count="1" type="cond" truecount="3" falsecount="1"/>
        <line num="85" count="1" type="cond" truecount="3" falsecount="1"/>
        <line num="87" count="1" type="stmt"/>
        <line num="88" count="1" type="stmt"/>
        <line num="95" count="1" type="stmt"/>
        <line num="98" count="1" type="stmt"/>
        <line num="100" count="1" type="stmt"/>
        <line num="101" count="1" type="stmt"/>
        <line num="108" count="1" type="stmt"/>
        <line num="115" count="1" type="cond" truecount="3" falsecount="1"/>
        <line num="116" count="0" type="stmt"/>
        <line num="165" count="1" type="stmt"/>
        <line num="200" count="0" type="stmt"/>
        <line num="201" count="0" type="stmt"/>
        <line num="203" count="0" type="stmt"/>
        <line num="212" count="0" type="stmt"/>
        <line num="213" count="0" type="stmt"/>
        <line num="215" count="0" type="stmt"/>
        <line num="236" count="0" type="cond" truecount="0" falsecount="2"/>
        <line num="237" count="0" type="cond" truecount="0" falsecount="4"/>
        <line num="238" count="0" type="cond" truecount="0" falsecount="2"/>
        <line num="239" count="0" type="cond" truecount="0" falsecount="4"/>
        <line num="240" count="0" type="stmt"/>
        <line num="248" count="0" type="cond" truecount="0" falsecount="2"/>
        <line num="253" count="0" type="stmt"/>
        <line num="254" count="0" type="cond" truecount="0" falsecount="2"/>
        <line num="255" count="0" type="stmt"/>
        <line num="256" count="0" type="stmt"/>
        <line num="258" count="0" type="stmt"/>
        <line num="280" count="0" type="stmt"/>
        <line num="288" count="18" type="stmt"/>
      </file>
      <file name="DebatePreviewCard.tsx" path="/Users/michaelspencer/Developer/DebateAI/src/components/molecules/debate/DebatePreviewCard.tsx">
        <metrics statements="8" coveredstatements="7" conditionals="13" coveredconditionals="7" methods="1" coveredmethods="1"/>
        <line num="20" count="18" type="stmt"/>
        <line num="28" count="1" type="stmt"/>
        <line num="30" count="1" type="stmt"/>
        <line num="51" count="1" type="stmt"/>
        <line num="54" count="1" type="stmt"/>
        <line num="128" count="1" type="cond" truecount="2" falsecount="2"/>
        <line num="129" count="0" type="stmt"/>
        <line num="136" count="1" type="stmt"/>
      </file>
      <file name="DebateTopicCard.tsx" path="/Users/michaelspencer/Developer/DebateAI/src/components/molecules/debate/DebateTopicCard.tsx">
        <metrics statements="3" coveredstatements="3" conditionals="14" coveredconditionals="8" methods="1" coveredmethods="1"/>
        <line num="21" count="18" type="stmt"/>
        <line num="29" count="1" type="stmt"/>
        <line num="31" count="1" type="stmt"/>
      </file>
      <file name="DebateTypingIndicator.tsx" path="/Users/michaelspencer/Developer/DebateAI/src/components/molecules/debate/DebateTypingIndicator.tsx">
        <metrics statements="3" coveredstatements="3" conditionals="0" coveredconditionals="0" methods="1" coveredmethods="1"/>
        <line num="18" count="18" type="stmt"/>
        <line num="19" count="1" type="stmt"/>
        <line num="21" count="1" type="stmt"/>
      </file>
      <file name="PersonalityChip.tsx" path="/Users/michaelspencer/Developer/DebateAI/src/components/molecules/debate/PersonalityChip.tsx">
        <metrics statements="10" coveredstatements="10" conditionals="24" coveredconditionals="16" methods="1" coveredmethods="1"/>
        <line num="22" count="19" type="stmt"/>
        <line num="30" count="1" type="stmt"/>
        <line num="31" count="1" type="stmt"/>
        <line num="32" count="1" type="cond" truecount="2" falsecount="0"/>
        <line num="33" count="1" type="cond" truecount="2" falsecount="0"/>
        <line num="35" count="1" type="stmt"/>
        <line num="56" count="1" type="cond" truecount="3" falsecount="1"/>
        <line num="57" count="1" type="cond" truecount="1" falsecount="1"/>
        <line num="58" count="1" type="cond" truecount="1" falsecount="1"/>
        <line num="60" count="1" type="stmt"/>
      </file>
      <file name="SurpriseTopicDisplay.tsx" path="/Users/michaelspencer/Developer/DebateAI/src/components/molecules/debate/SurpriseTopicDisplay.tsx">
        <metrics statements="5" coveredstatements="4" conditionals="20" coveredconditionals="6" methods="1" coveredmethods="1"/>
        <line num="21" count="18" type="stmt"/>
        <line num="28" count="1" type="stmt"/>
        <line num="30" count="1" type="cond" truecount="3" falsecount="1"/>
        <line num="31" count="1" type="stmt"/>
        <line num="34" count="0" type="stmt"/>
      </file>
      <file name="TopicModeSelector.tsx" path="/Users/michaelspencer/Developer/DebateAI/src/components/molecules/debate/TopicModeSelector.tsx">
        <metrics statements="10" coveredstatements="9" conditionals="20" coveredconditionals="11" methods="3" coveredmethods="2"/>
        <line num="28" count="18" type="stmt"/>
        <line num="43" count="18" type="stmt"/>
        <line num="50" count="1" type="stmt"/>
        <line num="52" count="1" type="stmt"/>
        <line num="53" count="2" type="stmt"/>
        <line num="54" count="2" type="cond" truecount="1" falsecount="1"/>
        <line num="55" count="2" type="cond" truecount="2" falsecount="0"/>
        <line num="57" count="2" type="stmt"/>
        <line num="60" count="0" type="stmt"/>
        <line num="105" count="1" type="stmt"/>
      </file>
    </package>
    <package name="components.molecules.header">
      <metrics statements="23" coveredstatements="19" conditionals="37" coveredconditionals="32" methods="5" coveredmethods="5"/>
      <file name="HeaderIcon.tsx" path="/Users/michaelspencer/Developer/DebateAI/src/components/molecules/header/HeaderIcon.tsx">
        <metrics statements="14" coveredstatements="12" conditionals="23" coveredconditionals="20" methods="3" coveredmethods="3"/>
        <line num="22" count="18" type="stmt"/>
        <line num="34" count="5" type="stmt"/>
        <line num="36" count="5" type="stmt"/>
        <line num="37" count="1" type="cond" truecount="1" falsecount="1"/>
        <line num="38" count="1" type="stmt"/>
        <line num="39" count="1" type="stmt"/>
        <line num="43" count="5" type="stmt"/>
        <line num="44" count="5" type="cond" truecount="4" falsecount="0"/>
        <line num="46" count="5" type="cond" truecount="2" falsecount="2"/>
        <line num="48" count="0" type="stmt"/>
        <line num="50" count="0" type="stmt"/>
        <line num="53" count="5" type="stmt"/>
        <line num="57" count="5" type="stmt"/>
        <line num="83" count="18" type="stmt"/>
      </file>
      <file name="TabBarIcon.tsx" path="/Users/michaelspencer/Developer/DebateAI/src/components/molecules/header/TabBarIcon.tsx">
        <metrics statements="9" coveredstatements="7" conditionals="14" coveredconditionals="12" methods="2" coveredmethods="2"/>
        <line num="18" count="18" type="stmt"/>
        <line num="26" count="3" type="stmt"/>
        <line num="28" count="3" type="stmt"/>
        <line num="29" count="3" type="cond" truecount="2" falsecount="2"/>
        <line num="31" count="0" type="stmt"/>
        <line num="33" count="0" type="stmt"/>
        <line num="36" count="3" type="stmt"/>
        <line num="40" count="3" type="stmt"/>
        <line num="57" count="18" type="stmt"/>
      </file>
    </package>
    <package name="components.molecules.history">
      <metrics statements="71" coveredstatements="43" conditionals="76" coveredconditionals="30" methods="15" coveredmethods="9"/>
      <file name="FilterChip.tsx" path="/Users/michaelspencer/Developer/DebateAI/src/components/molecules/history/FilterChip.tsx">
        <metrics statements="4" coveredstatements="4" conditionals="12" coveredconditionals="5" methods="1" coveredmethods="1"/>
        <line num="8" count="1" type="stmt"/>
        <line num="14" count="1" type="stmt"/>
        <line num="16" count="1" type="stmt"/>
        <line num="73" count="1" type="stmt"/>
      </file>
      <file name="HighlightedText.tsx" path="/Users/michaelspencer/Developer/DebateAI/src/components/molecules/history/HighlightedText.tsx">
        <metrics statements="9" coveredstatements="4" conditionals="4" coveredconditionals="1" methods="2" coveredmethods="1"/>
        <line num="12" count="2" type="stmt"/>
        <line num="18" count="1" type="stmt"/>
        <line num="20" count="1" type="cond" truecount="1" falsecount="1"/>
        <line num="21" count="1" type="stmt"/>
        <line num="29" count="0" type="stmt"/>
        <line num="30" count="0" type="stmt"/>
        <line num="32" count="0" type="stmt"/>
        <line num="35" count="0" type="stmt"/>
        <line num="37" count="0" type="cond" truecount="0" falsecount="2"/>
      </file>
      <file name="LoadMoreIndicator.tsx" path="/Users/michaelspencer/Developer/DebateAI/src/components/molecules/history/LoadMoreIndicator.tsx">
        <metrics statements="6" coveredstatements="5" conditionals="6" coveredconditionals="2" methods="1" coveredmethods="1"/>
        <line num="15" count="1" type="stmt"/>
        <line num="22" count="1" type="stmt"/>
        <line num="24" count="1" type="cond" truecount="1" falsecount="1"/>
        <line num="25" count="1" type="stmt"/>
        <line num="42" count="0" type="stmt"/>
        <line num="81" count="1" type="stmt"/>
      </file>
      <file name="SessionCard.tsx" path="/Users/michaelspencer/Developer/DebateAI/src/components/molecules/history/SessionCard.tsx">
        <metrics statements="30" coveredstatements="14" conditionals="35" coveredconditionals="12" methods="7" coveredmethods="3"/>
        <line num="12" count="1" type="stmt"/>
        <line num="19" count="1" type="stmt"/>
        <line num="21" count="1" type="stmt"/>
        <line num="22" count="1" type="stmt"/>
        <line num="25" count="1" type="stmt"/>
        <line num="26" count="1" type="cond" truecount="1" falsecount="1"/>
        <line num="28" count="0" type="cond" truecount="0" falsecount="2"/>
        <line num="29" count="0" type="stmt"/>
        <line num="32" count="0" type="stmt"/>
        <line num="33" count="0" type="cond" truecount="0" falsecount="2"/>
        <line num="35" count="0" type="stmt"/>
        <line num="36" count="0" type="cond" truecount="0" falsecount="2"/>
        <line num="37" count="0" type="stmt"/>
        <line num="39" count="0" type="stmt"/>
        <line num="40" count="1" type="cond" truecount="1" falsecount="1"/>
        <line num="41" count="0" type="stmt"/>
        <line num="42" count="0" type="stmt"/>
        <line num="43" count="0" type="cond" truecount="0" falsecount="2"/>
        <line num="44" count="0" type="cond" truecount="0" falsecount="2"/>
        <line num="46" count="0" type="cond" truecount="0" falsecount="2"/>
        <line num="48" count="1" type="stmt"/>
        <line num="49" count="1" type="cond" truecount="2" falsecount="0"/>
        <line num="53" count="1" type="stmt"/>
        <line num="56" count="1" type="cond" truecount="1" falsecount="2"/>
        <line num="58" count="0" type="stmt"/>
        <line num="61" count="0" type="stmt"/>
        <line num="65" count="1" type="stmt"/>
        <line num="66" count="0" type="stmt"/>
        <line num="69" count="1" type="stmt"/>
        <line num="152" count="1" type="stmt"/>
      </file>
      <file name="SessionPreview.tsx" path="/Users/michaelspencer/Developer/DebateAI/src/components/molecules/history/SessionPreview.tsx">
        <metrics statements="9" coveredstatements="4" conditionals="5" coveredconditionals="2" methods="2" coveredmethods="1"/>
        <line num="6" count="2" type="stmt"/>
        <line num="12" count="2" type="stmt"/>
        <line num="15" count="2" type="cond" truecount="1" falsecount="1"/>
        <line num="16" count="2" type="stmt"/>
        <line num="29" count="0" type="stmt"/>
        <line num="30" count="0" type="stmt"/>
        <line num="32" count="0" type="stmt"/>
        <line num="40" count="0" type="stmt"/>
        <line num="42" count="0" type="cond" truecount="0" falsecount="2"/>
      </file>
      <file name="StatCard.tsx" path="/Users/michaelspencer/Developer/DebateAI/src/components/molecules/history/StatCard.tsx">
        <metrics statements="9" coveredstatements="8" conditionals="10" coveredconditionals="6" methods="1" coveredmethods="1"/>
        <line num="8" count="1" type="stmt"/>
        <line num="16" count="1" type="stmt"/>
        <line num="18" count="1" type="cond" truecount="2" falsecount="0"/>
        <line num="19" count="1" type="stmt"/>
        <line num="22" count="1" type="stmt"/>
        <line num="89" count="1" type="cond" truecount="1" falsecount="1"/>
        <line num="90" count="0" type="stmt"/>
        <line num="97" count="1" type="stmt"/>
        <line num="100" count="1" type="stmt"/>
      </file>
      <file name="SwipeableActions.tsx" path="/Users/michaelspencer/Developer/DebateAI/src/components/molecules/history/SwipeableActions.tsx">
        <metrics statements="4" coveredstatements="4" conditionals="4" coveredconditionals="2" methods="1" coveredmethods="1"/>
        <line num="8" count="1" type="stmt"/>
        <line num="13" count="1" type="stmt"/>
        <line num="15" count="1" type="stmt"/>
        <line num="69" count="1" type="stmt"/>
      </file>
    </package>
    <package name="components.molecules.profile">
      <metrics statements="25" coveredstatements="23" conditionals="35" coveredconditionals="29" methods="3" coveredmethods="3"/>
      <file name="ProfileAvatar.tsx" path="/Users/michaelspencer/Developer/DebateAI/src/components/molecules/profile/ProfileAvatar.tsx">
        <metrics statements="25" coveredstatements="23" conditionals="35" coveredconditionals="29" methods="3" coveredmethods="3"/>
        <line num="17" count="18" type="stmt"/>
        <line num="27" count="4" type="stmt"/>
        <line num="29" count="4" type="stmt"/>
        <line num="30" count="4" type="cond" truecount="3" falsecount="1"/>
        <line num="31" count="4" type="cond" truecount="2" falsecount="1"/>
        <line num="32" count="4" type="stmt"/>
        <line num="33" count="4" type="cond" truecount="2" falsecount="0"/>
        <line num="34" count="1" type="stmt"/>
        <line num="36" count="3" type="stmt"/>
        <line num="39" count="4" type="stmt"/>
        <line num="40" count="4" type="cond" truecount="2" falsecount="0"/>
        <line num="42" count="4" type="stmt"/>
        <line num="51" count="4" type="stmt"/>
        <line num="66" count="4" type="stmt"/>
        <line num="67" count="4" type="cond" truecount="1" falsecount="1"/>
        <line num="68" count="0" type="stmt"/>
        <line num="76" count="4" type="cond" truecount="3" falsecount="1"/>
        <line num="77" count="4" type="stmt"/>
        <line num="92" count="0" type="stmt"/>
        <line num="101" count="4" type="stmt"/>
        <line num="104" count="4" type="stmt"/>
        <line num="126" count="4" type="cond" truecount="2" falsecount="0"/>
        <line num="127" count="1" type="stmt"/>
        <line num="134" count="3" type="stmt"/>
        <line num="137" count="18" type="stmt"/>
      </file>
    </package>
    <package name="components.molecules.settings">
      <metrics statements="6" coveredstatements="6" conditionals="15" coveredconditionals="11" methods="1" coveredmethods="1"/>
      <file name="SettingRow.tsx" path="/Users/michaelspencer/Developer/DebateAI/src/components/molecules/settings/SettingRow.tsx">
        <metrics statements="6" coveredstatements="6" conditionals="15" coveredconditionals="11" methods="1" coveredmethods="1"/>
        <line num="18" count="18" type="stmt"/>
        <line num="28" count="4" type="stmt"/>
        <line num="30" count="4" type="cond" truecount="2" falsecount="0"/>
        <line num="31" count="4" type="cond" truecount="2" falsecount="0"/>
        <line num="38" count="4" type="stmt"/>
        <line num="93" count="18" type="stmt"/>
      </file>
    </package>
    <package name="components.molecules.share">
      <metrics statements="65" coveredstatements="18" conditionals="20" coveredconditionals="11" methods="7" coveredmethods="2"/>
      <file name="ShareActionButtons.tsx" path="/Users/michaelspencer/Developer/DebateAI/src/components/molecules/share/ShareActionButtons.tsx">
        <metrics statements="56" coveredstatements="9" conditionals="14" coveredconditionals="5" methods="6" coveredmethods="1"/>
        <line num="30" count="18" type="stmt"/>
        <line num="43" count="1" type="stmt"/>
        <line num="45" count="1" type="stmt"/>
        <line num="46" count="0" type="stmt"/>
        <line num="47" count="0" type="stmt"/>
        <line num="48" count="0" type="stmt"/>
        <line num="49" count="0" type="stmt"/>
        <line num="50" count="0" type="cond" truecount="0" falsecount="2"/>
        <line num="51" count="0" type="stmt"/>
        <line num="52" count="0" type="stmt"/>
        <line num="54" count="0" type="stmt"/>
        <line num="61" count="0" type="stmt"/>
        <line num="62" count="0" type="stmt"/>
        <line num="66" count="1" type="stmt"/>
        <line num="67" count="0" type="stmt"/>
        <line num="68" count="0" type="stmt"/>
        <line num="74" count="0" type="stmt"/>
        <line num="75" count="0" type="stmt"/>
        <line num="76" count="0" type="stmt"/>
        <line num="78" count="0" type="stmt"/>
        <line num="79" count="0" type="cond" truecount="0" falsecount="2"/>
        <line num="80" count="0" type="stmt"/>
        <line num="82" count="0" type="stmt"/>
        <line num="84" count="0" type="stmt"/>
        <line num="86" count="0" type="stmt"/>
        <line num="90" count="1" type="stmt"/>
        <line num="91" count="0" type="stmt"/>
        <line num="92" count="0" type="stmt"/>
        <line num="98" count="0" type="stmt"/>
        <line num="99" count="0" type="stmt"/>
        <line num="100" count="0" type="stmt"/>
        <line num="101" count="0" type="cond" truecount="0" falsecount="2"/>
        <line num="102" count="0" type="stmt"/>
        <line num="103" count="0" type="stmt"/>
        <line num="105" count="0" type="stmt"/>
        <line num="112" count="0" type="stmt"/>
        <line num="116" count="1" type="stmt"/>
        <line num="117" count="0" type="stmt"/>
        <line num="118" count="0" type="stmt"/>
        <line num="125" count="0" type="stmt"/>
        <line num="126" count="0" type="stmt"/>
        <line num="127" count="0" type="stmt"/>
        <line num="129" count="0" type="stmt"/>
        <line num="130" count="0" type="cond" truecount="0" falsecount="2"/>
        <line num="131" count="0" type="stmt"/>
        <line num="133" count="0" type="stmt"/>
        <line num="135" count="0" type="stmt"/>
        <line num="137" count="0" type="stmt"/>
        <line num="141" count="1" type="stmt"/>
        <line num="142" count="0" type="stmt"/>
        <line num="143" count="0" type="stmt"/>
        <line num="144" count="0" type="stmt"/>
        <line num="145" count="0" type="stmt"/>
        <line num="146" count="0" type="stmt"/>
        <line num="149" count="1" type="stmt"/>
        <line num="262" count="18" type="stmt"/>
      </file>
      <file name="SharePreviewCard.tsx" path="/Users/michaelspencer/Developer/DebateAI/src/components/molecules/share/SharePreviewCard.tsx">
        <metrics statements="9" coveredstatements="9" conditionals="6" coveredconditionals="6" methods="1" coveredmethods="1"/>
        <line num="14" count="18" type="stmt"/>
        <line num="15" count="18" type="stmt"/>
        <line num="16" count="18" type="stmt"/>
        <line num="25" count="18" type="stmt"/>
        <line num="32" count="1" type="stmt"/>
        <line num="33" count="1" type="cond" truecount="2" falsecount="0"/>
        <line num="34" count="1" type="cond" truecount="2" falsecount="0"/>
        <line num="36" count="1" type="stmt"/>
        <line num="147" count="18" type="stmt"/>
      </file>
    </package>
    <package name="components.molecules.sheets">
      <metrics statements="18" coveredstatements="18" conditionals="25" coveredconditionals="22" methods="4" coveredmethods="4"/>
      <file name="ModalHeader.tsx" path="/Users/michaelspencer/Developer/DebateAI/src/components/molecules/sheets/ModalHeader.tsx">
        <metrics statements="9" coveredstatements="9" conditionals="13" coveredconditionals="12" methods="2" coveredmethods="2"/>
        <line num="19" count="18" type="stmt"/>
        <line num="25" count="4" type="stmt"/>
        <line num="27" count="4" type="stmt"/>
        <line num="28" count="4" type="stmt"/>
        <line num="53" count="4" type="cond" truecount="2" falsecount="0"/>
        <line num="54" count="3" type="stmt"/>
        <line num="55" count="3" type="stmt"/>
        <line num="67" count="1" type="stmt"/>
        <line num="74" count="18" type="stmt"/>
      </file>
      <file name="SheetHandle.tsx" path="/Users/michaelspencer/Developer/DebateAI/src/components/molecules/sheets/SheetHandle.tsx">
        <metrics statements="4" coveredstatements="4" conditionals="3" coveredconditionals="3" methods="1" coveredmethods="1"/>
        <line num="11" count="18" type="stmt"/>
        <line num="16" count="3" type="stmt"/>
        <line num="18" count="3" type="stmt"/>
        <line num="35" count="18" type="stmt"/>
      </file>
      <file name="SheetHeader.tsx" path="/Users/michaelspencer/Developer/DebateAI/src/components/molecules/sheets/SheetHeader.tsx">
        <metrics statements="5" coveredstatements="5" conditionals="9" coveredconditionals="7" methods="1" coveredmethods="1"/>
        <line num="15" count="19" type="stmt"/>
        <line num="21" count="13" type="stmt"/>
        <line num="25" count="13" type="cond" truecount="1" falsecount="1"/>
        <line num="29" count="13" type="stmt"/>
        <line num="68" count="19" type="stmt"/>
      </file>
    </package>
    <package name="components.molecules.stats">
      <metrics statements="91" coveredstatements="48" conditionals="158" coveredconditionals="41" methods="21" coveredmethods="6"/>
      <file name="DebateHistoryItem.tsx" path="/Users/michaelspencer/Developer/DebateAI/src/components/molecules/stats/DebateHistoryItem.tsx">
        <metrics statements="30" coveredstatements="11" conditionals="40" coveredconditionals="6" methods="7" coveredmethods="1"/>
        <line num="33" count="18" type="stmt"/>
        <line num="42" count="1" type="stmt"/>
        <line num="44" count="1" type="cond" truecount="1" falsecount="1"/>
        <line num="48" count="1" type="cond" truecount="1" falsecount="1"/>
        <line num="52" count="1" type="stmt"/>
        <line num="53" count="0" type="cond" truecount="0" falsecount="2"/>
        <line num="54" count="0" type="cond" truecount="0" falsecount="2"/>
        <line num="56" count="0" type="stmt"/>
        <line num="59" count="1" type="cond" truecount="1" falsecount="1"/>
        <line num="61" count="1" type="stmt"/>
        <line num="114" count="18" type="stmt"/>
        <line num="119" count="0" type="stmt"/>
        <line num="120" count="0" type="cond" truecount="0" falsecount="2"/>
        <line num="121" count="0" type="stmt"/>
        <line num="122" count="0" type="cond" truecount="0" falsecount="2"/>
        <line num="123" count="0" type="cond" truecount="0" falsecount="2"/>
        <line num="125" count="0" type="stmt"/>
        <line num="128" count="0" type="cond" truecount="0" falsecount="2"/>
        <line num="130" count="0" type="stmt"/>
        <line num="173" count="18" type="stmt"/>
        <line num="180" count="0" type="stmt"/>
        <line num="182" count="0" type="cond" truecount="0" falsecount="2"/>
        <line num="183" count="0" type="stmt"/>
        <line num="190" count="0" type="stmt"/>
        <line num="193" count="0" type="cond" truecount="0" falsecount="2"/>
        <line num="194" count="0" type="stmt"/>
        <line num="203" count="0" type="stmt"/>
        <line num="229" count="18" type="stmt"/>
        <line num="233" count="0" type="stmt"/>
        <line num="245" count="18" type="stmt"/>
      </file>
      <file name="RankBadge.tsx" path="/Users/michaelspencer/Developer/DebateAI/src/components/molecules/stats/RankBadge.tsx">
        <metrics statements="24" coveredstatements="16" conditionals="41" coveredconditionals="15" methods="5" coveredmethods="3"/>
        <line num="26" count="18" type="stmt"/>
        <line num="34" count="1" type="stmt"/>
        <line num="37" count="1" type="stmt"/>
        <line num="38" count="1" type="cond" truecount="3" falsecount="1"/>
        <line num="39" count="0" type="stmt"/>
        <line num="46" count="1" type="cond" truecount="1" falsecount="3"/>
        <line num="48" count="0" type="stmt"/>
        <line num="54" count="0" type="stmt"/>
        <line num="60" count="0" type="stmt"/>
        <line num="66" count="1" type="stmt"/>
        <line num="74" count="1" type="stmt"/>
        <line num="75" count="1" type="stmt"/>
        <line num="77" count="1" type="cond" truecount="2" falsecount="2"/>
        <line num="79" count="1" type="stmt"/>
        <line num="112" count="18" type="stmt"/>
        <line num="116" count="0" type="stmt"/>
        <line num="137" count="18" type="stmt"/>
        <line num="141" count="0" type="stmt"/>
        <line num="152" count="18" type="stmt"/>
        <line num="153" count="1" type="cond" truecount="2" falsecount="2"/>
        <line num="155" count="0" type="stmt"/>
        <line num="160" count="0" type="stmt"/>
        <line num="166" count="1" type="stmt"/>
        <line num="173" count="18" type="stmt"/>
      </file>
      <file name="StatsCard.tsx" path="/Users/michaelspencer/Developer/DebateAI/src/components/molecules/stats/StatsCard.tsx">
        <metrics statements="13" coveredstatements="8" conditionals="18" coveredconditionals="4" methods="5" coveredmethods="1"/>
        <line num="24" count="18" type="stmt"/>
        <line num="31" count="1" type="stmt"/>
        <line num="33" count="1" type="stmt"/>
        <line num="65" count="18" type="stmt"/>
        <line num="71" count="0" type="stmt"/>
        <line num="94" count="18" type="stmt"/>
        <line num="98" count="0" type="stmt"/>
        <line num="100" count="0" type="stmt"/>
        <line num="127" count="18" type="stmt"/>
        <line num="134" count="0" type="stmt"/>
        <line num="163" count="18" type="stmt"/>
        <line num="168" count="0" type="stmt"/>
        <line num="194" count="18" type="stmt"/>
      </file>
      <file name="TopicBadge.tsx" path="/Users/michaelspencer/Developer/DebateAI/src/components/molecules/stats/TopicBadge.tsx">
        <metrics statements="24" coveredstatements="13" conditionals="59" coveredconditionals="16" methods="4" coveredmethods="1"/>
        <line num="29" count="18" type="stmt"/>
        <line num="38" count="1" type="stmt"/>
        <line num="41" count="1" type="cond" truecount="2" falsecount="0"/>
        <line num="42" count="1" type="cond" truecount="1" falsecount="1"/>
        <line num="45" count="1" type="cond" truecount="1" falsecount="1"/>
        <line num="48" count="1" type="cond" truecount="1" falsecount="1"/>
        <line num="52" count="1" type="stmt"/>
        <line num="53" count="1" type="cond" truecount="1" falsecount="1"/>
        <line num="55" count="1" type="cond" truecount="1" falsecount="1"/>
        <line num="57" count="1" type="stmt"/>
        <line num="108" count="18" type="stmt"/>
        <line num="115" count="0" type="stmt"/>
        <line num="116" count="0" type="stmt"/>
        <line num="118" count="0" type="cond" truecount="0" falsecount="2"/>
        <line num="119" count="0" type="stmt"/>
        <line num="126" count="0" type="stmt"/>
        <line num="137" count="0" type="stmt"/>
        <line num="171" count="18" type="stmt"/>
        <line num="179" count="0" type="stmt"/>
        <line num="180" count="0" type="cond" truecount="0" falsecount="2"/>
        <line num="181" count="0" type="cond" truecount="0" falsecount="2"/>
        <line num="184" count="0" type="cond" truecount="0" falsecount="4"/>
        <line num="186" count="0" type="stmt"/>
        <line num="242" count="18" type="stmt"/>
      </file>
    </package>
    <package name="components.molecules.subscription">
      <metrics statements="20" coveredstatements="20" conditionals="21" coveredconditionals="20" methods="4" coveredmethods="4"/>
      <file name="DemoBanner.tsx" path="/Users/michaelspencer/Developer/DebateAI/src/components/molecules/subscription/DemoBanner.tsx">
        <metrics statements="6" coveredstatements="6" conditionals="6" coveredconditionals="5" methods="1" coveredmethods="1"/>
        <line num="12" count="1" type="stmt"/>
        <line num="13" count="2" type="stmt"/>
        <line num="14" count="2" type="stmt"/>
        <line num="15" count="2" type="cond" truecount="2" falsecount="0"/>
        <line num="17" count="1" type="stmt"/>
        <line num="44" count="1" type="stmt"/>
      </file>
      <file name="PricingBadge.tsx" path="/Users/michaelspencer/Developer/DebateAI/src/components/molecules/subscription/PricingBadge.tsx">
        <metrics statements="5" coveredstatements="5" conditionals="7" coveredconditionals="7" methods="1" coveredmethods="1"/>
        <line num="12" count="18" type="stmt"/>
        <line num="17" count="4" type="stmt"/>
        <line num="19" count="4" type="cond" truecount="2" falsecount="0"/>
        <line num="20" count="2" type="stmt"/>
        <line num="37" count="2" type="stmt"/>
      </file>
      <file name="TrialBanner.tsx" path="/Users/michaelspencer/Developer/DebateAI/src/components/molecules/subscription/TrialBanner.tsx">
        <metrics statements="9" coveredstatements="9" conditionals="8" coveredconditionals="8" methods="2" coveredmethods="2"/>
        <line num="9" count="1" type="stmt"/>
        <line num="10" count="4" type="stmt"/>
        <line num="11" count="4" type="stmt"/>
        <line num="12" count="4" type="stmt"/>
        <line num="14" count="4" type="cond" truecount="4" falsecount="0"/>
        <line num="16" count="3" type="cond" truecount="2" falsecount="0"/>
        <line num="18" count="3" type="stmt"/>
        <line num="21" count="1" type="stmt"/>
        <line num="34" count="1" type="stmt"/>
      </file>
    </package>
    <package name="components.organisms.api-config">
      <metrics statements="150" coveredstatements="135" conditionals="181" coveredconditionals="135" methods="50" coveredmethods="44"/>
      <file name="APIComingSoon.tsx" path="/Users/michaelspencer/Developer/DebateAI/src/components/organisms/api-config/APIComingSoon.tsx">
        <metrics statements="7" coveredstatements="7" conditionals="5" coveredconditionals="5" methods="2" coveredmethods="2"/>
        <line num="16" count="2" type="stmt"/>
        <line num="22" count="2" type="stmt"/>
        <line num="24" count="2" type="cond" truecount="4" falsecount="0"/>
        <line num="25" count="1" type="stmt"/>
        <line num="28" count="1" type="stmt"/>
        <line num="49" count="1" type="stmt"/>
        <line num="67" count="2" type="stmt"/>
      </file>
      <file name="APIConfigHeader.tsx" path="/Users/michaelspencer/Developer/DebateAI/src/components/organisms/api-config/APIConfigHeader.tsx">
        <metrics statements="4" coveredstatements="4" conditionals="1" coveredconditionals="1" methods="1" coveredmethods="1"/>
        <line num="13" count="2" type="stmt"/>
        <line num="18" count="2" type="stmt"/>
        <line num="20" count="2" type="stmt"/>
        <line num="49" count="2" type="stmt"/>
      </file>
      <file name="APIConfigProgress.tsx" path="/Users/michaelspencer/Developer/DebateAI/src/components/organisms/api-config/APIConfigProgress.tsx">
        <metrics statements="11" coveredstatements="10" conditionals="7" coveredconditionals="5" methods="2" coveredmethods="2"/>
        <line num="16" count="2" type="stmt"/>
        <line num="23" count="2" type="stmt"/>
        <line num="25" count="2" type="cond" truecount="1" falsecount="1"/>
        <line num="27" count="2" type="stmt"/>
        <line num="28" count="2" type="cond" truecount="2" falsecount="0"/>
        <line num="29" count="1" type="stmt"/>
        <line num="30" count="1" type="cond" truecount="1" falsecount="1"/>
        <line num="31" count="1" type="stmt"/>
        <line num="33" count="0" type="stmt"/>
        <line num="37" count="2" type="stmt"/>
        <line num="79" count="2" type="stmt"/>
      </file>
      <file name="APIProviderList.tsx" path="/Users/michaelspencer/Developer/DebateAI/src/components/organisms/api-config/APIProviderList.tsx">
        <metrics statements="14" coveredstatements="14" conditionals="11" coveredconditionals="8" methods="6" coveredmethods="6"/>
        <line num="28" count="2" type="stmt"/>
        <line num="40" count="2" type="stmt"/>
        <line num="42" count="2" type="cond" truecount="4" falsecount="0"/>
        <line num="43" count="1" type="stmt"/>
        <line num="52" count="1" type="stmt"/>
        <line num="59" count="1" type="stmt"/>
        <line num="60" count="1" type="cond" truecount="2" falsecount="1"/>
        <line num="64" count="1" type="stmt"/>
        <line num="67" count="1" type="stmt"/>
        <line num="75" count="1" type="stmt"/>
        <line num="76" count="1" type="stmt"/>
        <line num="77" count="1" type="stmt"/>
        <line num="79" count="1" type="stmt"/>
        <line num="93" count="2" type="stmt"/>
      </file>
      <file name="APISecurityNote.tsx" path="/Users/michaelspencer/Developer/DebateAI/src/components/organisms/api-config/APISecurityNote.tsx">
        <metrics statements="5" coveredstatements="5" conditionals="2" coveredconditionals="2" methods="2" coveredmethods="2"/>
        <line num="15" count="2" type="stmt"/>
        <line num="26" count="2" type="stmt"/>
        <line num="28" count="2" type="stmt"/>
        <line num="51" count="6" type="stmt"/>
        <line num="62" count="2" type="stmt"/>
      </file>
      <file name="ExpertModeSettings.tsx" path="/Users/michaelspencer/Developer/DebateAI/src/components/organisms/api-config/ExpertModeSettings.tsx">
        <metrics statements="29" coveredstatements="26" conditionals="52" coveredconditionals="41" methods="13" coveredmethods="12"/>
        <line num="32" count="2" type="stmt"/>
        <line num="42" count="3" type="stmt"/>
        <line num="43" count="3" type="stmt"/>
        <line num="45" count="3" type="cond" truecount="1" falsecount="1"/>
        <line num="46" count="3" type="cond" truecount="1" falsecount="1"/>
        <line num="47" count="9" type="cond" truecount="2" falsecount="0"/>
        <line num="49" count="3" type="stmt"/>
        <line num="50" count="14" type="stmt"/>
        <line num="51" count="14" type="cond" truecount="4" falsecount="0"/>
        <line num="53" count="10" type="cond" truecount="1" falsecount="1"/>
        <line num="54" count="10" type="stmt"/>
        <line num="56" count="10" type="stmt"/>
        <line num="68" count="1" type="cond" truecount="1" falsecount="1"/>
        <line num="100" count="1" type="stmt"/>
        <line num="101" count="1" type="stmt"/>
        <line num="134" count="0" type="stmt"/>
        <line num="135" count="0" type="cond" truecount="0" falsecount="5"/>
        <line num="136" count="0" type="stmt"/>
        <line num="144" count="1" type="stmt"/>
        <line num="145" count="1" type="stmt"/>
        <line num="180" count="3" type="stmt"/>
        <line num="239" count="14" type="stmt"/>
        <line num="241" count="1" type="stmt"/>
        <line num="295" count="14" type="stmt"/>
        <line num="303" count="1" type="stmt"/>
        <line num="304" count="5" type="cond" truecount="1" falsecount="1"/>
        <line num="305" count="5" type="stmt"/>
        <line num="306" count="5" type="cond" truecount="1" falsecount="1"/>
        <line num="307" count="5" type="stmt"/>
      </file>
      <file name="ParameterSlider.tsx" path="/Users/michaelspencer/Developer/DebateAI/src/components/organisms/api-config/ParameterSlider.tsx">
        <metrics statements="13" coveredstatements="13" conditionals="5" coveredconditionals="5" methods="4" coveredmethods="4"/>
        <line num="16" count="2" type="stmt"/>
        <line num="25" count="2" type="stmt"/>
        <line num="27" count="2" type="stmt"/>
        <line num="28" count="2" type="stmt"/>
        <line num="29" count="2" type="stmt"/>
        <line num="32" count="2" type="stmt"/>
        <line num="33" count="1" type="stmt"/>
        <line num="34" count="1" type="stmt"/>
        <line num="37" count="2" type="stmt"/>
        <line num="38" count="2" type="stmt"/>
        <line num="39" count="2" type="cond" truecount="5" falsecount="0"/>
        <line num="40" count="1" type="stmt"/>
        <line num="44" count="2" type="stmt"/>
      </file>
      <file name="ProviderCard.tsx" path="/Users/michaelspencer/Developer/DebateAI/src/components/organisms/api-config/ProviderCard.tsx">
        <metrics statements="48" coveredstatements="38" conditionals="80" coveredconditionals="55" methods="13" coveredmethods="9"/>
        <line num="38" count="2" type="stmt"/>
        <line num="52" count="9" type="stmt"/>
        <line num="53" count="9" type="stmt"/>
        <line num="54" count="9" type="stmt"/>
        <line num="55" count="9" type="stmt"/>
        <line num="57" count="9" type="stmt"/>
        <line num="58" count="2" type="stmt"/>
        <line num="59" count="2" type="stmt"/>
        <line num="61" count="2" type="stmt"/>
        <line num="62" count="2" type="stmt"/>
        <line num="63" count="2" type="cond" truecount="2" falsecount="0"/>
        <line num="64" count="1" type="stmt"/>
        <line num="66" count="1" type="stmt"/>
        <line num="67" count="1" type="stmt"/>
        <line num="69" count="1" type="stmt"/>
        <line num="72" count="2" type="stmt"/>
        <line num="76" count="9" type="stmt"/>
        <line num="77" count="5" type="cond" truecount="1" falsecount="1"/>
        <line num="78" count="5" type="cond" truecount="1" falsecount="1"/>
        <line num="79" count="5" type="stmt"/>
        <line num="82" count="9" type="stmt"/>
        <line num="83" count="0" type="stmt"/>
        <line num="84" count="0" type="stmt"/>
        <line num="86" count="0" type="stmt"/>
        <line num="91" count="9" type="stmt"/>
        <line num="115" count="9" type="stmt"/>
        <line num="116" count="9" type="cond" truecount="1" falsecount="1"/>
        <line num="117" count="0" type="stmt"/>
        <line num="132" count="9" type="stmt"/>
        <line num="186" count="5" type="cond" truecount="1" falsecount="1"/>
        <line num="187" count="5" type="cond" truecount="1" falsecount="1"/>
        <line num="188" count="0" type="stmt"/>
        <line num="189" count="10" type="stmt"/>
        <line num="191" count="5" type="cond" truecount="1" falsecount="1"/>
        <line num="192" count="5" type="stmt"/>
        <line num="193" count="5" type="stmt"/>
        <line num="195" count="5" type="stmt"/>
        <line num="232" count="0" type="stmt"/>
        <line num="233" count="0" type="stmt"/>
        <line num="235" count="0" type="stmt"/>
        <line num="305" count="16" type="stmt"/>
        <line num="323" count="0" type="stmt"/>
        <line num="364" count="1" type="stmt"/>
        <line num="365" count="1" type="stmt"/>
        <line num="378" count="1" type="stmt"/>
        <line num="379" count="1" type="cond" truecount="1" falsecount="1"/>
        <line num="380" count="1" type="stmt"/>
        <line num="405" count="0" type="stmt"/>
      </file>
      <file name="ProviderExpertSettings.tsx" path="/Users/michaelspencer/Developer/DebateAI/src/components/organisms/api-config/ProviderExpertSettings.tsx">
        <metrics statements="19" coveredstatements="18" conditionals="18" coveredconditionals="13" methods="7" coveredmethods="6"/>
        <line num="26" count="2" type="stmt"/>
        <line num="35" count="2" type="stmt"/>
        <line num="36" count="2" type="cond" truecount="1" falsecount="1"/>
        <line num="37" count="2" type="cond" truecount="1" falsecount="1"/>
        <line num="39" count="2" type="stmt"/>
        <line num="40" count="1" type="stmt"/>
        <line num="41" count="5" type="cond" truecount="2" falsecount="0"/>
        <line num="42" count="3" type="stmt"/>
        <line num="43" count="3" type="cond" truecount="1" falsecount="1"/>
        <line num="44" count="3" type="stmt"/>
        <line num="53" count="2" type="stmt"/>
        <line num="54" count="4" type="stmt"/>
        <line num="55" count="4" type="cond" truecount="4" falsecount="0"/>
        <line num="57" count="3" type="cond" truecount="1" falsecount="1"/>
        <line num="59" count="3" type="stmt"/>
        <line num="68" count="1" type="stmt"/>
        <line num="73" count="2" type="stmt"/>
        <line num="111" count="0" type="cond" truecount="1" falsecount="1"/>
        <line num="128" count="4" type="stmt"/>
      </file>
    </package>
    <package name="components.organisms.auth">
      <metrics statements="45" coveredstatements="39" conditionals="32" coveredconditionals="24" methods="5" coveredmethods="5"/>
      <file name="SocialAuthProviders.tsx" path="/Users/michaelspencer/Developer/DebateAI/src/components/organisms/auth/SocialAuthProviders.tsx">
        <metrics statements="45" coveredstatements="39" conditionals="32" coveredconditionals="24" methods="5" coveredmethods="5"/>
        <line num="20" count="2" type="stmt"/>
        <line num="24" count="12" type="stmt"/>
        <line num="25" count="12" type="stmt"/>
        <line num="26" count="12" type="stmt"/>
        <line num="27" count="12" type="stmt"/>
        <line num="28" count="12" type="stmt"/>
        <line num="31" count="12" type="stmt"/>
        <line num="32" count="4" type="cond" truecount="2" falsecount="0"/>
        <line num="34" count="2" type="stmt"/>
        <line num="35" count="2" type="stmt"/>
        <line num="37" count="2" type="stmt"/>
        <line num="38" count="2" type="stmt"/>
        <line num="42" count="2" type="cond" truecount="4" falsecount="0"/>
        <line num="43" count="1" type="stmt"/>
        <line num="44" count="1" type="stmt"/>
        <line num="47" count="0" type="stmt"/>
        <line num="48" count="0" type="stmt"/>
        <line num="51" count="2" type="stmt"/>
        <line num="55" count="12" type="stmt"/>
        <line num="56" count="1" type="cond" truecount="3" falsecount="1"/>
        <line num="58" count="1" type="stmt"/>
        <line num="59" count="1" type="stmt"/>
        <line num="60" count="1" type="stmt"/>
        <line num="61" count="1" type="stmt"/>
        <line num="62" count="1" type="stmt"/>
        <line num="71" count="1" type="stmt"/>
        <line num="73" count="0" type="stmt"/>
        <line num="74" count="0" type="cond" truecount="0" falsecount="4"/>
        <line num="75" count="0" type="stmt"/>
        <line num="76" count="0" type="stmt"/>
        <line num="79" count="1" type="stmt"/>
        <line num="83" count="12" type="stmt"/>
        <line num="84" count="2" type="stmt"/>
        <line num="85" count="2" type="stmt"/>
        <line num="86" count="2" type="stmt"/>
        <line num="87" count="1" type="stmt"/>
        <line num="88" count="1" type="stmt"/>
        <line num="97" count="1" type="stmt"/>
        <line num="99" count="1" type="stmt"/>
        <line num="100" count="1" type="cond" truecount="3" falsecount="1"/>
        <line num="101" count="1" type="stmt"/>
        <line num="102" count="1" type="cond" truecount="1" falsecount="1"/>
        <line num="105" count="2" type="stmt"/>
        <line num="109" count="12" type="stmt"/>
        <line num="153" count="2" type="stmt"/>
      </file>
    </package>
    <package name="components.organisms.chat">
      <metrics statements="377" coveredstatements="326" conditionals="319" coveredconditionals="241" methods="126" coveredmethods="97"/>
      <file name="ChatEmptyState.tsx" path="/Users/michaelspencer/Developer/DebateAI/src/components/organisms/chat/ChatEmptyState.tsx">
        <metrics statements="3" coveredstatements="3" conditionals="3" coveredconditionals="3" methods="1" coveredmethods="1"/>
        <line num="12" count="1" type="stmt"/>
        <line num="17" count="6" type="stmt"/>
        <line num="32" count="1" type="stmt"/>
      </file>
      <file name="ChatHeader.tsx" path="/Users/michaelspencer/Developer/DebateAI/src/components/organisms/chat/ChatHeader.tsx">
        <metrics statements="5" coveredstatements="5" conditionals="4" coveredconditionals="3" methods="2" coveredmethods="2"/>
        <line num="14" count="1" type="stmt"/>
        <line num="19" count="7" type="stmt"/>
        <line num="21" count="7" type="stmt"/>
        <line num="41" count="12" type="stmt"/>
        <line num="53" count="1" type="stmt"/>
      </file>
      <file name="ChatInputBar.tsx" path="/Users/michaelspencer/Developer/DebateAI/src/components/organisms/chat/ChatInputBar.tsx">
        <metrics statements="42" coveredstatements="26" conditionals="83" coveredconditionals="61" methods="22" coveredmethods="7"/>
        <line num="34" count="1" type="stmt"/>
        <line num="51" count="12" type="stmt"/>
        <line num="52" count="12" type="stmt"/>
        <line num="53" count="12" type="stmt"/>
        <line num="54" count="12" type="stmt"/>
        <line num="55" count="12" type="stmt"/>
        <line num="56" count="12" type="stmt"/>
        <line num="57" count="12" type="stmt"/>
        <line num="60" count="12" type="cond" truecount="3" falsecount="0"/>
        <line num="62" count="12" type="stmt"/>
        <line num="63" count="1" type="cond" truecount="1" falsecount="1"/>
        <line num="64" count="1" type="cond" truecount="1" falsecount="1"/>
        <line num="65" count="1" type="stmt"/>
        <line num="70" count="12" type="stmt"/>
        <line num="72" count="10" type="cond" truecount="2" falsecount="0"/>
        <line num="73" count="2" type="stmt"/>
        <line num="74" count="2" type="stmt"/>
        <line num="81" count="2" type="stmt"/>
        <line num="83" count="10" type="stmt"/>
        <line num="84" count="10" type="cond" truecount="2" falsecount="0"/>
        <line num="94" count="12" type="stmt"/>
        <line num="95" count="0" type="stmt"/>
        <line num="98" count="12" type="stmt"/>
        <line num="114" count="0" type="stmt"/>
        <line num="144" count="0" type="stmt"/>
        <line num="182" count="0" type="cond" truecount="0" falsecount="2"/>
        <line num="183" count="0" type="cond" truecount="0" falsecount="2"/>
        <line num="184" count="0" type="cond" truecount="0" falsecount="2"/>
        <line num="185" count="0" type="cond" truecount="0" falsecount="2"/>
        <line num="186" count="0" type="cond" truecount="0" falsecount="2"/>
        <line num="188" count="0" type="stmt"/>
        <line num="207" count="1" type="cond" truecount="2" falsecount="0"/>
        <line num="247" count="1" type="stmt"/>
        <line num="248" count="1" type="stmt"/>
        <line num="310" count="0" type="stmt"/>
        <line num="311" count="0" type="stmt"/>
        <line num="315" count="0" type="stmt"/>
        <line num="316" count="0" type="stmt"/>
        <line num="320" count="0" type="stmt"/>
        <line num="322" count="0" type="stmt"/>
        <line num="323" count="0" type="stmt"/>
        <line num="330" count="1" type="stmt"/>
      </file>
      <file name="ChatMentionSuggestions.tsx" path="/Users/michaelspencer/Developer/DebateAI/src/components/organisms/chat/ChatMentionSuggestions.tsx">
        <metrics statements="8" coveredstatements="8" conditionals="4" coveredconditionals="4" methods="3" coveredmethods="3"/>
        <line num="14" count="1" type="stmt"/>
        <line num="19" count="8" type="stmt"/>
        <line num="21" count="8" type="cond" truecount="4" falsecount="0"/>
        <line num="22" count="2" type="stmt"/>
        <line num="25" count="6" type="stmt"/>
        <line num="37" count="14" type="stmt"/>
        <line num="42" count="4" type="stmt"/>
        <line num="49" count="1" type="stmt"/>
      </file>
      <file name="ChatMessageList.tsx" path="/Users/michaelspencer/Developer/DebateAI/src/components/organisms/chat/ChatMessageList.tsx">
        <metrics statements="31" coveredstatements="28" conditionals="33" coveredconditionals="30" methods="11" coveredmethods="10"/>
        <line num="22" count="1" type="stmt"/>
        <line num="31" count="18" type="stmt"/>
        <line num="34" count="18" type="stmt"/>
        <line num="35" count="18" type="cond" truecount="5" falsecount="0"/>
        <line num="36" count="2" type="stmt"/>
        <line num="37" count="4" type="stmt"/>
        <line num="40" count="2" type="cond" truecount="2" falsecount="0"/>
        <line num="42" count="1" type="stmt"/>
        <line num="43" count="1" type="stmt"/>
        <line num="49" count="18" type="stmt"/>
        <line num="50" count="0" type="cond" truecount="0" falsecount="2"/>
        <line num="51" count="0" type="stmt"/>
        <line num="54" count="0" type="stmt"/>
        <line num="58" count="78" type="stmt"/>
        <line num="59" count="18" type="stmt"/>
        <line num="60" count="28" type="stmt"/>
        <line num="61" count="28" type="cond" truecount="2" falsecount="0"/>
        <line num="62" count="28" type="cond" truecount="4" falsecount="0"/>
        <line num="63" count="2" type="stmt"/>
        <line num="65" count="26" type="cond" truecount="5" falsecount="0"/>
        <line num="66" count="26" type="cond" truecount="4" falsecount="1"/>
        <line num="67" count="26" type="cond" truecount="4" falsecount="0"/>
        <line num="68" count="2" type="stmt"/>
        <line num="70" count="24" type="cond" truecount="4" falsecount="0"/>
        <line num="71" count="1" type="stmt"/>
        <line num="73" count="23" type="stmt"/>
        <line num="82" count="18" type="stmt"/>
        <line num="83" count="1" type="stmt"/>
        <line num="94" count="18" type="stmt"/>
        <line num="98" count="45" type="stmt"/>
        <line num="114" count="1" type="stmt"/>
      </file>
      <file name="ChatTypingIndicators.tsx" path="/Users/michaelspencer/Developer/DebateAI/src/components/organisms/chat/ChatTypingIndicators.tsx">
        <metrics statements="10" coveredstatements="10" conditionals="2" coveredconditionals="2" methods="4" coveredmethods="4"/>
        <line num="12" count="1" type="stmt"/>
        <line num="13" count="8" type="stmt"/>
        <line num="15" count="8" type="stmt"/>
[...]
        <line num="46" count="0" type="stmt"/>
        <line num="47" count="0" type="stmt"/>
        <line num="50" count="2" type="stmt"/>
        <line num="51" count="2" type="cond" truecount="1" falsecount="1"/>
        <line num="52" count="2" type="stmt"/>
        <line num="53" count="2" type="cond" truecount="1" falsecount="1"/>
        <line num="54" count="2" type="stmt"/>
        <line num="58" count="0" type="stmt"/>
        <line num="62" count="0" type="stmt"/>
        <line num="63" count="0" type="cond" truecount="0" falsecount="2"/>
      </file>
      <file name="aiProviderAssets.ts" path="/Users/michaelspencer/Developer/DebateAI/src/utils/aiProviderAssets.ts">
        <metrics statements="5" coveredstatements="3" conditionals="4" coveredconditionals="1" methods="1" coveredmethods="1"/>
        <line num="6" count="1" type="stmt"/>
        <line num="22" count="21" type="cond" truecount="1" falsecount="1"/>
        <line num="23" count="21" type="stmt"/>
        <line num="30" count="0" type="stmt"/>
        <line num="42" count="0" type="stmt"/>
      </file>
      <file name="attachmentUtils.ts" path="/Users/michaelspencer/Developer/DebateAI/src/utils/attachmentUtils.ts">
        <metrics statements="40" coveredstatements="40" conditionals="28" coveredconditionals="24" methods="2" coveredmethods="2"/>
        <line num="7" count="5" type="stmt"/>
        <line num="20" count="5" type="stmt"/>
        <line num="23" count="6" type="cond" truecount="2" falsecount="0"/>
        <line num="24" count="2" type="stmt"/>
        <line num="27" count="4" type="stmt"/>
        <line num="30" count="4" type="cond" truecount="1" falsecount="1"/>
        <line num="32" count="4" type="cond" truecount="2" falsecount="0"/>
        <line num="33" count="1" type="stmt"/>
        <line num="37" count="3" type="stmt"/>
        <line num="40" count="3" type="cond" truecount="2" falsecount="0"/>
        <line num="41" count="1" type="stmt"/>
        <line num="43" count="2" type="stmt"/>
        <line num="44" count="2" type="stmt"/>
        <line num="50" count="1" type="stmt"/>
        <line num="51" count="1" type="stmt"/>
        <line num="53" count="1" type="stmt"/>
        <line num="54" count="1" type="stmt"/>
        <line num="58" count="2" type="stmt"/>
        <line num="70" count="5" type="stmt"/>
        <line num="71" count="7" type="cond" truecount="2" falsecount="0"/>
        <line num="72" count="1" type="stmt"/>
        <line num="75" count="6" type="cond" truecount="2" falsecount="0"/>
        <line num="76" count="1" type="stmt"/>
        <line num="79" count="5" type="stmt"/>
        <line num="80" count="5" type="cond" truecount="1" falsecount="1"/>
        <line num="82" count="5" type="cond" truecount="2" falsecount="0"/>
        <line num="83" count="1" type="stmt"/>
        <line num="86" count="4" type="cond" truecount="2" falsecount="0"/>
        <line num="87" count="1" type="stmt"/>
        <line num="91" count="3" type="stmt"/>
        <line num="94" count="3" type="cond" truecount="2" falsecount="0"/>
        <line num="95" count="1" type="stmt"/>
        <line num="97" count="2" type="stmt"/>
        <line num="98" count="2" type="stmt"/>
        <line num="104" count="1" type="stmt"/>
        <line num="105" count="1" type="stmt"/>
        <line num="107" count="1" type="stmt"/>
        <line num="111" count="2" type="cond" truecount="2" falsecount="0"/>
        <line num="112" count="1" type="stmt"/>
        <line num="115" count="1" type="stmt"/>
      </file>
      <file name="clearStorage.ts" path="/Users/michaelspencer/Developer/DebateAI/src/utils/clearStorage.ts">
        <metrics statements="2" coveredstatements="0" conditionals="0" coveredconditionals="0" methods="1" coveredmethods="0"/>
        <line num="3" count="0" type="stmt"/>
        <line num="4" count="0" type="stmt"/>
      </file>
      <file name="demoGating.ts" path="/Users/michaelspencer/Developer/DebateAI/src/utils/demoGating.ts">
        <metrics statements="5" coveredstatements="5" conditionals="6" coveredconditionals="6" methods="2" coveredmethods="2"/>
        <line num="7" count="2" type="cond" truecount="2" falsecount="0"/>
        <line num="8" count="2" type="cond" truecount="2" falsecount="0"/>
        <line num="9" count="2" type="cond" truecount="2" falsecount="0"/>
        <line num="10" count="2" type="stmt"/>
        <line num="15" count="1" type="stmt"/>
      </file>
      <file name="documentProcessing.ts" path="/Users/michaelspencer/Developer/DebateAI/src/utils/documentProcessing.ts">
        <metrics statements="32" coveredstatements="32" conditionals="14" coveredconditionals="13" methods="9" coveredmethods="9"/>
        <line num="10" count="2" type="stmt"/>
        <line num="27" count="2" type="stmt"/>
        <line num="33" count="12" type="stmt"/>
        <line num="40" count="3" type="cond" truecount="2" falsecount="0"/>
        <line num="52" count="2" type="cond" truecount="2" falsecount="0"/>
        <line num="53" count="1" type="stmt"/>
        <line num="58" count="1" type="stmt"/>
        <line num="69" count="2" type="stmt"/>
        <line num="72" count="2" type="stmt"/>
        <line num="73" count="1" type="stmt"/>
        <line num="76" count="1" type="stmt"/>
        <line num="77" count="1" type="stmt"/>
        <line num="78" count="1" type="stmt"/>
        <line num="79" count="1" type="stmt"/>
        <line num="81" count="1" type="stmt"/>
        <line num="82" count="1" type="stmt"/>
        <line num="84" count="1" type="stmt"/>
        <line num="87" count="1" type="stmt"/>
        <line num="88" count="1" type="stmt"/>
        <line num="90" count="1" type="stmt"/>
        <line num="99" count="1" type="cond" truecount="1" falsecount="1"/>
        <line num="107" count="4" type="stmt"/>
        <line num="121" count="4" type="cond" truecount="2" falsecount="0"/>
        <line num="128" count="3" type="cond" truecount="2" falsecount="0"/>
        <line num="129" count="1" type="stmt"/>
        <line num="132" count="2" type="stmt"/>
        <line num="133" count="2" type="stmt"/>
        <line num="135" count="2" type="cond" truecount="2" falsecount="0"/>
        <line num="136" count="1" type="stmt"/>
        <line num="139" count="1" type="stmt"/>
        <line num="146" count="4" type="stmt"/>
        <line num="159" count="4" type="cond" truecount="2" falsecount="0"/>
      </file>
      <file name="expertMode.ts" path="/Users/michaelspencer/Developer/DebateAI/src/utils/expertMode.ts">
        <metrics statements="4" coveredstatements="4" conditionals="4" coveredconditionals="4" methods="1" coveredmethods="1"/>
        <line num="13" count="4" type="stmt"/>
        <line num="16" count="4" type="cond" truecount="4" falsecount="0"/>
        <line num="18" count="1" type="stmt"/>
        <line num="23" count="1" type="stmt"/>
      </file>
      <file name="imageProcessing.ts" path="/Users/michaelspencer/Developer/DebateAI/src/utils/imageProcessing.ts">
        <metrics statements="66" coveredstatements="66" conditionals="18" coveredconditionals="18" methods="12" coveredmethods="12"/>
        <line num="6" count="2" type="stmt"/>
        <line num="7" count="2" type="stmt"/>
        <line num="10" count="2" type="stmt"/>
        <line num="29" count="2" type="stmt"/>
        <line num="30" count="8" type="stmt"/>
        <line num="36" count="2" type="stmt"/>
        <line num="37" count="5" type="stmt"/>
        <line num="38" count="5" type="stmt"/>
        <line num="41" count="4" type="stmt"/>
        <line num="43" count="1" type="stmt"/>
        <line num="44" count="1" type="stmt"/>
        <line num="51" count="2" type="stmt"/>
        <line num="52" count="8" type="stmt"/>
        <line num="53" count="8" type="stmt"/>
        <line num="54" count="7" type="cond" truecount="2" falsecount="0"/>
        <line num="55" count="1" type="stmt"/>
        <line num="58" count="6" type="stmt"/>
        <line num="60" count="2" type="stmt"/>
        <line num="61" count="2" type="stmt"/>
        <line num="68" count="2" type="stmt"/>
        <line num="72" count="7" type="stmt"/>
        <line num="74" count="7" type="stmt"/>
        <line num="78" count="6" type="stmt"/>
        <line num="79" count="6" type="stmt"/>
        <line num="82" count="6" type="cond" truecount="2" falsecount="0"/>
        <line num="83" count="4" type="stmt"/>
        <line num="87" count="2" type="stmt"/>
        <line num="88" count="2" type="stmt"/>
        <line num="89" count="2" type="stmt"/>
        <line num="92" count="2" type="stmt"/>
        <line num="103" count="2" type="stmt"/>
        <line num="105" count="1" type="stmt"/>
        <line num="107" count="1" type="stmt"/>
        <line num="114" count="2" type="stmt"/>
        <line num="115" count="2" type="stmt"/>
        <line num="116" count="2" type="stmt"/>
        <line num="117" count="1" type="stmt"/>
        <line num="119" count="1" type="stmt"/>
        <line num="120" count="1" type="stmt"/>
        <line num="131" count="2" type="stmt"/>
        <line num="137" count="5" type="cond" truecount="2" falsecount="0"/>
        <line num="138" count="1" type="stmt"/>
        <line num="142" count="4" type="stmt"/>
        <line num="145" count="4" type="stmt"/>
        <line num="146" count="4" type="cond" truecount="2" falsecount="0"/>
        <line num="147" count="1" type="stmt"/>
        <line num="151" count="3" type="stmt"/>
        <line num="153" count="3" type="stmt"/>
        <line num="166" count="2" type="stmt"/>
        <line num="169" count="2" type="cond" truecount="2" falsecount="0"/>
        <line num="170" count="1" type="stmt"/>
        <line num="173" count="1" type="stmt"/>
        <line num="175" count="3" type="stmt"/>
        <line num="176" count="2" type="stmt"/>
        <line num="179" count="1" type="stmt"/>
        <line num="185" count="2" type="stmt"/>
        <line num="189" count="2" type="stmt"/>
        <line num="192" count="2" type="stmt"/>
        <line num="193" count="2" type="stmt"/>
        <line num="204" count="2" type="cond" truecount="2" falsecount="0"/>
        <line num="205" count="1" type="stmt"/>
        <line num="211" count="2" type="stmt"/>
        <line num="217" count="2" type="stmt"/>
        <line num="218" count="3" type="cond" truecount="2" falsecount="0"/>
        <line num="219" count="2" type="cond" truecount="2" falsecount="0"/>
        <line num="220" count="1" type="stmt"/>
      </file>
      <file name="markdown.ts" path="/Users/michaelspencer/Developer/DebateAI/src/utils/markdown.ts">
        <metrics statements="50" coveredstatements="50" conditionals="31" coveredconditionals="26" methods="6" coveredmethods="6"/>
        <line num="18" count="19" type="stmt"/>
        <line num="28" count="4" type="stmt"/>
        <line num="29" count="4" type="cond" truecount="2" falsecount="0"/>
        <line num="31" count="2" type="stmt"/>
        <line num="32" count="2" type="stmt"/>
        <line num="36" count="2" type="stmt"/>
        <line num="38" count="2" type="cond" truecount="2" falsecount="0"/>
        <line num="40" count="1" type="stmt"/>
        <line num="41" count="1" type="stmt"/>
        <line num="43" count="1" type="stmt"/>
        <line num="44" count="1" type="stmt"/>
        <line num="45" count="1" type="stmt"/>
        <line num="46" count="1" type="stmt"/>
        <line num="51" count="2" type="cond" truecount="2" falsecount="0"/>
        <line num="54" count="1" type="stmt"/>
        <line num="58" count="1" type="cond" truecount="3" falsecount="1"/>
        <line num="59" count="1" type="stmt"/>
        <line num="62" count="1" type="stmt"/>
        <line num="69" count="1" type="cond" truecount="2" falsecount="0"/>
        <line num="70" count="1" type="stmt"/>
        <line num="77" count="1" type="cond" truecount="1" falsecount="1"/>
        <line num="79" count="1" type="stmt"/>
        <line num="80" count="1" type="stmt"/>
        <line num="81" count="1" type="stmt"/>
        <line num="82" count="1" type="stmt"/>
        <line num="84" count="1" type="stmt"/>
        <line num="86" count="6" type="stmt"/>
        <line num="88" count="6" type="cond" truecount="5" falsecount="0"/>
        <line num="90" count="2" type="stmt"/>
        <line num="91" count="2" type="stmt"/>
        <line num="92" count="2" type="stmt"/>
        <line num="95" count="4" type="cond" truecount="2" falsecount="0"/>
        <line num="96" count="4" type="stmt"/>
        <line num="100" count="1" type="cond" truecount="1" falsecount="1"/>
        <line num="101" count="1" type="stmt"/>
        <line num="104" count="1" type="stmt"/>
        <line num="121" count="1" type="stmt"/>
        <line num="122" count="1" type="stmt"/>
        <line num="125" count="1" type="stmt"/>
        <line num="126" count="1" type="cond" truecount="1" falsecount="1"/>
        <line num="127" count="1" type="stmt"/>
        <line num="131" count="1" type="stmt"/>
        <line num="132" count="1" type="stmt"/>
        <line num="133" count="1" type="stmt"/>
        <line num="134" count="5" type="cond" truecount="2" falsecount="0"/>
        <line num="135" count="2" type="cond" truecount="2" falsecount="0"/>
        <line num="136" count="1" type="stmt"/>
        <line num="138" count="2" type="stmt"/>
        <line num="142" count="5" type="stmt"/>
        <line num="144" count="1" type="stmt"/>
      </file>
      <file name="markdownSelectable.tsx" path="/Users/michaelspencer/Developer/DebateAI/src/utils/markdownSelectable.tsx">
        <metrics statements="24" coveredstatements="1" conditionals="18" coveredconditionals="0" methods="15" coveredmethods="0"/>
        <line num="22" count="19" type="stmt"/>
        <line num="24" count="0" type="stmt"/>
        <line num="29" count="0" type="stmt"/>
        <line num="34" count="0" type="stmt"/>
        <line num="39" count="0" type="stmt"/>
        <line num="44" count="0" type="stmt"/>
        <line num="49" count="0" type="stmt"/>
        <line num="54" count="0" type="stmt"/>
        <line num="59" count="0" type="stmt"/>
        <line num="64" count="0" type="stmt"/>
        <line num="65" count="0" type="cond" truecount="0" falsecount="4"/>
        <line num="66" count="0" type="stmt"/>
        <line num="73" count="0" type="stmt"/>
        <line num="74" count="0" type="cond" truecount="0" falsecount="4"/>
        <line num="75" count="0" type="stmt"/>
        <line num="82" count="0" type="stmt"/>
        <line num="87" count="0" type="stmt"/>
        <line num="92" count="0" type="stmt"/>
        <line num="97" count="0" type="stmt"/>
        <line num="98" count="0" type="cond" truecount="0" falsecount="2"/>
        <line num="99" count="0" type="cond" truecount="0" falsecount="2"/>
        <line num="100" count="0" type="stmt"/>
        <line num="101" count="0" type="cond" truecount="0" falsecount="2"/>
        <line num="103" count="0" type="stmt"/>
      </file>
      <file name="responseProcessor.ts" path="/Users/michaelspencer/Developer/DebateAI/src/utils/responseProcessor.ts">
        <metrics statements="25" coveredstatements="9" conditionals="26" coveredconditionals="5" methods="9" coveredmethods="2"/>
        <line num="24" count="1" type="stmt"/>
        <line num="27" count="1" type="cond" truecount="1" falsecount="2"/>
        <line num="29" count="1" type="cond" truecount="1" falsecount="1"/>
        <line num="31" count="1" type="stmt"/>
        <line num="33" count="1" type="cond" truecount="1" falsecount="1"/>
        <line num="35" count="1" type="stmt"/>
        <line num="36" count="1" type="stmt"/>
        <line num="37" count="1" type="stmt"/>
        <line num="46" count="0" type="stmt"/>
        <line num="47" count="0" type="cond" truecount="0" falsecount="2"/>
        <line num="48" count="0" type="stmt"/>
        <line num="49" count="0" type="cond" truecount="0" falsecount="2"/>
        <line num="50" count="0" type="cond" truecount="0" falsecount="4"/>
        <line num="51" count="0" type="stmt"/>
        <line num="61" count="1" type="stmt"/>
        <line num="72" count="0" type="stmt"/>
        <line num="80" count="0" type="stmt"/>
        <line num="88" count="0" type="stmt"/>
        <line num="96" count="0" type="stmt"/>
        <line num="107" count="0" type="cond" truecount="0" falsecount="7"/>
        <line num="109" count="0" type="stmt"/>
        <line num="116" count="0" type="stmt"/>
        <line num="120" count="0" type="stmt"/>
        <line num="124" count="0" type="stmt"/>
        <line num="127" count="0" type="stmt"/>
      </file>
      <file name="typeGuards.ts" path="/Users/michaelspencer/Developer/DebateAI/src/utils/typeGuards.ts">
        <metrics statements="13" coveredstatements="11" conditionals="4" coveredconditionals="4" methods="5" coveredmethods="3"/>
        <line num="8" count="4" type="stmt"/>
        <line num="24" count="4" type="stmt"/>
        <line num="25" count="19" type="stmt"/>
        <line num="31" count="4" type="stmt"/>
        <line num="32" count="19" type="cond" truecount="2" falsecount="0"/>
        <line num="38" count="4" type="stmt"/>
        <line num="39" count="0" type="stmt"/>
        <line num="40" count="0" type="stmt"/>
        <line num="46" count="4" type="stmt"/>
        <line num="47" count="18" type="stmt"/>
        <line num="48" count="18" type="cond" truecount="2" falsecount="0"/>
        <line num="49" count="3" type="stmt"/>
        <line num="51" count="15" type="stmt"/>
      </file>
    </package>
    <package name="utils.home">
      <metrics statements="30" coveredstatements="27" conditionals="12" coveredconditionals="8" methods="7" coveredmethods="7"/>
      <file name="greetingGenerator.ts" path="/Users/michaelspencer/Developer/DebateAI/src/utils/home/greetingGenerator.ts">
        <metrics statements="11" coveredstatements="8" conditionals="6" coveredconditionals="3" methods="3" coveredmethods="3"/>
        <line num="9" count="1" type="stmt"/>
        <line num="10" count="6" type="cond" truecount="2" falsecount="0"/>
        <line num="12" count="6" type="cond" truecount="1" falsecount="1"/>
        <line num="13" count="6" type="stmt"/>
        <line num="16" count="0" type="cond" truecount="0" falsecount="2"/>
        <line num="17" count="0" type="stmt"/>
        <line num="20" count="0" type="stmt"/>
        <line num="30" count="1" type="stmt"/>
        <line num="33" count="6" type="stmt"/>
        <line num="43" count="1" type="stmt"/>
        <line num="44" count="6" type="stmt"/>
      </file>
      <file name="sessionIdGenerator.ts" path="/Users/michaelspencer/Developer/DebateAI/src/utils/home/sessionIdGenerator.ts">
        <metrics statements="19" coveredstatements="19" conditionals="6" coveredconditionals="5" methods="4" coveredmethods="4"/>
        <line num="8" count="1" type="stmt"/>
        <line num="9" count="1" type="stmt"/>
        <line num="10" count="1" type="stmt"/>
        <line num="14" count="1" type="stmt"/>
        <line num="23" count="1" type="stmt"/>
        <line num="24" count="1" type="stmt"/>
        <line num="33" count="1" type="stmt"/>
        <line num="35" count="6" type="stmt"/>
        <line num="36" count="6" type="cond" truecount="2" falsecount="0"/>
        <line num="37" count="2" type="stmt"/>
        <line num="41" count="4" type="stmt"/>
        <line num="42" count="4" type="stmt"/>
        <line num="51" count="1" type="stmt"/>
        <line num="52" count="3" type="cond" truecount="2" falsecount="0"/>
        <line num="53" count="1" type="stmt"/>
        <line num="56" count="2" type="stmt"/>
        <line num="57" count="2" type="stmt"/>
        <line num="58" count="2" type="stmt"/>
        <line num="60" count="2" type="cond" truecount="1" falsecount="1"/>
      </file>
    </package>
  </project>
</coverage>
