TN:
SF:src/assets/demo/recordingsManifest.ts
FN:260,(anonymous_0)
FN:262,getRecordingsByProviders
FN:267,(anonymous_2)
FN:270,comboKey
FN:272,(anonymous_4)
FN:272,(anonymous_5)
FN:273,(anonymous_6)
FNF:7
FNH:1
FNDA:174,(anonymous_0)
FNDA:0,getRecordingsByProviders
FNDA:0,(anonymous_2)
FNDA:0,comboKey
FNDA:0,(anonymous_4)
FNDA:0,(anonymous_5)
FNDA:0,(anonymous_6)
DA:45,6
DA:260,174
DA:266,0
DA:267,0
DA:271,0
DA:272,0
DA:273,0
DA:274,0
LF:8
LH:2
BRDA:267,0,0,0
BRDA:267,0,1,0
BRF:2
BRH:0
end_of_record
TN:
SF:src/components/atoms/feedback/TypingDots.tsx
FN:19,(anonymous_0)
FN:25,(anonymous_1)
FN:58,(anonymous_2)
FN:62,(anonymous_3)
FN:66,(anonymous_4)
FNF:5
FNH:5
FNDA:6,(anonymous_0)
FNDA:6,(anonymous_1)
FNDA:6,(anonymous_2)
FNDA:6,(anonymous_3)
FNDA:6,(anonymous_4)
DA:19,71
DA:20,6
DA:21,6
DA:22,6
DA:23,6
DA:25,6
DA:26,6
DA:34,6
DA:45,6
DA:58,6
DA:62,6
DA:66,6
DA:70,6
DA:78,6
LF:14
LH:14
BRF:0
BRH:0
end_of_record
TN:
SF:src/components/atoms/icons/IconStopOctagon.tsx
FN:12,(anonymous_0)
FNF:1
FNH:1
FNDA:12,(anonymous_0)
DA:12,70
DA:18,12
LF:2
LH:2
BRDA:13,0,0,10
BRDA:14,1,0,10
BRDA:15,2,0,10
BRDA:16,3,0,10
BRF:4
BRH:4
end_of_record
TN:
SF:src/components/atoms/layout/Box.tsx
FN:54,(anonymous_0)
FNF:1
FNH:1
FNDA:1604,(anonymous_0)
DA:54,71
DA:106,1604
DA:150,1604
LF:3
LH:3
BRDA:108,0,0,1604
BRDA:108,0,1,1
BRDA:109,1,0,1604
BRDA:109,1,1,1
BRDA:110,2,0,1604
BRDA:110,2,1,1
BRDA:111,3,0,1604
BRDA:111,3,1,1
BRDA:112,4,0,1604
BRDA:112,4,1,1
BRDA:114,5,0,1604
BRDA:114,5,1,2
BRDA:115,6,0,1604
BRDA:115,6,1,1
BRDA:116,7,0,1604
BRDA:116,7,1,1
BRDA:117,8,0,1604
BRDA:117,8,1,1
BRDA:118,9,0,1604
BRDA:118,9,1,1
BRDA:119,10,0,1604
BRDA:119,10,1,1
BRDA:120,11,0,1604
BRDA:120,11,1,1
BRDA:121,12,0,1604
BRDA:121,12,1,1
BRDA:122,13,0,1604
BRDA:122,13,1,1
BRDA:123,14,0,1604
BRDA:123,14,1,1
BRDA:124,15,0,1604
BRDA:124,15,1,1
BRDA:125,16,0,1604
BRDA:125,16,1,1
BRDA:126,17,0,1604
BRDA:126,17,1,1
BRDA:127,18,0,1604
BRDA:127,18,1,1
BRDA:129,19,0,1604
BRDA:129,19,1,6
BRDA:130,20,0,1604
BRDA:130,20,1,1
BRDA:131,21,0,1604
BRDA:131,21,1,1
BRDA:132,22,0,1604
BRDA:132,22,1,1
BRDA:133,23,0,1604
BRDA:133,23,1,1
BRDA:135,24,0,1604
BRDA:135,24,1,2
BRDA:136,25,0,1604
BRDA:136,25,1,2
BRDA:137,26,0,1604
BRDA:137,26,1,1
BRDA:138,27,0,1604
BRDA:138,27,1,1
BRDA:139,28,0,1604
BRDA:139,28,1,1
BRDA:140,29,0,1604
BRDA:140,29,1,1
BRDA:142,30,0,1604
BRDA:142,30,1,1
BRDA:143,31,0,1604
BRDA:143,31,1,1
BRDA:144,32,0,1604
BRDA:144,32,1,1
BRDA:145,33,0,1604
BRDA:145,33,1,1
BRDA:146,34,0,1604
BRDA:146,34,1,1
BRDA:147,35,0,1604
BRDA:147,35,1,1
BRF:72
BRH:72
end_of_record
TN:
SF:src/components/molecules/api-config/APIKeyInput.tsx
FN:20,(anonymous_0)
FN:34,(anonymous_1)
FN:40,(anonymous_2)
FNF:3
FNH:3
FNDA:12,(anonymous_0)
FNDA:12,(anonymous_1)
FNDA:12,(anonymous_2)
DA:20,18
DA:32,12
DA:34,12
DA:35,12
DA:36,11
DA:37,9
DA:40,12
DA:41,12
DA:42,10
DA:45,12
DA:101,18
LF:11
LH:11
BRDA:26,0,0,11
BRDA:27,1,0,10
BRDA:30,2,0,11
BRDA:35,3,0,1
BRDA:35,3,1,11
BRDA:36,4,0,2
BRDA:36,4,1,9
BRDA:41,5,0,2
BRDA:41,5,1,10
BRDA:63,6,0,12
BRDA:63,6,1,10
BRDA:85,7,0,2
BRDA:85,7,1,10
BRDA:86,8,0,2
BRDA:86,8,1,10
BRDA:94,9,0,2
BRDA:94,9,1,10
BRF:17
BRH:17
end_of_record
TN:
SF:src/components/molecules/api-config/ClearKeysButton.tsx
FN:21,(anonymous_0)
FN:35,(anonymous_1)
FN:45,(anonymous_2)
FN:52,(anonymous_3)
FNF:4
FNH:2
FNDA:11,(anonymous_0)
FNDA:3,(anonymous_1)
FNDA:0,(anonymous_2)
FNDA:0,(anonymous_3)
DA:21,18
DA:33,11
DA:35,11
DA:36,3
DA:38,3
DA:46,0
DA:53,0
DA:54,0
DA:55,0
DA:56,0
DA:58,0
DA:59,0
DA:70,11
DA:71,1
DA:74,10
DA:127,18
LF:16
LH:9
BRDA:24,0,0,10
BRDA:25,1,0,10
BRDA:26,2,0,10
BRDA:27,3,0,10
BRDA:28,4,0,10
BRDA:29,5,0,10
BRDA:61,6,0,0
BRDA:61,6,1,0
BRDA:70,7,0,1
BRDA:70,7,1,10
BRDA:80,8,0,0
BRDA:80,8,1,10
BRDA:89,9,0,10
BRDA:89,9,1,1
BRDA:95,10,0,10
BRDA:95,10,1,10
BRDA:105,11,0,0
BRDA:105,11,1,10
BRDA:110,12,0,10
BRDA:110,12,1,10
BRDA:115,13,0,0
BRDA:115,13,1,10
BRF:22
BRH:17
end_of_record
TN:
SF:src/components/molecules/api-config/ConnectionStatus.tsx
FN:16,(anonymous_0)
FN:26,(anonymous_1)
FN:53,(anonymous_2)
FN:67,(anonymous_3)
FN:83,(anonymous_4)
FNF:5
FNH:5
FNDA:13,(anonymous_0)
FNDA:12,(anonymous_1)
FNDA:12,(anonymous_2)
FNDA:12,(anonymous_3)
FNDA:2,(anonymous_4)
DA:16,18
DA:24,13
DA:26,13
DA:27,12
DA:29,3
DA:36,6
DA:42,3
DA:49,0
DA:53,13
DA:54,12
DA:56,3
DA:58,6
DA:60,3
DA:63,0
DA:67,13
DA:68,12
DA:70,11
DA:72,3
DA:74,5
DA:76,3
DA:79,0
DA:83,13
DA:84,2
DA:87,13
DA:88,1
DA:91,12
DA:135,18
LF:27
LH:24
BRDA:27,0,0,3
BRDA:27,0,1,6
BRDA:27,0,2,3
BRDA:27,0,3,0
BRDA:27,0,4,0
BRDA:54,1,0,3
BRDA:54,1,1,6
BRDA:54,1,2,3
BRDA:54,1,3,0
BRDA:54,1,4,0
BRDA:68,2,0,1
BRDA:68,2,1,11
BRDA:70,3,0,3
BRDA:70,3,1,5
BRDA:70,3,2,3
BRDA:70,3,3,0
BRDA:70,3,4,0
BRDA:84,4,0,1
BRDA:84,4,1,1
BRDA:87,5,0,1
BRDA:87,5,1,12
BRDA:110,6,0,12
BRDA:110,6,1,6
BRDA:110,6,2,1
BRDA:120,7,0,12
BRDA:120,7,1,6
BRDA:120,7,2,2
BRF:27
BRH:21
end_of_record
TN:
SF:src/components/molecules/api-config/ProgressBar.tsx
FN:17,(anonymous_0)
FNF:1
FNH:1
FNDA:11,(anonymous_0)
DA:17,18
DA:26,11
DA:28,11
DA:29,11
DA:32,11
DA:34,11
DA:64,18
LF:7
LH:7
BRDA:20,0,0,10
BRDA:22,1,0,10
BRDA:28,2,0,11
BRDA:28,2,1,9
BRDA:29,3,0,11
BRDA:29,3,1,10
BRF:6
BRH:6
end_of_record
TN:
SF:src/components/molecules/api-config/ProviderFeatures.tsx
FN:14,(anonymous_0)
FN:38,(anonymous_1)
FNF:2
FNH:2
FNDA:10,(anonymous_0)
FNDA:14,(anonymous_1)
DA:14,18
DA:22,10
DA:23,3
DA:26,7
DA:27,7
DA:29,7
DA:39,14
DA:57,18
LF:8
LH:8
BRDA:16,0,0,6
BRDA:17,1,0,9
BRDA:22,2,0,3
BRDA:22,2,1,7
BRDA:22,3,0,10
BRDA:22,3,1,8
BRDA:46,4,0,7
BRDA:46,4,1,2
BRF:8
BRH:8
end_of_record
TN:
SF:src/components/molecules/auth/EmailAuthForm.tsx
FN:14,(anonymous_0)
FN:26,(anonymous_1)
FN:57,(anonymous_2)
FN:113,(anonymous_3)
FNF:4
FNH:3
FNDA:31,(anonymous_0)
FNDA:6,(anonymous_1)
FNDA:6,(anonymous_2)
FNDA:0,(anonymous_3)
DA:14,2
DA:19,31
DA:20,31
DA:21,31
DA:22,31
DA:23,31
DA:24,31
DA:26,31
DA:27,6
DA:30,6
DA:31,6
DA:32,1
DA:33,5
DA:34,1
DA:38,6
DA:39,1
DA:40,5
DA:41,1
DA:45,6
DA:46,2
DA:47,0
DA:48,2
DA:49,1
DA:53,6
DA:54,6
DA:57,31
DA:58,6
DA:59,2
DA:63,31
DA:113,0
DA:170,2
LF:31
LH:29
BRDA:17,0,0,29
BRDA:31,1,0,1
BRDA:31,1,1,5
BRDA:33,2,0,1
BRDA:33,2,1,4
BRDA:38,3,0,1
BRDA:38,3,1,5
BRDA:40,4,0,1
BRDA:40,4,1,4
BRDA:45,5,0,2
BRDA:45,5,1,4
BRDA:46,6,0,0
BRDA:46,6,1,2
BRDA:48,7,0,1
BRDA:48,7,1,1
BRDA:58,8,0,2
BRDA:58,8,1,4
BRDA:70,9,0,2
BRDA:70,9,1,29
BRDA:86,10,0,31
BRDA:86,10,1,2
BRDA:98,11,0,2
BRDA:98,11,1,29
BRDA:115,12,0,0
BRDA:115,12,1,31
BRDA:121,13,0,31
BRDA:121,13,1,2
BRDA:128,14,0,31
BRDA:128,14,1,12
BRDA:134,15,0,1
BRDA:134,15,1,11
BRDA:150,16,0,12
BRDA:150,16,1,1
BRDA:159,17,0,12
BRDA:159,17,1,19
BRF:35
BRH:33
end_of_record
TN:
SF:src/components/molecules/chat/GPT5LatencyWarning.tsx
FN:17,(anonymous_0)
FN:26,(anonymous_1)
FN:30,(anonymous_2)
FN:43,(anonymous_3)
FN:48,(anonymous_4)
FNF:5
FNH:5
FNDA:14,(anonymous_0)
FNDA:6,(anonymous_1)
FNDA:6,(anonymous_2)
FNDA:1,(anonymous_3)
FNDA:1,(anonymous_4)
DA:15,1
DA:17,1
DA:22,14
DA:23,14
DA:24,14
DA:26,14
DA:27,6
DA:30,14
DA:31,6
DA:32,6
DA:33,6
DA:34,1
DA:36,5
DA:39,0
DA:43,14
DA:44,1
DA:45,1
DA:48,14
DA:49,1
DA:50,1
DA:51,1
DA:52,1
DA:53,1
DA:55,0
DA:56,0
DA:60,14
DA:61,9
DA:64,5
DA:66,5
DA:140,1
LF:30
LH:27
BRDA:19,0,0,10
BRDA:33,1,0,1
BRDA:33,1,1,5
BRDA:60,2,0,9
BRDA:60,2,1,5
BRDA:60,3,0,14
BRDA:60,3,1,5
BRDA:93,4,0,5
BRDA:93,4,1,2
BRF:9
BRH:9
end_of_record
TN:
SF:src/components/molecules/chat/MultimodalOptionsRow.tsx
FN:24,(anonymous_0)
FN:30,(anonymous_1)
FN:41,(anonymous_2)
FN:44,(anonymous_3)
FNF:4
FNH:4
FNDA:2,(anonymous_0)
FNDA:2,(anonymous_1)
FNDA:8,(anonymous_2)
FNDA:1,(anonymous_3)
DA:24,1
DA:25,2
DA:26,2
DA:27,2
DA:28,2
DA:30,2
DA:38,2
DA:42,8
DA:45,1
DA:46,1
DA:47,1
DA:48,0
DA:49,0
DA:81,1
LF:14
LH:12
BRDA:39,0,0,0
BRDA:39,0,1,2
BRDA:40,1,0,0
BRDA:40,1,1,2
BRDA:45,2,0,1
BRDA:45,2,1,0
BRDA:48,3,0,0
BRDA:48,3,1,0
BRDA:52,4,0,6
BRDA:52,4,1,2
BRDA:53,5,0,6
BRDA:53,5,1,2
BRDA:54,6,0,6
BRDA:54,6,1,2
BRDA:57,7,0,0
BRDA:57,7,1,8
BRDA:57,8,0,6
BRDA:57,8,1,2
BRDA:59,9,0,8
BRDA:59,9,1,8
BRDA:60,10,0,6
BRDA:60,10,1,2
BRDA:64,11,0,8
BRDA:64,11,1,8
BRDA:64,11,2,8
BRDA:64,11,3,2
BRDA:64,11,4,0
BRDA:66,12,0,0
BRDA:66,12,1,0
BRDA:75,13,0,0
BRDA:75,13,1,2
BRF:31
BRH:21
end_of_record
TN:
SF:src/components/molecules/common/Badge.tsx
FN:10,(anonymous_0)
FN:16,(anonymous_1)
FNF:2
FNH:2
FNDA:7,(anonymous_0)
FNDA:7,(anonymous_1)
DA:10,18
DA:14,7
DA:16,7
DA:17,7
DA:19,1
DA:24,1
DA:29,1
DA:34,4
DA:41,7
DA:43,7
LF:10
LH:10
BRDA:12,0,0,3
BRDA:17,1,0,1
BRDA:17,1,1,1
BRDA:17,1,2,1
BRDA:17,1,3,4
BRF:5
BRH:5
end_of_record
TN:
SF:src/components/molecules/common/Button.tsx
FN:23,(anonymous_0)
FN:39,(anonymous_1)
FN:64,(anonymous_2)
FNF:3
FNH:3
FNDA:51,(anonymous_0)
FNDA:51,(anonymous_1)
FNDA:51,(anonymous_2)
DA:23,21
DA:37,51
DA:39,51
DA:40,51
DA:42,19
DA:49,0
DA:56,32
DA:64,51
DA:65,51
DA:67,38
DA:73,7
DA:79,0
DA:85,6
DA:91,0
DA:97,0
DA:105,51
DA:106,51
DA:108,51
DA:158,21
LF:19
LH:15
BRDA:26,0,0,0
BRDA:27,1,0,32
BRDA:28,2,0,51
BRDA:29,3,0,20
BRDA:30,4,0,20
BRDA:34,5,0,51
BRDA:35,6,0,51
BRDA:40,7,0,19
BRDA:40,7,1,0
BRDA:40,7,2,32
BRDA:40,7,3,32
BRDA:65,8,0,38
BRDA:65,8,1,7
BRDA:65,8,2,0
BRDA:65,8,3,6
BRDA:65,8,4,0
BRDA:65,8,5,0
BRDA:80,9,0,0
BRDA:80,9,1,0
BRDA:82,10,0,0
BRDA:82,10,1,0
BRDA:105,11,0,13
BRDA:105,11,1,38
BRDA:105,12,0,51
BRDA:105,12,1,45
BRDA:105,12,2,38
BRDA:106,13,0,19
BRDA:106,13,1,32
BRDA:106,14,0,0
BRDA:106,14,1,32
BRDA:111,15,0,51
BRDA:111,15,1,51
BRDA:116,16,0,51
BRDA:116,16,1,31
BRDA:117,17,0,51
BRDA:117,17,1,51
BRDA:117,17,2,2
BRDA:118,18,0,51
BRDA:118,18,1,0
BRDA:121,19,0,51
BRDA:121,19,1,51
BRDA:124,20,0,51
BRDA:124,20,1,51
BRDA:126,21,0,0
BRDA:126,21,1,51
BRDA:127,22,0,2
BRDA:127,22,1,49
BRDA:130,23,0,0
BRDA:130,23,1,2
BRDA:142,24,0,49
BRDA:142,24,1,0
BRDA:142,24,2,0
BRDA:144,25,0,0
BRDA:144,25,1,0
BRDA:145,26,0,0
BRDA:145,26,1,0
BRF:56
BRH:37
end_of_record
TN:
SF:src/components/molecules/common/Card.tsx
FN:14,(anonymous_0)
FN:23,(anonymous_1)
FN:37,(anonymous_2)
FNF:3
FNH:3
FNDA:5,(anonymous_0)
FNDA:5,(anonymous_1)
FNDA:5,(anonymous_2)
DA:14,18
DA:21,5
DA:23,5
DA:24,5
DA:26,0
DA:28,0
DA:30,0
DA:33,5
DA:37,5
DA:38,5
DA:40,5
DA:42,0
DA:44,0
DA:47,0
DA:51,5
DA:62,5
DA:81,18
LF:17
LH:11
BRDA:16,0,0,0
BRDA:17,1,0,5
BRDA:18,2,0,5
BRDA:24,3,0,0
BRDA:24,3,1,0
BRDA:24,3,2,0
BRDA:24,3,3,5
BRDA:24,3,4,5
BRDA:38,4,0,5
BRDA:38,4,1,0
BRDA:38,4,2,0
BRDA:38,4,3,0
BRDA:38,4,4,0
BRDA:51,5,0,5
BRDA:51,5,1,0
BRDA:52,6,0,0
BRDA:52,6,1,5
BRDA:57,7,0,0
BRDA:57,7,1,5
BRF:19
BRH:8
end_of_record
TN:
SF:src/components/molecules/common/GlassCard.tsx
FN:15,(anonymous_0)
FNF:1
FNH:1
FNDA:8,(anonymous_0)
DA:15,18
DA:22,8
DA:24,8
DA:31,8
DA:39,8
DA:44,8
DA:55,8
DA:56,2
DA:67,6
LF:9
LH:9
BRDA:18,0,0,7
BRDA:19,1,0,4
BRDA:34,2,0,0
BRDA:34,2,1,8
BRDA:46,3,0,0
BRDA:46,3,1,8
BRDA:47,4,0,0
BRDA:47,4,1,8
BRDA:55,5,0,2
BRDA:55,5,1,6
BRF:10
BRH:7
end_of_record
TN:
SF:src/components/molecules/common/GradientButton.tsx
FN:18,(anonymous_0)
FN:34,(anonymous_1)
FN:48,(anonymous_2)
FNF:3
FNH:3
FNDA:20,(anonymous_0)
FNDA:20,(anonymous_1)
FNDA:20,(anonymous_2)
DA:18,19
DA:31,20
DA:34,20
DA:35,20
DA:37,11
DA:43,11
DA:46,20
DA:48,20
DA:49,20
DA:51,1
DA:57,1
DA:64,18
DA:72,20
DA:73,20
DA:75,20
DA:112,19
LF:16
LH:16
BRDA:21,0,0,17
BRDA:22,1,0,14
BRDA:23,2,0,14
BRDA:25,3,0,19
BRDA:26,4,0,14
BRDA:35,5,0,9
BRDA:35,5,1,11
BRDA:49,6,0,1
BRDA:49,6,1,1
BRDA:49,6,2,18
BRDA:49,6,3,18
BRDA:73,7,0,1
BRDA:73,7,1,19
BRDA:73,8,0,1
BRDA:73,8,1,18
BRDA:77,9,0,20
BRDA:77,9,1,17
BRDA:80,10,0,20
BRDA:80,10,1,6
BRDA:81,11,0,20
BRDA:81,11,1,17
BRDA:81,11,2,4
BRDA:95,12,0,1
BRDA:95,12,1,19
BRF:24
BRH:24
end_of_record
TN:
SF:src/components/molecules/common/IconButton.tsx
FN:14,(anonymous_0)
FN:23,(anonymous_1)
FNF:2
FNH:2
FNDA:7,(anonymous_0)
FNDA:1,(anonymous_1)
DA:14,18
DA:21,7
DA:23,7
DA:24,1
DA:25,1
DA:26,1
DA:31,7
DA:33,7
LF:8
LH:8
BRDA:18,0,0,6
BRDA:19,1,0,6
BRDA:24,2,0,1
BRDA:24,2,1,0
BRDA:31,3,0,7
BRDA:31,3,1,2
BRDA:31,4,0,1
BRDA:31,4,1,1
BRDA:41,5,0,1
BRDA:41,5,1,6
BRDA:49,6,0,1
BRDA:49,6,1,6
BRF:12
BRH:11
end_of_record
TN:
SF:src/components/molecules/common/InputField.tsx
FN:15,(anonymous_0)
FNF:1
FNH:1
FNDA:22,(anonymous_0)
DA:15,18
DA:23,22
DA:25,22
DA:74,18
LF:4
LH:4
BRDA:27,0,0,22
BRDA:27,0,1,1
BRDA:42,1,0,2
BRDA:42,1,1,20
BRDA:51,2,0,22
BRDA:51,2,1,2
BRDA:61,3,0,22
BRDA:61,3,1,2
BRDA:61,3,2,1
BRF:9
BRH:9
end_of_record
TN:
SF:src/components/molecules/common/LazyMarkdownRenderer.tsx
FN:41,(anonymous_0)
FN:50,(anonymous_1)
FN:53,(anonymous_2)
FN:54,(anonymous_3)
FN:57,(anonymous_4)
FN:62,(anonymous_5)
FN:69,(anonymous_6)
FN:104,(anonymous_7)
FNF:8
FNH:7
FNDA:7,(anonymous_0)
FNDA:6,(anonymous_1)
FNDA:1,(anonymous_2)
FNDA:1,(anonymous_3)
FNDA:6,(anonymous_4)
FNDA:0,(anonymous_5)
FNDA:8,(anonymous_6)
FNDA:4,(anonymous_7)
DA:41,20
DA:49,7
DA:50,7
DA:51,7
DA:53,7
DA:54,1
DA:57,7
DA:59,6
DA:62,7
DA:64,0
DA:67,7
DA:70,8
DA:104,20
LF:13
LH:12
BRDA:46,0,0,2
BRDA:47,1,0,6
BRDA:73,2,0,8
BRDA:73,2,1,7
BRDA:79,3,0,7
BRDA:79,3,1,4
BRDA:144,4,0,1
BRDA:144,4,1,3
BRDA:153,5,0,1
BRDA:153,5,1,3
BRDA:168,6,0,1
BRDA:168,6,1,3
BRF:12
BRH:12
end_of_record
TN:
SF:src/components/molecules/common/ParameterLabel.tsx
FN:12,(anonymous_0)
FN:19,(anonymous_1)
FNF:2
FNH:2
FNDA:6,(anonymous_0)
FNDA:6,(anonymous_1)
DA:12,18
DA:17,6
DA:19,6
DA:20,6
DA:24,6
LF:5
LH:5
BRDA:39,0,0,6
BRDA:39,0,1,1
BRF:2
BRH:2
end_of_record
TN:
SF:src/components/molecules/common/SearchHighlight.tsx
FN:10,(anonymous_0)
FN:24,(anonymous_1)
FNF:2
FNH:2
FNDA:5,(anonymous_0)
FNDA:13,(anonymous_1)
DA:10,18
DA:14,5
DA:16,5
DA:17,2
DA:20,3
DA:22,3
DA:25,13
DA:26,5
DA:38,8
LF:9
LH:9
BRDA:16,0,0,2
BRDA:16,0,1,3
BRDA:25,1,0,5
BRDA:25,1,1,8
BRF:4
BRH:4
end_of_record
TN:
SF:src/components/molecules/common/SectionHeader.tsx
FN:16,(anonymous_0)
FNF:1
FNH:1
FNDA:7,(anonymous_0)
DA:16,18
DA:24,7
DA:26,7
LF:3
LH:3
BRDA:37,0,0,7
BRDA:37,0,1,1
BRDA:46,1,0,7
BRDA:46,1,1,3
BRDA:46,1,2,2
BRDA:54,2,0,7
BRDA:54,2,1,1
BRF:7
BRH:7
end_of_record
TN:
SF:src/components/molecules/common/SegmentedControl.tsx
FN:18,SegmentedControl
FN:24,(anonymous_1)
FN:29,(anonymous_2)
FNF:3
FNH:3
FNDA:6,SegmentedControl
FNDA:17,(anonymous_1)
FNDA:3,(anonymous_2)
DA:19,6
DA:20,6
DA:22,6
DA:25,17
DA:26,17
DA:29,3
LF:6
LH:6
BRDA:31,0,0,3
BRDA:31,0,1,14
BRDA:34,1,0,6
BRDA:34,1,1,11
BRDA:35,2,0,11
BRDA:35,2,1,6
BRDA:42,3,0,6
BRDA:42,3,1,11
BRDA:42,4,0,6
BRDA:42,4,1,11
BRF:10
BRH:10
end_of_record
TN:
SF:src/components/molecules/common/SelectionIndicator.tsx
FN:14,(anonymous_0)
FNF:1
FNH:1
FNDA:4,(anonymous_0)
DA:14,18
DA:18,4
DA:20,4
DA:22,3
LF:4
LH:4
BRDA:20,0,0,1
BRDA:20,0,1,3
BRDA:33,1,0,3
BRDA:33,1,1,2
BRF:4
BRH:4
end_of_record
TN:
SF:src/components/molecules/common/StorageIndicator.tsx
FN:19,(anonymous_0)
FN:23,(anonymous_1)
FN:24,(anonymous_2)
FN:46,(anonymous_3)
FNF:4
FNH:4
FNDA:9,(anonymous_0)
FNDA:15,(anonymous_1)
FNDA:15,(anonymous_2)
FNDA:15,(anonymous_3)
DA:19,18
DA:20,9
DA:23,15
DA:24,15
DA:25,9
DA:27,9
DA:47,15
DA:48,15
DA:50,15
DA:96,18
LF:10
LH:10
BRDA:25,0,0,9
BRDA:25,0,1,0
BRDA:34,1,0,9
BRDA:34,1,1,1
BRDA:47,2,0,15
BRDA:47,2,1,0
BRDA:61,3,0,2
BRDA:61,3,1,13
BRDA:70,4,0,2
BRDA:70,4,1,13
BRDA:81,5,0,9
BRDA:81,5,1,2
BRF:12
BRH:10
end_of_record
TN:
SF:src/components/molecules/common/Typography.tsx
FN:17,(anonymous_0)
FNF:1
FNH:1
FNDA:524,(anonymous_0)
DA:17,58
DA:27,524
DA:30,524
DA:41,524
DA:52,524
DA:59,524
LF:6
LH:6
BRDA:18,0,0,34
BRDA:19,1,0,318
BRDA:20,2,0,230
BRDA:21,3,0,443
BRF:4
BRH:4
end_of_record
TN:
SF:src/components/molecules/debate/AIDebaterCard.tsx
FN:26,(anonymous_0)
FN:115,(anonymous_1)
FN:194,(anonymous_2)
FNF:3
FNH:1
FNDA:1,(anonymous_0)
FNDA:0,(anonymous_1)
FNDA:0,(anonymous_2)
DA:26,18
DA:36,1
DA:38,1
DA:39,1
DA:41,1
DA:116,0
LF:6
LH:5
BRDA:31,0,0,1
BRDA:32,1,0,1
BRDA:33,2,0,1
BRDA:34,3,0,1
BRDA:38,4,0,1
BRDA:38,4,1,1
BRDA:39,5,0,1
BRDA:39,5,1,1
BRDA:47,6,0,0
BRDA:47,6,1,1
BRDA:54,7,0,0
BRDA:54,7,1,1
BRDA:57,8,0,0
BRDA:57,8,1,1
BRDA:60,9,0,0
BRDA:60,9,1,1
BRDA:62,10,0,0
BRDA:62,10,1,1
BRDA:69,11,0,0
BRDA:69,11,1,1
BRDA:69,12,0,1
BRDA:69,12,1,0
BRDA:73,13,0,1
BRDA:73,13,1,0
BRDA:74,14,0,1
BRDA:74,14,1,1
BRDA:86,15,0,0
BRDA:86,15,1,1
BRDA:98,16,0,0
BRDA:98,16,1,1
BRDA:104,17,0,1
BRDA:104,17,1,1
BRDA:108,18,0,1
BRDA:108,18,1,0
BRDA:108,18,2,0
BRDA:119,19,0,0
BRDA:119,19,1,0
BRDA:130,20,0,0
BRDA:130,20,1,0
BRDA:150,21,0,0
BRDA:150,21,1,1
BRDA:153,22,0,0
BRDA:153,22,1,1
BRDA:159,23,0,1
BRDA:159,23,1,0
BRDA:172,24,0,1
BRDA:172,24,1,0
BRDA:172,24,2,0
BRDA:178,25,0,0
BRDA:178,25,1,0
BRDA:202,26,0,1
BRDA:202,26,1,1
BRDA:202,26,2,0
BRF:53
BRH:29
end_of_record
TN:
SF:src/components/molecules/debate/AIProviderTile.tsx
FN:36,(anonymous_0)
FN:88,(anonymous_1)
FN:154,(anonymous_2)
FNF:3
FNH:3
FNDA:3,(anonymous_0)
FNDA:3,(anonymous_1)
FNDA:3,(anonymous_2)
DA:36,19
DA:49,3
DA:52,3
DA:79,3
DA:80,3
DA:81,3
DA:84,3
DA:86,3
DA:88,3
DA:90,3
DA:100,3
DA:115,3
DA:139,3
DA:154,3
DA:155,3
DA:157,0
DA:169,0
DA:183,3
DA:194,3
DA:195,0
DA:207,3
LF:21
LH:18
BRDA:38,0,0,1
BRDA:39,1,0,1
BRDA:40,2,0,1
BRDA:41,3,0,3
BRDA:43,4,0,3
BRDA:44,5,0,3
BRDA:80,6,0,3
BRDA:80,6,1,1
BRDA:81,7,0,3
BRDA:81,7,1,1
BRDA:84,8,0,3
BRDA:84,8,1,0
BRDA:95,9,0,3
BRDA:95,9,1,2
BRDA:100,10,0,3
BRDA:100,10,1,0
BRDA:105,11,0,0
BRDA:105,11,1,0
BRDA:107,12,0,0
BRDA:107,12,1,0
BRDA:123,13,0,3
BRDA:123,13,1,0
BRDA:123,13,2,0
BRDA:124,14,0,3
BRDA:124,14,1,0
BRDA:124,14,2,0
BRDA:142,15,0,0
BRDA:142,15,1,3
BRDA:142,16,0,3
BRDA:142,16,1,0
BRDA:144,17,0,0
BRDA:144,17,1,3
BRDA:147,18,0,3
BRDA:147,18,1,0
BRDA:155,19,0,0
BRDA:155,19,1,0
BRDA:155,19,2,3
BRDA:155,19,3,3
BRDA:194,20,0,0
BRDA:194,20,1,3
BRF:40
BRH:23
end_of_record
TN:
SF:src/components/molecules/debate/DebateMessageBubble.tsx
FN:37,(anonymous_0)
FN:49,(anonymous_1)
FN:58,(anonymous_2)
FN:61,(anonymous_3)
FN:65,(anonymous_4)
FN:100,(anonymous_5)
FN:108,(anonymous_6)
FN:199,(anonymous_7)
FN:200,(anonymous_8)
FN:211,(anonymous_9)
FN:212,(anonymous_10)
FN:235,(anonymous_11)
FN:247,(anonymous_12)
FN:256,(anonymous_13)
FN:278,(anonymous_14)
FNF:15
FNH:7
FNDA:1,(anonymous_0)
FNDA:1,(anonymous_1)
FNDA:1,(anonymous_2)
FNDA:1,(anonymous_3)
FNDA:1,(anonymous_4)
FNDA:1,(anonymous_5)
FNDA:1,(anonymous_6)
FNDA:0,(anonymous_7)
FNDA:0,(anonymous_8)
FNDA:0,(anonymous_9)
FNDA:0,(anonymous_10)
FNDA:0,(anonymous_11)
FNDA:0,(anonymous_12)
FNDA:0,(anonymous_13)
FNDA:0,(anonymous_14)
DA:37,18
DA:43,1
DA:44,1
DA:45,1
DA:46,1
DA:49,1
DA:50,1
DA:51,1
DA:52,0
DA:54,1
DA:58,1
DA:61,1
DA:65,1
DA:66,1
DA:69,1
DA:72,1
DA:85,1
DA:87,1
DA:88,1
DA:95,1
DA:98,1
DA:100,1
DA:101,1
DA:108,1
DA:115,1
DA:116,0
DA:165,1
DA:200,0
DA:201,0
DA:203,0
DA:212,0
DA:213,0
DA:215,0
DA:236,0
DA:237,0
DA:238,0
DA:239,0
DA:240,0
DA:248,0
DA:253,0
DA:254,0
DA:255,0
DA:256,0
DA:258,0
DA:280,0
DA:288,18
LF:46
LH:26
BRDA:41,0,0,1
BRDA:50,1,0,0
BRDA:50,1,1,1
BRDA:50,2,0,0
BRDA:50,2,1,0
BRDA:51,3,0,0
BRDA:51,3,1,1
BRDA:51,4,0,1
BRDA:51,4,1,1
BRDA:51,4,2,1
BRDA:52,5,0,0
BRDA:52,5,1,0
BRDA:66,6,0,0
BRDA:66,6,1,1
BRDA:72,7,0,0
BRDA:72,7,1,1
BRDA:72,8,0,1
BRDA:72,8,1,1
BRDA:73,9,0,1
BRDA:73,9,1,0
BRDA:74,10,0,0
BRDA:74,10,1,0
BRDA:75,11,0,0
BRDA:75,11,1,0
BRDA:76,12,0,0
BRDA:76,12,1,0
BRDA:77,13,0,0
BRDA:77,13,1,0
BRDA:78,14,0,0
BRDA:78,14,1,0
BRDA:79,15,0,0
BRDA:79,15,1,0
BRDA:80,16,0,0
BRDA:80,16,1,0
BRDA:81,17,0,0
BRDA:81,17,1,0
BRDA:82,18,0,0
BRDA:82,18,1,0
BRDA:83,19,0,0
BRDA:83,19,1,0
BRDA:85,20,0,0
BRDA:85,20,1,1
BRDA:85,21,0,1
BRDA:85,21,1,1
BRDA:115,22,0,0
BRDA:115,22,1,1
BRDA:115,23,0,1
BRDA:115,23,1,1
BRDA:169,24,0,0
BRDA:169,24,1,1
BRDA:173,25,0,0
BRDA:173,25,1,1
BRDA:174,26,0,0
BRDA:174,26,1,1
BRDA:179,27,0,1
BRDA:179,27,1,0
BRDA:180,28,0,0
BRDA:180,28,1,1
BRDA:188,29,0,0
BRDA:188,29,1,1
BRDA:190,30,0,1
BRDA:190,30,1,0
BRDA:190,31,0,0
BRDA:190,31,1,1
BRDA:191,32,0,1
BRDA:191,32,1,0
BRDA:195,33,0,0
BRDA:195,33,1,1
BRDA:221,34,0,1
BRDA:221,34,1,0
BRDA:224,35,0,0
BRDA:224,35,1,0
BRDA:225,36,0,0
BRDA:225,36,1,0
BRDA:227,37,0,0
BRDA:227,37,1,0
BRDA:227,38,0,0
BRDA:227,38,1,0
BRDA:232,39,0,1
BRDA:232,39,1,1
BRDA:232,39,2,0
BRDA:236,40,0,0
BRDA:236,40,1,0
BRDA:237,41,0,0
BRDA:237,41,1,0
BRDA:237,42,0,0
BRDA:237,42,1,0
BRDA:238,43,0,0
BRDA:238,43,1,0
BRDA:239,44,0,0
BRDA:239,44,1,0
BRDA:239,45,0,0
BRDA:239,45,1,0
BRDA:248,46,0,0
BRDA:248,46,1,0
BRDA:249,47,0,0
BRDA:249,47,1,0
BRDA:250,48,0,0
BRDA:250,48,1,0
BRDA:250,49,0,0
BRDA:250,49,1,0
BRDA:251,50,0,0
BRDA:251,50,1,0
BRDA:254,51,0,0
BRDA:254,51,1,0
BRDA:265,52,0,0
BRDA:265,52,1,1
BRDA:269,53,0,0
BRDA:269,53,1,1
BRDA:281,54,0,0
BRDA:281,54,1,0
BRDA:281,54,2,0
BRDA:281,54,3,0
BRF:113
BRH:32
end_of_record
TN:
SF:src/components/molecules/debate/DebatePreviewCard.tsx
FN:20,(anonymous_0)
FNF:1
FNH:1
FNDA:1,(anonymous_0)
DA:20,18
DA:28,1
DA:30,1
DA:51,1
DA:54,1
DA:128,1
DA:129,0
DA:136,1
LF:8
LH:7
BRDA:24,0,0,1
BRDA:26,1,0,1
BRDA:70,2,0,1
BRDA:70,2,1,0
BRDA:87,3,0,1
BRDA:87,3,1,0
BRDA:87,3,2,0
BRDA:110,4,0,0
BRDA:110,4,1,1
BRDA:128,5,0,0
BRDA:128,5,1,1
BRDA:128,6,0,1
BRDA:128,6,1,0
BRF:13
BRH:7
end_of_record
TN:
SF:src/components/molecules/debate/DebateTopicCard.tsx
FN:21,(anonymous_0)
FNF:1
FNH:1
FNDA:1,(anonymous_0)
DA:21,18
DA:29,1
DA:31,1
LF:3
LH:3
BRDA:26,0,0,1
BRDA:27,1,0,1
BRDA:37,2,0,0
BRDA:37,2,1,1
BRDA:44,3,0,0
BRDA:44,3,1,1
BRDA:47,4,0,0
BRDA:47,4,1,1
BRDA:52,5,0,0
BRDA:52,5,1,1
BRDA:54,6,0,0
BRDA:54,6,1,1
BRDA:59,7,0,1
BRDA:59,7,1,0
BRF:14
BRH:8
end_of_record
TN:
SF:src/components/molecules/debate/DebateTypingIndicator.tsx
FN:18,(anonymous_0)
FNF:1
FNH:1
FNDA:1,(anonymous_0)
DA:18,18
DA:19,1
DA:21,1
LF:3
LH:3
BRF:0
BRH:0
end_of_record
TN:
SF:src/components/molecules/debate/PersonalityChip.tsx
FN:22,(anonymous_0)
FNF:1
FNH:1
FNDA:1,(anonymous_0)
DA:22,19
DA:30,1
DA:31,1
DA:32,1
DA:33,1
DA:35,1
DA:56,1
DA:57,1
DA:58,1
DA:60,1
LF:10
LH:10
BRDA:26,0,0,1
BRDA:27,1,0,1
BRDA:32,2,0,1
BRDA:32,2,1,1
BRDA:33,3,0,1
BRDA:33,3,1,1
BRDA:56,4,0,1
BRDA:56,4,1,1
BRDA:56,5,0,0
BRDA:56,5,1,1
BRDA:57,6,0,0
BRDA:57,6,1,1
BRDA:58,7,0,0
BRDA:58,7,1,1
BRDA:68,8,0,0
BRDA:68,8,1,1
BRDA:71,9,0,0
BRDA:71,9,1,1
BRDA:73,10,0,0
BRDA:73,10,1,1
BRDA:79,11,0,0
BRDA:79,11,1,1
BRDA:92,12,0,0
BRDA:92,12,1,1
BRF:24
BRH:16
end_of_record
TN:
SF:src/components/molecules/debate/SurpriseTopicDisplay.tsx
FN:21,(anonymous_0)
FNF:1
FNH:1
FNDA:1,(anonymous_0)
DA:21,18
DA:28,1
DA:30,1
DA:31,1
DA:34,0
LF:5
LH:4
BRDA:24,0,0,1
BRDA:25,1,0,1
BRDA:26,2,0,1
BRDA:30,3,0,1
BRDA:30,3,1,0
BRDA:30,4,0,1
BRDA:30,4,1,1
BRDA:62,5,0,0
BRDA:62,5,1,0
BRDA:78,6,0,0
BRDA:78,6,1,0
BRDA:85,7,0,0
BRDA:85,7,1,0
BRDA:126,8,0,0
BRDA:126,8,1,0
BRDA:126,8,2,0
BRDA:139,9,0,0
BRDA:139,9,1,0
BRDA:141,10,0,0
BRDA:141,10,1,0
BRF:20
BRH:6
end_of_record
TN:
SF:src/components/molecules/debate/TopicModeSelector.tsx
FN:43,(anonymous_0)
FN:52,(anonymous_1)
FN:60,(anonymous_2)
FNF:3
FNH:2
FNDA:1,(anonymous_0)
FNDA:2,(anonymous_1)
FNDA:0,(anonymous_2)
DA:28,18
DA:43,18
DA:50,1
DA:52,1
DA:53,2
DA:54,2
DA:55,2
DA:57,2
DA:60,0
DA:105,1
LF:10
LH:9
BRDA:48,0,0,1
BRDA:54,1,0,2
BRDA:54,1,1,0
BRDA:55,2,0,2
BRDA:55,2,1,2
BRDA:67,3,0,0
BRDA:67,3,1,2
BRDA:71,4,0,0
BRDA:71,4,1,2
BRDA:74,5,0,0
BRDA:74,5,1,2
BRDA:82,6,0,0
BRDA:82,6,1,2
BRDA:88,7,0,2
BRDA:88,7,1,0
BRDA:88,7,2,0
BRDA:94,8,0,0
BRDA:94,8,1,2
BRDA:117,9,0,1
BRDA:117,9,1,0
BRF:20
BRH:11
end_of_record
TN:
SF:src/components/molecules/header/HeaderIcon.tsx
FN:22,(anonymous_0)
FN:36,(anonymous_1)
FN:43,(anonymous_2)
FNF:3
FNH:3
FNDA:5,(anonymous_0)
FNDA:1,(anonymous_1)
FNDA:5,(anonymous_2)
DA:22,18
DA:34,5
DA:36,5
DA:37,1
DA:38,1
DA:39,1
DA:43,5
DA:44,5
DA:46,5
DA:48,0
DA:50,0
DA:53,5
DA:57,5
DA:83,18
LF:14
LH:12
BRDA:24,0,0,5
BRDA:26,1,0,4
BRDA:27,2,0,5
BRDA:37,3,0,1
BRDA:37,3,1,0
BRDA:44,4,0,5
BRDA:44,4,1,5
BRDA:44,5,0,1
BRDA:44,5,1,4
BRDA:46,6,0,0
BRDA:46,6,1,0
BRDA:46,6,2,5
BRDA:46,6,3,5
BRDA:61,7,0,1
BRDA:61,7,1,4
BRDA:68,8,0,5
BRDA:68,8,1,2
BRDA:71,9,0,2
BRDA:71,9,1,2
BRDA:74,10,0,1
BRDA:74,10,1,1
BRDA:74,11,0,2
BRDA:74,11,1,2
BRF:23
BRH:20
end_of_record
TN:
SF:src/components/molecules/header/TabBarIcon.tsx
FN:18,(anonymous_0)
FN:28,(anonymous_1)
FNF:2
FNH:2
FNDA:3,(anonymous_0)
FNDA:3,(anonymous_1)
DA:18,18
DA:26,3
DA:28,3
DA:29,3
DA:31,0
DA:33,0
DA:36,3
DA:40,3
DA:57,18
LF:9
LH:7
BRDA:20,0,0,3
BRDA:22,1,0,3
BRDA:29,2,0,0
BRDA:29,2,1,0
BRDA:29,2,2,3
BRDA:29,2,3,3
BRDA:43,3,0,3
BRDA:43,3,1,2
BRDA:46,4,0,2
BRDA:46,4,1,2
BRDA:49,5,0,1
BRDA:49,5,1,1
BRDA:49,6,0,2
BRDA:49,6,1,2
BRF:14
BRH:12
end_of_record
TN:
SF:src/components/molecules/history/FilterChip.tsx
FN:8,(anonymous_0)
FNF:1
FNH:1
FNDA:1,(anonymous_0)
DA:8,1
DA:14,1
DA:16,1
DA:73,1
LF:4
LH:4
BRDA:22,0,0,0
BRDA:22,0,1,1
BRDA:25,1,0,0
BRDA:25,1,1,1
BRDA:34,2,0,0
BRDA:34,2,1,1
BRDA:36,3,0,0
BRDA:36,3,1,1
BRDA:44,4,0,1
BRDA:44,4,1,0
BRDA:49,5,0,0
BRDA:49,5,1,0
BRF:12
BRH:5
end_of_record
TN:
SF:src/components/molecules/history/HighlightedText.tsx
FN:12,(anonymous_0)
FN:34,(anonymous_1)
FNF:2
FNH:1
FNDA:1,(anonymous_0)
FNDA:0,(anonymous_1)
DA:12,2
DA:18,1
DA:20,1
DA:21,1
DA:29,0
DA:30,0
DA:32,0
DA:35,0
DA:37,0
LF:9
LH:4
BRDA:20,0,0,1
BRDA:20,0,1,0
BRDA:37,1,0,0
BRDA:37,1,1,0
BRF:4
BRH:1
end_of_record
TN:
SF:src/components/molecules/history/LoadMoreIndicator.tsx
FN:15,(anonymous_0)
FNF:1
FNH:1
FNDA:1,(anonymous_0)
DA:15,1
DA:22,1
DA:24,1
DA:25,1
DA:42,0
DA:81,1
LF:6
LH:5
BRDA:24,0,0,1
BRDA:24,0,1,0
BRDA:33,1,0,0
BRDA:33,1,1,1
BRDA:53,2,0,0
BRDA:53,2,1,0
BRF:6
BRH:2
end_of_record
TN:
SF:src/components/molecules/history/SessionCard.tsx
FN:12,(anonymous_0)
FN:21,(anonymous_1)
FN:25,(anonymous_2)
FN:32,(anonymous_3)
FN:57,(anonymous_4)
FN:60,(anonymous_5)
FN:65,(anonymous_6)
FNF:7
FNH:3
FNDA:1,(anonymous_0)
FNDA:1,(anonymous_1)
FNDA:1,(anonymous_2)
FNDA:0,(anonymous_3)
FNDA:0,(anonymous_4)
FNDA:0,(anonymous_5)
FNDA:0,(anonymous_6)
DA:12,1
DA:19,1
DA:21,1
DA:22,1
DA:25,1
DA:26,1
DA:28,0
DA:29,0
DA:32,0
DA:33,0
DA:35,0
DA:36,0
DA:37,0
DA:39,0
DA:40,1
DA:41,0
DA:42,0
DA:43,0
DA:44,0
DA:46,0
DA:48,1
DA:49,1
DA:53,1
DA:56,1
DA:58,0
DA:61,0
DA:65,1
DA:66,0
DA:69,1
DA:152,1
LF:30
LH:14
BRDA:26,0,0,0
BRDA:26,0,1,1
BRDA:28,1,0,0
BRDA:28,1,1,0
BRDA:33,2,0,0
BRDA:33,2,1,0
BRDA:36,3,0,0
BRDA:36,3,1,0
BRDA:40,4,0,0
BRDA:40,4,1,1
BRDA:43,5,0,0
BRDA:43,5,1,0
BRDA:44,6,0,0
BRDA:44,6,1,0
BRDA:46,7,0,0
BRDA:46,7,1,0
BRDA:49,8,0,1
BRDA:49,8,1,1
BRDA:56,9,0,1
BRDA:56,9,1,0
BRDA:56,9,2,0
BRDA:78,10,0,0
BRDA:78,10,1,1
BRDA:79,11,0,0
BRDA:79,11,1,1
BRDA:88,12,0,0
BRDA:88,12,1,1
BRDA:124,13,0,0
BRDA:124,13,1,1
BRDA:125,14,0,0
BRDA:125,14,1,1
BRDA:126,15,0,1
BRDA:126,15,1,0
BRDA:130,16,0,1
BRDA:130,16,1,0
BRF:35
BRH:12
end_of_record
TN:
SF:src/components/molecules/history/SessionPreview.tsx
FN:6,(anonymous_0)
FN:39,(anonymous_1)
FNF:2
FNH:1
FNDA:2,(anonymous_0)
FNDA:0,(anonymous_1)
DA:6,2
DA:12,2
DA:15,2
DA:16,2
DA:29,0
DA:30,0
DA:32,0
DA:40,0
DA:42,0
LF:9
LH:4
BRDA:9,0,0,1
BRDA:15,1,0,2
BRDA:15,1,1,0
BRDA:42,2,0,0
BRDA:42,2,1,0
BRF:5
BRH:2
end_of_record
TN:
SF:src/components/molecules/history/StatCard.tsx
FN:8,(anonymous_0)
FNF:1
FNH:1
FNDA:1,(anonymous_0)
DA:8,1
DA:16,1
DA:18,1
DA:19,1
DA:22,1
DA:89,1
DA:90,0
DA:97,1
DA:100,1
LF:9
LH:8
BRDA:18,0,0,1
BRDA:18,0,1,1
BRDA:33,1,0,1
BRDA:33,1,1,0
BRDA:71,2,0,0
BRDA:71,2,1,1
BRDA:76,3,0,1
BRDA:76,3,1,0
BRDA:89,4,0,0
BRDA:89,4,1,1
BRF:10
BRH:6
end_of_record
TN:
SF:src/components/molecules/history/SwipeableActions.tsx
FN:8,(anonymous_0)
FNF:1
FNH:1
FNDA:1,(anonymous_0)
DA:8,1
DA:13,1
DA:15,1
DA:69,1
LF:4
LH:4
BRDA:33,0,0,1
BRDA:33,0,1,0
BRDA:50,1,0,1
BRDA:50,1,1,0
BRF:4
BRH:2
end_of_record
TN:
SF:src/components/molecules/profile/ProfileAvatar.tsx
FN:17,(anonymous_0)
FN:29,(anonymous_1)
FN:66,(anonymous_2)
FNF:3
FNH:3
FNDA:4,(anonymous_0)
FNDA:4,(anonymous_1)
FNDA:4,(anonymous_2)
DA:17,18
DA:27,4
DA:29,4
DA:30,4
DA:31,4
DA:32,4
DA:33,4
DA:34,1
DA:36,3
DA:39,4
DA:40,4
DA:42,4
DA:51,4
DA:66,4
DA:67,4
DA:68,0
DA:76,4
DA:77,4
DA:92,0
DA:101,4
DA:104,4
DA:126,4
DA:127,1
DA:134,3
DA:137,18
LF:25
LH:23
BRDA:21,0,0,3
BRDA:22,1,0,4
BRDA:24,2,0,4
BRDA:30,3,0,0
BRDA:30,3,1,4
BRDA:30,4,0,4
BRDA:30,4,1,1
BRDA:31,5,0,4
BRDA:31,5,1,1
BRDA:31,5,2,0
BRDA:33,6,0,1
BRDA:33,6,1,3
BRDA:40,7,0,4
BRDA:40,7,1,1
BRDA:57,8,0,4
BRDA:57,8,1,0
BRDA:58,9,0,1
BRDA:58,9,1,3
BRDA:60,10,0,4
BRDA:60,10,1,0
BRDA:61,11,0,1
BRDA:61,11,1,3
BRDA:67,12,0,0
BRDA:67,12,1,4
BRDA:76,13,0,4
BRDA:76,13,1,0
BRDA:76,14,0,4
BRDA:76,14,1,4
BRDA:82,15,0,1
BRDA:82,15,1,3
BRDA:108,16,0,4
BRDA:108,16,1,1
BRDA:108,16,2,1
BRDA:126,17,0,1
BRDA:126,17,1,3
BRF:35
BRH:29
end_of_record
TN:
SF:src/components/molecules/settings/SettingRow.tsx
FN:18,(anonymous_0)
FNF:1
FNH:1
FNDA:4,(anonymous_0)
DA:18,18
DA:28,4
DA:30,4
DA:31,4
DA:38,4
DA:93,18
LF:6
LH:6
BRDA:25,0,0,4
BRDA:30,1,0,1
BRDA:30,1,1,3
BRDA:31,2,0,1
BRDA:31,2,1,3
BRDA:45,3,0,0
BRDA:45,3,1,4
BRDA:52,4,0,4
BRDA:52,4,1,0
BRDA:57,5,0,0
BRDA:57,5,1,0
BRDA:66,6,0,4
BRDA:66,6,1,1
BRDA:79,7,0,4
BRDA:79,7,1,1
BRF:15
BRH:11
end_of_record
TN:
SF:src/components/molecules/share/ShareActionButtons.tsx
FN:30,(anonymous_0)
FN:45,(anonymous_1)
FN:66,(anonymous_2)
FN:90,(anonymous_3)
FN:116,(anonymous_4)
FN:141,(anonymous_5)
FNF:6
FNH:1
FNDA:1,(anonymous_0)
FNDA:0,(anonymous_1)
FNDA:0,(anonymous_2)
FNDA:0,(anonymous_3)
FNDA:0,(anonymous_4)
FNDA:0,(anonymous_5)
DA:30,18
DA:43,1
DA:45,1
DA:46,0
DA:47,0
DA:48,0
DA:49,0
DA:50,0
DA:51,0
DA:52,0
DA:54,0
DA:61,0
DA:62,0
DA:66,1
DA:67,0
DA:68,0
DA:74,0
DA:75,0
DA:76,0
DA:78,0
DA:79,0
DA:80,0
DA:82,0
DA:84,0
DA:86,0
DA:90,1
DA:91,0
DA:92,0
DA:98,0
DA:99,0
DA:100,0
DA:101,0
DA:102,0
DA:103,0
DA:105,0
DA:112,0
DA:116,1
DA:117,0
DA:118,0
DA:125,0
DA:126,0
DA:127,0
DA:129,0
DA:130,0
DA:131,0
DA:133,0
DA:135,0
DA:137,0
DA:141,1
DA:142,0
DA:143,0
DA:144,0
DA:145,0
DA:146,0
DA:149,1
DA:262,18
LF:56
LH:9
BRDA:39,0,0,1
BRDA:41,1,0,1
BRDA:50,2,0,0
BRDA:50,2,1,0
BRDA:79,3,0,0
BRDA:79,3,1,0
BRDA:101,4,0,0
BRDA:101,4,1,0
BRDA:130,5,0,0
BRDA:130,5,1,0
BRDA:243,6,0,1
BRDA:243,6,1,1
BRDA:253,7,0,0
BRDA:253,7,1,1
BRF:14
BRH:5
end_of_record
TN:
SF:src/components/molecules/share/SharePreviewCard.tsx
FN:25,(anonymous_0)
FNF:1
FNH:1
FNDA:1,(anonymous_0)
DA:14,18
DA:15,18
DA:16,18
DA:25,18
DA:32,1
DA:33,1
DA:34,1
DA:36,1
DA:147,18
LF:9
LH:9
BRDA:33,0,0,1
BRDA:33,0,1,1
BRDA:34,1,0,1
BRDA:34,1,1,1
BRDA:102,2,0,1
BRDA:102,2,1,1
BRF:6
BRH:6
end_of_record
TN:
SF:src/components/molecules/sheets/ModalHeader.tsx
FN:19,(anonymous_0)
FN:27,(anonymous_1)
FNF:2
FNH:2
FNDA:4,(anonymous_0)
FNDA:4,(anonymous_1)
DA:19,18
DA:25,4
DA:27,4
DA:28,4
DA:53,4
DA:54,3
DA:55,3
DA:67,1
DA:74,18
LF:9
LH:9
BRDA:23,0,0,3
BRDA:30,1,0,3
BRDA:30,1,1,1
BRDA:33,2,0,4
BRDA:33,2,1,1
BRDA:34,3,0,1
BRDA:34,3,1,0
BRDA:41,4,0,3
BRDA:41,4,1,1
BRDA:46,5,0,3
BRDA:46,5,1,1
BRDA:53,6,0,3
BRDA:53,6,1,1
BRF:13
BRH:12
end_of_record
TN:
SF:src/components/molecules/sheets/SheetHandle.tsx
FN:11,(anonymous_0)
FNF:1
FNH:1
FNDA:3,(anonymous_0)
DA:11,18
DA:16,3
DA:18,3
DA:35,18
LF:4
LH:4
BRDA:12,0,0,2
BRDA:13,1,0,2
BRDA:14,2,0,3
BRF:3
BRH:3
end_of_record
TN:
SF:src/components/molecules/sheets/SheetHeader.tsx
FN:15,(anonymous_0)
FNF:1
FNH:1
FNDA:13,(anonymous_0)
DA:15,19
DA:21,13
DA:25,13
DA:29,13
DA:68,19
LF:5
LH:5
BRDA:18,0,0,6
BRDA:25,1,0,0
BRDA:25,1,1,13
BRDA:37,2,0,13
BRDA:37,2,1,7
BRDA:57,3,0,1
BRDA:57,3,1,12
BRDA:70,4,0,19
BRDA:70,4,1,0
BRF:9
BRH:7
end_of_record
TN:
SF:src/components/molecules/stats/DebateHistoryItem.tsx
FN:33,(anonymous_0)
FN:52,(anonymous_1)
FN:114,(anonymous_2)
FN:121,(anonymous_3)
FN:173,(anonymous_4)
FN:192,(anonymous_5)
FN:229,(anonymous_6)
FNF:7
FNH:1
FNDA:1,(anonymous_0)
FNDA:0,(anonymous_1)
FNDA:0,(anonymous_2)
FNDA:0,(anonymous_3)
FNDA:0,(anonymous_4)
FNDA:0,(anonymous_5)
FNDA:0,(anonymous_6)
DA:33,18
DA:42,1
DA:44,1
DA:48,1
DA:52,1
DA:53,0
DA:54,0
DA:56,0
DA:59,1
DA:61,1
DA:114,18
DA:119,0
DA:120,0
DA:121,0
DA:122,0
DA:123,0
DA:125,0
DA:128,0
DA:130,0
DA:173,18
DA:180,0
DA:182,0
DA:183,0
DA:190,0
DA:193,0
DA:194,0
DA:203,0
DA:229,18
DA:233,0
DA:245,18
LF:30
LH:11
BRDA:37,0,0,1
BRDA:38,1,0,1
BRDA:44,2,0,0
BRDA:44,2,1,1
BRDA:48,3,0,0
BRDA:48,3,1,1
BRDA:53,4,0,0
BRDA:53,4,1,0
BRDA:54,5,0,0
BRDA:54,5,1,0
BRDA:59,6,0,0
BRDA:59,6,1,1
BRDA:85,7,0,1
BRDA:85,7,1,0
BRDA:117,8,0,0
BRDA:120,9,0,0
BRDA:120,9,1,0
BRDA:122,10,0,0
BRDA:122,10,1,0
BRDA:123,11,0,0
BRDA:123,11,1,0
BRDA:128,12,0,0
BRDA:128,12,1,0
BRDA:132,13,0,0
BRDA:132,13,1,0
BRDA:138,14,0,0
BRDA:138,14,1,0
BRDA:175,15,0,0
BRDA:176,16,0,0
BRDA:177,17,0,0
BRDA:182,18,0,0
BRDA:182,18,1,0
BRDA:191,19,0,0
BRDA:191,19,1,0
BRDA:193,20,0,0
BRDA:193,20,1,0
BRDA:231,21,0,0
BRDA:236,22,0,0
BRDA:236,22,1,0
BRDA:236,22,2,0
BRF:40
BRH:6
end_of_record
TN:
SF:src/components/molecules/stats/RankBadge.tsx
FN:26,(anonymous_0)
FN:37,(anonymous_1)
FN:112,(anonymous_2)
FN:137,(anonymous_3)
FN:152,(anonymous_4)
FNF:5
FNH:3
FNDA:1,(anonymous_0)
FNDA:1,(anonymous_1)
FNDA:0,(anonymous_2)
FNDA:0,(anonymous_3)
FNDA:1,(anonymous_4)
DA:26,18
DA:34,1
DA:37,1
DA:38,1
DA:39,0
DA:46,1
DA:48,0
DA:54,0
DA:60,0
DA:66,1
DA:74,1
DA:75,1
DA:77,1
DA:79,1
DA:112,18
DA:116,0
DA:137,18
DA:141,0
DA:152,18
DA:153,1
DA:155,0
DA:160,0
DA:166,1
DA:173,18
LF:24
LH:16
BRDA:28,0,0,1
BRDA:29,1,0,1
BRDA:32,2,0,1
BRDA:38,3,0,0
BRDA:38,3,1,1
BRDA:38,4,0,1
BRDA:38,4,1,1
BRDA:40,5,0,0
BRDA:40,5,1,0
BRDA:41,6,0,0
BRDA:41,6,1,0
BRDA:46,7,0,0
BRDA:46,7,1,0
BRDA:46,7,2,0
BRDA:46,7,3,1
BRDA:49,8,0,0
BRDA:49,8,1,0
BRDA:50,9,0,0
BRDA:50,9,1,0
BRDA:55,10,0,0
BRDA:55,10,1,0
BRDA:56,11,0,0
BRDA:56,11,1,0
BRDA:61,12,0,0
BRDA:61,12,1,0
BRDA:62,13,0,0
BRDA:62,13,1,0
BRDA:67,14,0,1
BRDA:67,14,1,1
BRDA:68,15,0,1
BRDA:68,15,1,1
BRDA:77,16,0,0
BRDA:77,16,1,1
BRDA:77,17,0,1
BRDA:77,17,1,0
BRDA:114,18,0,0
BRDA:139,19,0,0
BRDA:153,20,0,0
BRDA:153,20,1,0
BRDA:153,20,2,1
BRDA:153,20,3,1
BRF:41
BRH:15
end_of_record
TN:
SF:src/components/molecules/stats/StatsCard.tsx
FN:24,(anonymous_0)
FN:65,(anonymous_1)
FN:94,(anonymous_2)
FN:127,(anonymous_3)
FN:163,(anonymous_4)
FNF:5
FNH:1
FNDA:1,(anonymous_0)
FNDA:0,(anonymous_1)
FNDA:0,(anonymous_2)
FNDA:0,(anonymous_3)
FNDA:0,(anonymous_4)
DA:24,18
DA:31,1
DA:33,1
DA:65,18
DA:71,0
DA:94,18
DA:98,0
DA:100,0
DA:127,18
DA:134,0
DA:163,18
DA:168,0
DA:194,18
LF:13
LH:8
BRDA:39,0,0,1
BRDA:39,0,1,1
BRDA:40,1,0,1
BRDA:40,1,1,1
BRDA:73,2,0,0
BRDA:73,2,1,0
BRDA:78,3,0,0
BRDA:78,3,1,0
BRDA:102,4,0,0
BRDA:102,4,1,0
BRDA:131,5,0,0
BRDA:132,6,0,0
BRDA:139,7,0,0
BRDA:139,7,1,0
BRDA:173,8,0,0
BRDA:173,8,1,0
BRDA:183,9,0,0
BRDA:183,9,1,0
BRF:18
BRH:4
end_of_record
TN:
SF:src/components/molecules/stats/TopicBadge.tsx
FN:29,(anonymous_0)
FN:108,(anonymous_1)
FN:136,(anonymous_2)
FN:171,(anonymous_3)
FNF:4
FNH:1
FNDA:1,(anonymous_0)
FNDA:0,(anonymous_1)
FNDA:0,(anonymous_2)
FNDA:0,(anonymous_3)
DA:29,18
DA:38,1
DA:41,1
DA:42,1
DA:45,1
DA:48,1
DA:52,1
DA:53,1
DA:55,1
DA:57,1
DA:108,18
DA:115,0
DA:116,0
DA:118,0
DA:119,0
DA:126,0
DA:137,0
DA:171,18
DA:179,0
DA:180,0
DA:181,0
DA:184,0
DA:186,0
DA:242,18
LF:24
LH:13
BRDA:34,0,0,1
BRDA:35,1,0,1
BRDA:36,2,0,1
BRDA:41,3,0,1
BRDA:41,3,1,1
BRDA:42,4,0,1
BRDA:42,4,1,0
BRDA:43,5,0,1
BRDA:43,5,1,0
BRDA:45,6,0,1
BRDA:45,6,1,0
BRDA:46,7,0,1
BRDA:46,7,1,0
BRDA:48,8,0,1
BRDA:48,8,1,0
BRDA:49,9,0,1
BRDA:49,9,1,0
BRDA:53,10,0,1
BRDA:53,10,1,0
BRDA:55,11,0,0
BRDA:55,11,1,1
BRDA:68,12,0,0
BRDA:68,12,1,1
BRDA:74,13,0,1
BRDA:74,13,1,1
BRDA:111,14,0,0
BRDA:112,15,0,0
BRDA:113,16,0,0
BRDA:118,17,0,0
BRDA:118,17,1,0
BRDA:177,18,0,0
BRDA:180,19,0,0
BRDA:180,19,1,0
BRDA:181,20,0,0
BRDA:181,20,1,0
BRDA:182,21,0,0
BRDA:182,21,1,0
BRDA:184,22,0,0
BRDA:184,22,1,0
BRDA:184,23,0,0
BRDA:184,23,1,0
BRDA:192,24,0,0
BRDA:192,24,1,0
BRDA:193,25,0,0
BRDA:193,25,1,0
BRDA:202,26,0,0
BRDA:202,26,1,0
BRDA:203,27,0,0
BRDA:203,27,1,0
BRDA:215,28,0,0
BRDA:215,28,1,0
BRDA:216,29,0,0
BRDA:216,29,1,0
BRDA:223,30,0,0
BRDA:223,30,1,0
BRDA:228,31,0,0
BRDA:228,31,1,0
BRDA:229,32,0,0
BRDA:229,32,1,0
BRF:59
BRH:16
end_of_record
TN:
SF:src/components/molecules/subscription/DemoBanner.tsx
FN:12,(anonymous_0)
FNF:1
FNH:1
FNDA:2,(anonymous_0)
DA:12,1
DA:13,2
DA:14,2
DA:15,2
DA:17,1
DA:44,1
LF:6
LH:6
BRDA:15,0,0,1
BRDA:15,0,1,1
BRDA:23,1,0,0
BRDA:23,1,1,1
BRDA:32,2,0,1
BRDA:32,2,1,1
BRF:6
BRH:5
end_of_record
TN:
SF:src/components/molecules/subscription/PricingBadge.tsx
FN:12,(anonymous_0)
FNF:1
FNH:1
FNDA:4,(anonymous_0)
DA:12,18
DA:17,4
DA:19,4
DA:20,2
DA:37,2
LF:5
LH:5
BRDA:15,0,0,2
BRDA:19,1,0,2
BRDA:19,1,1,2
BRDA:25,2,0,2
BRDA:25,2,1,1
BRDA:46,3,0,2
BRDA:46,3,1,1
BRF:7
BRH:7
end_of_record
TN:
SF:src/components/molecules/subscription/TrialBanner.tsx
FN:9,(anonymous_0)
FN:21,(anonymous_1)
FNF:2
FNH:2
FNDA:4,(anonymous_0)
FNDA:1,(anonymous_1)
DA:9,1
DA:10,4
DA:11,4
DA:12,4
DA:14,4
DA:16,3
DA:18,3
DA:21,1
DA:34,1
LF:9
LH:9
BRDA:14,0,0,1
BRDA:14,0,1,3
BRDA:14,1,0,4
BRDA:14,1,1,3
BRDA:16,2,0,1
BRDA:16,2,1,2
BRDA:25,3,0,1
BRDA:25,3,1,2
BRF:8
BRH:8
end_of_record
TN:
SF:src/components/organisms/api-config/APIComingSoon.tsx
FN:16,(anonymous_0)
FN:48,(anonymous_1)
FNF:2
FNH:2
FNDA:2,(anonymous_0)
FNDA:1,(anonymous_1)
DA:16,2
DA:22,2
DA:24,2
DA:25,1
DA:28,1
DA:49,1
DA:67,2
LF:7
LH:7
BRDA:18,0,0,1
BRDA:24,1,0,1
BRDA:24,1,1,1
BRDA:24,2,0,2
BRDA:24,2,1,2
BRF:5
BRH:5
end_of_record
TN:
SF:src/components/organisms/api-config/APIConfigHeader.tsx
FN:13,(anonymous_0)
FNF:1
FNH:1
FNDA:2,(anonymous_0)
DA:13,2
DA:18,2
DA:20,2
DA:49,2
LF:4
LH:4
BRDA:15,0,0,1
BRF:1
BRH:1
end_of_record
TN:
SF:src/components/organisms/api-config/APIConfigProgress.tsx
FN:16,(anonymous_0)
FN:27,(anonymous_1)
FNF:2
FNH:2
FNDA:2,(anonymous_0)
FNDA:2,(anonymous_1)
DA:16,2
DA:23,2
DA:25,2
DA:27,2
DA:28,2
DA:29,1
DA:30,1
DA:31,1
DA:33,0
DA:37,2
DA:79,2
LF:11
LH:10
BRDA:20,0,0,2
BRDA:25,1,0,2
BRDA:25,1,1,0
BRDA:28,2,0,1
BRDA:28,2,1,1
BRDA:30,3,0,1
BRDA:30,3,1,0
BRF:7
BRH:5
end_of_record
TN:
SF:src/components/organisms/api-config/APIProviderList.tsx
FN:28,(anonymous_0)
FN:58,(anonymous_1)
FN:75,(anonymous_2)
FN:76,(anonymous_3)
FN:77,(anonymous_4)
FN:79,(anonymous_5)
FNF:6
FNH:6
FNDA:2,(anonymous_0)
FNDA:1,(anonymous_1)
FNDA:1,(anonymous_2)
FNDA:1,(anonymous_3)
FNDA:1,(anonymous_4)
FNDA:1,(anonymous_5)
DA:28,2
DA:40,2
DA:42,2
DA:43,1
DA:52,1
DA:59,1
DA:60,1
DA:64,1
DA:67,1
DA:75,1
DA:76,1
DA:77,1
DA:79,1
DA:93,2
LF:14
LH:14
BRDA:42,0,0,1
BRDA:42,0,1,1
BRDA:42,1,0,2
BRDA:42,1,1,2
BRDA:60,2,0,1
BRDA:60,2,1,1
BRDA:60,2,2,0
BRDA:74,3,0,1
BRDA:74,3,1,0
BRDA:83,4,0,1
BRDA:83,4,1,0
BRF:11
BRH:8
end_of_record
TN:
SF:src/components/organisms/api-config/APISecurityNote.tsx
FN:15,(anonymous_0)
FN:50,(anonymous_1)
FNF:2
FNH:2
FNDA:2,(anonymous_0)
FNDA:6,(anonymous_1)
DA:15,2
DA:26,2
DA:28,2
DA:51,6
DA:62,2
LF:5
LH:5
BRDA:16,0,0,1
BRDA:17,1,0,1
BRF:2
BRH:2
end_of_record
TN:
SF:src/components/organisms/api-config/ExpertModeSettings.tsx
FN:32,(anonymous_0)
FN:47,(anonymous_1)
FN:47,(anonymous_2)
FN:49,(anonymous_3)
FN:68,(anonymous_4)
FN:99,(anonymous_5)
FN:133,(anonymous_6)
FN:143,(anonymous_7)
FN:238,(anonymous_8)
FN:241,(anonymous_9)
FN:295,(anonymous_10)
FN:302,(anonymous_11)
FN:303,(anonymous_12)
FNF:13
FNH:12
FNDA:3,(anonymous_0)
FNDA:9,(anonymous_1)
FNDA:1,(anonymous_2)
FNDA:14,(anonymous_3)
FNDA:1,(anonymous_4)
FNDA:1,(anonymous_5)
FNDA:0,(anonymous_6)
FNDA:1,(anonymous_7)
FNDA:14,(anonymous_8)
FNDA:1,(anonymous_9)
FNDA:14,(anonymous_10)
FNDA:1,(anonymous_11)
FNDA:5,(anonymous_12)
DA:32,2
DA:42,3
DA:43,3
DA:45,3
DA:46,3
DA:47,9
DA:49,3
DA:50,14
DA:51,14
DA:53,10
DA:54,10
DA:56,10
DA:68,1
DA:100,1
DA:101,1
DA:134,0
DA:135,0
DA:136,0
DA:144,1
DA:145,1
DA:180,3
DA:239,14
DA:241,1
DA:295,14
DA:303,1
DA:304,5
DA:305,5
DA:306,5
DA:307,5
LF:29
LH:26
BRDA:45,0,0,3
BRDA:45,0,1,0
BRDA:46,1,0,3
BRDA:46,1,1,0
BRDA:47,2,0,3
BRDA:47,2,1,1
BRDA:51,3,0,4
BRDA:51,3,1,10
BRDA:51,4,0,14
BRDA:51,4,1,10
BRDA:53,5,0,10
BRDA:53,5,1,0
BRDA:68,6,0,0
BRDA:68,6,1,1
BRDA:81,7,0,1
BRDA:81,7,1,9
BRDA:86,8,0,10
BRDA:86,8,1,1
BRDA:135,9,0,0
BRDA:135,9,1,0
BRDA:135,10,0,0
BRDA:135,10,1,0
BRDA:135,10,2,0
BRDA:190,11,0,2
BRDA:190,11,1,1
BRDA:198,12,0,3
BRDA:198,12,1,1
BRDA:213,13,0,2
BRDA:213,13,1,1
BRDA:219,14,0,3
BRDA:219,14,1,2
BRDA:220,15,0,2
BRDA:220,15,1,1
BRDA:230,16,0,3
BRDA:230,16,1,2
BRDA:230,16,2,2
BRDA:243,17,0,2
BRDA:243,17,1,12
BRDA:251,18,0,2
BRDA:251,18,1,12
BRDA:260,19,0,2
BRDA:260,19,1,12
BRDA:267,20,0,14
BRDA:267,20,1,4
BRDA:271,21,0,2
BRDA:271,21,1,2
BRDA:283,22,0,2
BRDA:283,22,1,2
BRDA:304,23,0,5
BRDA:304,23,1,0
BRDA:306,24,0,5
BRDA:306,24,1,0
BRF:52
BRH:41
end_of_record
TN:
SF:src/components/organisms/api-config/ParameterSlider.tsx
FN:16,(anonymous_0)
FN:27,(anonymous_1)
FN:32,(anonymous_2)
FN:37,(anonymous_3)
FNF:4
FNH:4
FNDA:2,(anonymous_0)
FNDA:2,(anonymous_1)
FNDA:1,(anonymous_2)
FNDA:2,(anonymous_3)
DA:16,2
DA:25,2
DA:27,2
DA:28,2
DA:29,2
DA:32,2
DA:33,1
DA:34,1
DA:37,2
DA:38,2
DA:39,2
DA:40,1
DA:44,2
LF:13
LH:13
BRDA:39,0,0,1
BRDA:39,0,1,1
BRDA:39,1,0,2
BRDA:39,1,1,2
BRDA:39,1,2,2
BRF:5
BRH:5
end_of_record
TN:
SF:src/components/organisms/api-config/ProviderCard.tsx
FN:38,(anonymous_0)
FN:57,(anonymous_1)
FN:76,(anonymous_2)
FN:82,(anonymous_3)
FN:114,(anonymous_4)
FN:185,(anonymous_5)
FN:188,(anonymous_6)
FN:189,(anonymous_7)
FN:304,(anonymous_8)
FN:323,(anonymous_9)
FN:363,(anonymous_10)
FN:377,(anonymous_11)
FN:405,(anonymous_12)
FNF:13
FNH:9
FNDA:9,(anonymous_0)
FNDA:2,(anonymous_1)
FNDA:5,(anonymous_2)
FNDA:0,(anonymous_3)
FNDA:9,(anonymous_4)
FNDA:5,(anonymous_5)
FNDA:0,(anonymous_6)
FNDA:10,(anonymous_7)
FNDA:16,(anonymous_8)
FNDA:0,(anonymous_9)
FNDA:1,(anonymous_10)
FNDA:1,(anonymous_11)
FNDA:0,(anonymous_12)
DA:38,2
DA:52,9
DA:53,9
DA:54,9
DA:55,9
DA:57,9
DA:58,2
DA:59,2
DA:61,2
DA:62,2
DA:63,2
DA:64,1
DA:66,1
DA:67,1
DA:69,1
DA:72,2
DA:76,9
DA:77,5
DA:78,5
DA:79,5
DA:82,9
DA:83,0
DA:84,0
DA:86,0
DA:91,9
DA:115,9
DA:116,9
DA:117,0
DA:132,9
DA:186,5
DA:187,5
DA:188,0
DA:189,10
DA:191,5
DA:192,5
DA:193,5
DA:195,5
DA:232,0
DA:233,0
DA:235,0
DA:305,16
DA:323,0
DA:364,1
DA:365,1
DA:378,1
DA:379,1
DA:380,1
DA:405,0
LF:48
LH:38
BRDA:47,0,0,0
BRDA:50,1,0,0
BRDA:63,2,0,1
BRDA:63,2,1,1
BRDA:77,3,0,0
BRDA:77,3,1,5
BRDA:78,4,0,0
BRDA:78,4,1,5
BRDA:96,5,0,8
BRDA:96,5,1,1
BRDA:97,6,0,0
BRDA:97,6,1,9
BRDA:97,7,0,9
BRDA:97,7,1,8
BRDA:108,8,0,8
BRDA:108,8,1,1
BRDA:116,9,0,0
BRDA:116,9,1,9
BRDA:126,10,0,0
BRDA:126,10,1,0
BRDA:158,11,0,9
BRDA:158,11,1,4
BRDA:158,11,2,5
BRDA:158,11,3,5
BRDA:161,12,0,5
BRDA:161,12,1,5
BRDA:182,13,0,5
BRDA:182,13,1,4
BRDA:182,14,0,9
BRDA:182,14,1,4
BRDA:182,14,2,5
BRDA:186,15,0,5
BRDA:186,15,1,0
BRDA:187,16,0,0
BRDA:187,16,1,5
BRDA:191,17,0,5
BRDA:191,17,1,0
BRDA:206,18,0,5
BRDA:206,18,1,0
BRDA:214,19,0,5
BRDA:214,19,1,0
BRDA:214,20,0,5
BRDA:214,20,1,0
BRDA:245,21,0,0
BRDA:245,21,1,0
BRDA:247,22,0,0
BRDA:247,22,1,0
BRDA:247,22,2,0
BRDA:277,23,0,8
BRDA:277,23,1,1
BRDA:282,24,0,9
BRDA:282,24,1,8
BRDA:292,25,0,0
BRDA:292,25,1,8
BRDA:308,26,0,0
BRDA:308,26,1,16
BRDA:346,27,0,0
BRDA:346,27,1,8
BRDA:349,28,0,0
BRDA:349,28,1,8
BRDA:362,29,0,3
BRDA:362,29,1,5
BRDA:369,30,0,8
BRDA:369,30,1,5
BRDA:372,31,0,8
BRDA:372,31,1,0
BRDA:375,32,0,8
BRDA:375,32,1,8
BRDA:379,33,0,1
BRDA:379,33,1,0
BRDA:384,34,0,3
BRDA:384,34,1,5
BRDA:385,35,0,3
BRDA:385,35,1,5
BRDA:388,36,0,3
BRDA:388,36,1,5
BRDA:396,37,0,2
BRDA:396,37,1,6
BRDA:398,38,0,8
BRDA:398,38,1,8
BRF:80
BRH:55
end_of_record
TN:
SF:src/components/organisms/api-config/ProviderExpertSettings.tsx
FN:26,(anonymous_0)
FN:39,(anonymous_1)
FN:40,(anonymous_2)
FN:53,(anonymous_3)
FN:68,(anonymous_4)
FN:111,(anonymous_5)
FN:128,(anonymous_6)
FNF:7
FNH:6
FNDA:2,(anonymous_0)
FNDA:1,(anonymous_1)
FNDA:5,(anonymous_2)
FNDA:4,(anonymous_3)
FNDA:1,(anonymous_4)
FNDA:0,(anonymous_5)
FNDA:4,(anonymous_6)
DA:26,2
DA:35,2
DA:36,2
DA:37,2
DA:39,2
DA:40,1
DA:41,5
DA:42,3
DA:43,3
DA:44,3
DA:53,2
DA:54,4
DA:55,4
DA:57,3
DA:59,3
DA:68,1
DA:73,2
DA:111,0
DA:128,4
LF:19
LH:18
BRDA:36,0,0,2
BRDA:36,0,1,0
BRDA:37,1,0,2
BRDA:37,1,1,0
BRDA:41,2,0,3
BRDA:41,2,1,2
BRDA:43,3,0,3
BRDA:43,3,1,0
BRDA:55,4,0,1
BRDA:55,4,1,3
BRDA:55,5,0,4
BRDA:55,5,1,3
BRDA:57,6,0,3
BRDA:57,6,1,0
BRDA:105,7,0,2
BRDA:105,7,1,1
BRDA:111,8,0,1
BRDA:111,8,1,0
BRF:18
BRH:13
end_of_record
TN:
SF:src/components/organisms/auth/SocialAuthProviders.tsx
FN:20,(anonymous_0)
FN:31,(anonymous_1)
FN:34,(anonymous_2)
FN:55,(anonymous_3)
FN:83,(anonymous_4)
FNF:5
FNH:5
FNDA:12,(anonymous_0)
FNDA:4,(anonymous_1)
FNDA:2,(anonymous_2)
FNDA:1,(anonymous_3)
FNDA:2,(anonymous_4)
DA:20,2
DA:24,12
DA:25,12
DA:26,12
DA:27,12
DA:28,12
DA:31,12
DA:32,4
DA:34,2
DA:35,2
DA:37,2
DA:38,2
DA:42,2
DA:43,1
DA:44,1
DA:47,0
DA:48,0
DA:51,2
DA:55,12
DA:56,1
DA:58,1
DA:59,1
DA:60,1
DA:61,1
DA:62,1
DA:71,1
DA:73,0
DA:74,0
DA:75,0
DA:76,0
DA:79,1
DA:83,12
DA:84,2
DA:85,2
DA:86,2
DA:87,1
DA:88,1
DA:97,1
DA:99,1
DA:100,1
DA:101,1
DA:102,1
DA:105,2
DA:109,12
DA:153,2
LF:45
LH:39
BRDA:32,0,0,2
BRDA:32,0,1,2
BRDA:42,1,0,1
BRDA:42,1,1,1
BRDA:42,2,0,2
BRDA:42,2,1,2
BRDA:56,3,0,0
BRDA:56,3,1,1
BRDA:56,4,0,1
BRDA:56,4,1,1
BRDA:66,5,0,1
BRDA:66,5,1,0
BRDA:74,6,0,0
BRDA:74,6,1,0
BRDA:74,7,0,0
BRDA:74,7,1,0
BRDA:92,8,0,1
BRDA:92,8,1,1
BRDA:100,9,0,1
BRDA:100,9,1,0
BRDA:100,10,0,1
BRDA:100,10,1,1
BRDA:102,11,0,1
BRDA:102,11,1,0
BRDA:112,12,0,12
BRDA:112,12,1,12
BRDA:112,12,2,1
BRDA:112,12,3,1
BRDA:122,13,0,12
BRDA:122,13,1,6
BRDA:122,13,2,3
BRDA:122,13,3,3
BRF:32
BRH:24
end_of_record
TN:
SF:src/components/organisms/chat/ChatEmptyState.tsx
FN:12,(anonymous_0)
FNF:1
FNH:1
FNDA:6,(anonymous_0)
DA:12,1
DA:17,6
DA:32,1
LF:3
LH:3
BRDA:13,0,0,3
BRDA:14,1,0,3
BRDA:15,2,0,3
BRF:3
BRH:3
end_of_record
TN:
SF:src/components/organisms/chat/ChatHeader.tsx
FN:14,(anonymous_0)
FN:40,(anonymous_1)
FNF:2
FNH:2
FNDA:7,(anonymous_0)
FNDA:12,(anonymous_1)
DA:14,1
DA:19,7
DA:21,7
DA:41,12
DA:53,1
LF:5
LH:5
BRDA:16,0,0,6
BRDA:17,1,0,0
BRDA:43,2,0,12
BRDA:43,2,1,6
BRF:4
BRH:3
end_of_record
TN:
SF:src/components/organisms/chat/ChatInputBar.tsx
FN:34,(anonymous_0)
FN:62,(anonymous_1)
FN:70,(anonymous_2)
FN:83,(anonymous_3)
FN:94,(anonymous_4)
FN:95,(anonymous_5)
FN:113,(anonymous_6)
FN:144,(anonymous_7)
FN:181,(anonymous_8)
FN:188,(anonymous_9)
FN:207,(anonymous_10)
FN:207,(anonymous_11)
FN:246,(anonymous_12)
FN:247,(anonymous_13)
FN:310,(anonymous_14)
FN:311,(anonymous_15)
FN:311,(anonymous_16)
FN:315,(anonymous_17)
FN:316,(anonymous_18)
FN:316,(anonymous_19)
FN:320,(anonymous_20)
FN:321,(anonymous_21)
FNF:22
FNH:7
FNDA:12,(anonymous_0)
FNDA:1,(anonymous_1)
FNDA:10,(anonymous_2)
FNDA:10,(anonymous_3)
FNDA:0,(anonymous_4)
FNDA:0,(anonymous_5)
FNDA:0,(anonymous_6)
FNDA:0,(anonymous_7)
FNDA:0,(anonymous_8)
FNDA:0,(anonymous_9)
FNDA:1,(anonymous_10)
FNDA:1,(anonymous_11)
FNDA:1,(anonymous_12)
FNDA:0,(anonymous_13)
FNDA:0,(anonymous_14)
FNDA:0,(anonymous_15)
FNDA:0,(anonymous_16)
FNDA:0,(anonymous_17)
FNDA:0,(anonymous_18)
FNDA:0,(anonymous_19)
FNDA:0,(anonymous_20)
FNDA:0,(anonymous_21)
DA:34,1
DA:51,12
DA:52,12
DA:53,12
DA:54,12
DA:55,12
DA:56,12
DA:57,12
DA:60,12
DA:62,12
DA:63,1
DA:64,1
DA:65,1
DA:70,12
DA:72,10
DA:73,2
DA:74,2
DA:81,2
DA:83,10
DA:84,10
DA:94,12
DA:95,0
DA:98,12
DA:114,0
DA:144,0
DA:182,0
DA:183,0
DA:184,0
DA:185,0
DA:186,0
DA:188,0
DA:207,1
DA:247,1
DA:248,1
DA:310,0
DA:311,0
DA:315,0
DA:316,0
DA:320,0
DA:322,0
DA:323,0
DA:330,1
LF:42
LH:26
BRDA:40,0,0,11
BRDA:41,1,0,11
BRDA:42,2,0,10
BRDA:44,3,0,12
BRDA:45,4,0,9
BRDA:46,5,0,12
BRDA:47,6,0,12
BRDA:60,7,0,12
BRDA:60,7,1,9
BRDA:60,7,2,3
BRDA:63,8,0,1
BRDA:63,8,1,0
BRDA:64,9,0,0
BRDA:64,9,1,1
BRDA:72,10,0,2
BRDA:72,10,1,8
BRDA:84,11,0,2
BRDA:84,11,1,8
BRDA:101,12,0,12
BRDA:101,12,1,0
BRDA:115,13,0,0
BRDA:115,13,1,0
BRDA:135,14,0,0
BRDA:135,14,1,0
BRDA:148,15,0,0
BRDA:148,15,1,0
BRDA:167,16,0,12
BRDA:167,16,1,12
BRDA:167,16,2,9
BRDA:167,16,3,9
BRDA:167,16,4,9
BRDA:167,16,5,9
BRDA:167,16,6,9
BRDA:167,16,7,9
BRDA:167,16,8,9
BRDA:167,16,9,9
BRDA:167,16,10,3
BRDA:167,16,11,1
BRDA:174,17,0,1
BRDA:174,17,1,1
BRDA:175,18,0,1
BRDA:175,18,1,1
BRDA:176,19,0,1
BRDA:176,19,1,1
BRDA:177,20,0,1
BRDA:177,20,1,1
BRDA:178,21,0,1
BRDA:178,21,1,1
BRDA:182,22,0,0
BRDA:182,22,1,0
BRDA:183,23,0,0
BRDA:183,23,1,0
BRDA:184,24,0,0
BRDA:184,24,1,0
BRDA:185,25,0,0
BRDA:185,25,1,0
BRDA:186,26,0,0
BRDA:186,26,1,0
BRDA:201,27,0,12
BRDA:201,27,1,12
BRDA:201,27,2,9
BRDA:201,27,3,9
BRDA:201,27,4,9
BRDA:201,27,5,9
BRDA:201,27,6,9
BRDA:201,27,7,9
BRDA:201,27,8,9
BRDA:201,27,9,9
BRDA:201,27,10,3
BRDA:207,28,0,1
BRDA:207,28,1,1
BRDA:211,29,0,1
BRDA:211,29,1,2
BRDA:233,30,0,2
BRDA:233,30,1,10
BRDA:242,31,0,0
BRDA:242,31,1,2
BRDA:243,32,0,0
BRDA:243,32,1,2
BRDA:285,33,0,0
BRDA:285,33,1,2
BRDA:295,34,0,3
BRDA:295,34,1,7
BRF:83
BRH:61
end_of_record
TN:
SF:src/components/organisms/chat/ChatMentionSuggestions.tsx
FN:14,(anonymous_0)
FN:36,(anonymous_1)
FN:42,(anonymous_2)
FNF:3
FNH:3
FNDA:8,(anonymous_0)
FNDA:14,(anonymous_1)
FNDA:4,(anonymous_2)
DA:14,1
DA:19,8
DA:21,8
DA:22,2
DA:25,6
DA:37,14
DA:42,4
DA:49,1
LF:8
LH:8
BRDA:21,0,0,2
BRDA:21,0,1,6
BRDA:21,1,0,8
BRDA:21,1,1,7
BRF:4
BRH:4
end_of_record
TN:
SF:src/components/organisms/chat/ChatMessageList.tsx
FN:22,(anonymous_0)
FN:34,(anonymous_1)
FN:36,(anonymous_2)
FN:42,(anonymous_3)
FN:49,(anonymous_4)
FN:58,(anonymous_5)
FN:59,(anonymous_6)
FN:65,(anonymous_7)
FN:66,(anonymous_8)
FN:82,(anonymous_9)
FN:98,(anonymous_10)
FNF:11
FNH:10
FNDA:18,(anonymous_0)
FNDA:18,(anonymous_1)
FNDA:4,(anonymous_2)
FNDA:1,(anonymous_3)
FNDA:0,(anonymous_4)
FNDA:78,(anonymous_5)
FNDA:28,(anonymous_6)
FNDA:5,(anonymous_7)
FNDA:5,(anonymous_8)
FNDA:1,(anonymous_9)
FNDA:45,(anonymous_10)
DA:22,1
DA:31,18
DA:34,18
DA:35,18
DA:36,2
DA:37,4
DA:40,2
DA:42,1
DA:43,1
DA:49,18
DA:50,0
DA:51,0
DA:54,0
DA:58,78
DA:59,18
DA:60,28
DA:61,28
DA:62,28
DA:63,2
DA:65,26
DA:66,26
DA:67,26
DA:68,2
DA:70,24
DA:71,1
DA:73,23
DA:82,18
DA:83,1
DA:94,18
DA:98,45
DA:114,1
LF:31
LH:28
BRDA:35,0,0,2
BRDA:35,0,1,16
BRDA:35,1,0,18
BRDA:35,1,1,3
BRDA:35,1,2,3
BRDA:40,2,0,1
BRDA:40,2,1,1
BRDA:50,3,0,0
BRDA:50,3,1,0
BRDA:61,4,0,28
BRDA:61,4,1,2
BRDA:62,5,0,2
BRDA:62,5,1,26
BRDA:62,6,0,28
BRDA:62,6,1,18
BRDA:65,7,0,26
BRDA:65,7,1,5
BRDA:65,7,2,5
BRDA:65,7,3,4
BRDA:65,7,4,2
BRDA:66,8,0,26
BRDA:66,8,1,5
BRDA:66,8,2,5
BRDA:66,8,3,1
BRDA:66,8,4,0
BRDA:67,9,0,2
BRDA:67,9,1,24
BRDA:67,10,0,26
BRDA:67,10,1,16
BRDA:70,11,0,1
BRDA:70,11,1,23
BRDA:70,12,0,24
BRDA:70,12,1,14
BRF:33
BRH:30
end_of_record
TN:
SF:src/components/organisms/chat/ChatTypingIndicators.tsx
FN:12,(anonymous_0)
FN:31,(anonymous_1)
FN:50,(anonymous_2)
FN:59,(anonymous_3)
FNF:4
FNH:4
FNDA:8,(anonymous_0)
FNDA:24,(anonymous_1)
FNDA:4,(anonymous_2)
FNDA:6,(anonymous_3)
DA:12,1
DA:13,8
DA:15,8
DA:32,24
DA:50,1
DA:53,4
DA:54,1
DA:57,3
DA:60,6
DA:66,1
LF:10
LH:10
BRDA:53,0,0,1
BRDA:53,0,1,3
BRF:2
BRH:2
end_of_record
TN:
SF:src/components/organisms/chat/ChatWarnings.tsx
FN:11,(anonymous_0)
FN:16,(anonymous_1)
FN:24,(anonymous_2)
FN:26,(anonymous_3)
FNF:4
FNH:4
FNDA:8,(anonymous_0)
FNDA:9,(anonymous_1)
FNDA:2,(anonymous_2)
FNDA:3,(anonymous_3)
DA:11,1
DA:16,8
DA:17,9
DA:20,8
DA:21,2
DA:24,6
DA:26,2
DA:27,3
DA:30,2
DA:31,2
DA:35,6
LF:11
LH:11
BRDA:17,0,0,9
BRDA:17,0,1,3
BRDA:20,1,0,2
BRDA:20,1,1,6
BRDA:27,2,0,3
BRDA:27,2,1,1
BRDA:30,3,0,2
BRDA:30,3,1,0
BRDA:30,4,0,2
BRDA:30,4,1,2
BRF:10
BRH:9
end_of_record
TN:
SF:src/components/organisms/chat/DocumentUploadModal.tsx
FN:24,(anonymous_0)
FN:28,(anonymous_1)
FN:47,(anonymous_2)
FN:58,(anonymous_3)
FNF:4
FNH:3
FNDA:19,(anonymous_0)
FNDA:8,(anonymous_1)
FNDA:2,(anonymous_2)
FNDA:0,(anonymous_3)
DA:24,1
DA:25,19
DA:26,19
DA:28,19
DA:29,8
DA:30,8
DA:31,6
DA:32,6
DA:33,1
DA:34,1
DA:36,5
DA:37,5
DA:38,5
DA:39,1
DA:40,1
DA:43,4
DA:44,4
DA:47,19
DA:48,2
DA:49,1
DA:50,1
DA:51,1
DA:54,19
DA:97,1
LF:24
LH:24
BRDA:30,0,0,2
BRDA:30,0,1,6
BRDA:30,1,0,8
BRDA:30,1,1,6
BRDA:32,2,0,1
BRDA:32,2,1,5
BRDA:32,3,0,6
BRDA:32,3,1,1
BRDA:36,4,0,5
BRDA:36,4,1,0
BRDA:38,5,0,1
BRDA:38,5,1,4
BRDA:39,6,0,1
BRDA:39,6,1,0
BRDA:43,7,0,4
BRDA:43,7,1,1
BRDA:43,8,0,4
BRDA:43,8,1,1
BRDA:43,9,0,1
BRDA:43,9,1,0
BRDA:48,10,0,1
BRDA:48,10,1,1
BRDA:61,11,0,19
BRDA:61,11,1,0
BRDA:70,12,0,19
BRDA:70,12,1,4
BRDA:75,13,0,4
BRDA:75,13,1,0
BRF:28
BRH:23
end_of_record
TN:
SF:src/components/organisms/chat/ImageBubble.tsx
FN:11,(anonymous_0)
FN:15,(anonymous_1)
FN:24,(anonymous_2)
FN:27,(anonymous_3)
FN:37,(anonymous_4)
FN:37,(anonymous_5)
FN:38,(anonymous_6)
FN:41,(anonymous_7)
FN:67,calcHeight
FNF:9
FNH:9
FNDA:11,(anonymous_0)
FNDA:9,(anonymous_1)
FNDA:13,(anonymous_2)
FNDA:3,(anonymous_3)
FNDA:1,(anonymous_4)
FNDA:1,(anonymous_5)
FNDA:1,(anonymous_6)
FNDA:1,(anonymous_7)
FNDA:13,calcHeight
DA:11,2
DA:12,11
DA:13,11
DA:14,11
DA:15,11
DA:16,9
DA:18,9
DA:20,11
DA:22,9
DA:25,13
DA:27,3
DA:37,1
DA:39,1
DA:40,1
DA:41,1
DA:53,2
DA:69,13
LF:17
LH:17
BRDA:20,0,0,2
BRDA:20,0,1,9
BRDA:20,1,0,11
BRDA:20,1,1,10
BRDA:39,2,0,1
BRDA:39,2,1,0
BRDA:40,3,0,1
BRDA:40,3,1,0
BRDA:44,4,0,13
BRDA:44,4,1,1
BRF:10
BRH:8
end_of_record
TN:
SF:src/components/organisms/chat/ImageGeneratingRow.tsx
FN:15,(anonymous_0)
FN:22,(anonymous_1)
FN:32,(anonymous_2)
FN:32,(anonymous_3)
FN:33,(anonymous_4)
FN:39,(anonymous_5)
FN:55,(anonymous_6)
FN:68,(anonymous_7)
FN:110,(anonymous_8)
FN:114,(anonymous_9)
FNF:10
FNH:7
FNDA:10,(anonymous_0)
FNDA:10,(anonymous_1)
FNDA:0,(anonymous_2)
FNDA:0,(anonymous_3)
FNDA:10,(anonymous_4)
FNDA:0,(anonymous_5)
FNDA:10,(anonymous_6)
FNDA:10,(anonymous_7)
FNDA:1,(anonymous_8)
FNDA:1,(anonymous_9)
DA:15,1
DA:16,10
DA:17,10
DA:18,10
DA:19,10
DA:20,10
DA:22,10
DA:23,10
DA:30,10
DA:31,10
DA:32,10
DA:33,10
DA:34,10
DA:35,10
DA:39,10
DA:40,0
DA:41,0
DA:44,10
DA:45,10
DA:46,10
DA:51,10
DA:52,10
DA:53,10
DA:54,10
DA:55,10
DA:56,10
DA:57,8
DA:58,7
DA:59,7
DA:60,0
DA:61,0
DA:62,0
DA:66,10
DA:67,10
DA:68,10
DA:69,10
DA:70,0
DA:72,0
DA:74,0
DA:76,0
DA:79,0
DA:83,10
DA:110,1
DA:114,1
DA:124,1
LF:45
LH:35
BRDA:41,0,0,0
BRDA:41,0,1,0
BRDA:53,1,0,10
BRDA:53,1,1,10
BRDA:56,2,0,2
BRDA:56,2,1,8
BRDA:57,3,0,1
BRDA:57,3,1,7
BRDA:59,4,0,7
BRDA:59,4,1,0
BRDA:60,5,0,0
BRDA:60,5,1,0
BRDA:61,6,0,0
BRDA:61,6,1,0
BRDA:67,7,0,10
BRDA:67,7,1,8
BRDA:69,8,0,10
BRDA:69,8,1,0
BRDA:70,9,0,0
BRDA:70,9,1,0
BRDA:70,9,2,0
BRDA:70,9,3,0
BRDA:70,9,4,0
BRDA:93,10,0,10
BRDA:93,10,1,0
BRDA:113,11,0,3
BRDA:113,11,1,7
BRDA:113,12,0,10
BRDA:113,12,1,8
BRF:29
BRH:15
end_of_record
TN:
SF:src/components/organisms/chat/ImageGenerationModal.tsx
FN:18,(anonymous_0)
FN:29,(anonymous_1)
FN:33,(anonymous_2)
FN:59,(anonymous_3)
FN:78,(anonymous_4)
FN:79,(anonymous_5)
FN:80,(anonymous_6)
FN:81,(anonymous_7)
FN:87,(anonymous_8)
FN:88,(anonymous_9)
FN:89,(anonymous_10)
FN:90,(anonymous_11)
FN:91,(anonymous_12)
FN:92,(anonymous_13)
FN:106,(anonymous_14)
FNF:15
FNH:14
FNDA:51,(anonymous_0)
FNDA:26,(anonymous_1)
FNDA:500,(anonymous_2)
FNDA:0,(anonymous_3)
FNDA:2,(anonymous_4)
FNDA:1,(anonymous_5)
FNDA:3,(anonymous_6)
FNDA:3,(anonymous_7)
FNDA:1,(anonymous_8)
FNDA:4,(anonymous_9)
FNDA:2,(anonymous_10)
FNDA:2,(anonymous_11)
FNDA:3,(anonymous_12)
FNDA:1,(anonymous_13)
FNDA:6,(anonymous_14)
DA:16,1
DA:18,1
DA:24,51
DA:25,51
DA:26,51
DA:27,51
DA:29,51
DA:30,26
DA:33,51
DA:34,500
DA:49,51
DA:78,2
DA:79,1
DA:80,3
DA:81,3
DA:87,1
DA:88,4
DA:89,2
DA:90,2
DA:91,3
DA:92,1
DA:106,6
DA:123,1
LF:23
LH:23
BRDA:25,0,0,51
BRDA:25,0,1,31
BRDA:30,1,0,26
BRDA:30,1,1,17
BRDA:39,2,0,100
BRDA:39,2,1,400
BRDA:40,3,0,100
BRDA:40,3,1,400
BRDA:45,4,0,100
BRDA:45,4,1,400
BRDA:62,5,0,51
BRDA:62,5,1,0
BRDA:109,6,0,24
BRDA:109,6,1,27
BRF:14
BRH:13
end_of_record
TN:
SF:src/components/organisms/chat/ImageLightboxModal.tsx
FN:18,(anonymous_0)
FN:21,(anonymous_1)
FN:30,(anonymous_2)
FN:43,(anonymous_3)
FNF:4
FNH:3
FNDA:8,(anonymous_0)
FNDA:1,(anonymous_1)
FNDA:2,(anonymous_2)
FNDA:0,(anonymous_3)
DA:18,1
DA:19,8
DA:21,8
DA:22,1
DA:23,1
DA:24,1
DA:25,1
DA:27,0
DA:30,8
DA:31,2
DA:32,2
DA:33,1
DA:35,1
DA:39,8
DA:84,1
LF:15
LH:14
BRDA:24,0,0,1
BRDA:24,0,1,0
BRDA:35,1,0,1
BRDA:35,1,1,0
BRF:4
BRH:2
end_of_record
TN:
SF:src/components/organisms/chat/ImageMessageRow.tsx
FN:16,(anonymous_0)
FN:19,(anonymous_1)
FN:19,(anonymous_2)
FN:29,(anonymous_3)
FN:31,(anonymous_4)
FN:36,(anonymous_5)
FN:43,(anonymous_6)
FNF:7
FNH:6
FNDA:10,(anonymous_0)
FNDA:11,(anonymous_1)
FNDA:10,(anonymous_2)
FNDA:1,(anonymous_3)
FNDA:1,(anonymous_4)
FNDA:1,(anonymous_5)
FNDA:0,(anonymous_6)
DA:16,1
DA:17,10
DA:18,10
DA:19,11
DA:20,10
DA:22,9
DA:29,1
DA:32,1
DA:36,1
DA:43,0
DA:48,1
LF:11
LH:10
BRDA:19,0,0,10
BRDA:19,0,1,0
BRDA:20,1,0,1
BRDA:20,1,1,9
BRDA:36,2,0,1
BRDA:36,2,1,0
BRDA:43,3,0,9
BRDA:43,3,1,8
BRF:8
BRH:6
end_of_record
TN:
SF:src/components/organisms/chat/ImageUploadModal.tsx
FN:18,(anonymous_0)
FN:22,(anonymous_1)
FN:35,(anonymous_2)
FN:48,(anonymous_3)
FN:62,(anonymous_4)
FNF:5
FNH:4
FNDA:39,(anonymous_0)
FNDA:12,(anonymous_1)
FNDA:5,(anonymous_2)
FNDA:4,(anonymous_3)
FNDA:0,(anonymous_4)
DA:18,1
DA:19,39
DA:20,39
DA:22,39
DA:23,12
DA:24,12
DA:25,2
DA:26,2
DA:28,10
DA:29,10
DA:30,9
DA:31,9
DA:32,9
DA:35,39
DA:36,5
DA:37,5
DA:38,2
DA:39,2
DA:41,3
DA:42,3
DA:43,2
DA:44,2
DA:45,2
DA:48,39
DA:49,4
DA:50,1
DA:51,1
DA:53,3
DA:54,3
DA:55,3
DA:58,39
DA:107,1
LF:32
LH:32
BRDA:24,0,0,2
BRDA:24,0,1,10
BRDA:29,1,0,1
BRDA:29,1,1,9
BRDA:29,2,0,10
BRDA:29,2,1,9
BRDA:31,3,0,9
BRDA:31,3,1,1
BRDA:31,4,0,9
BRDA:31,4,1,1
BRDA:37,5,0,2
BRDA:37,5,1,3
BRDA:42,6,0,1
BRDA:42,6,1,2
BRDA:42,7,0,3
BRDA:42,7,1,2
BRDA:44,8,0,2
BRDA:44,8,1,0
BRDA:44,9,0,2
BRDA:44,9,1,0
BRDA:49,10,0,1
BRDA:49,10,1,3
BRDA:65,11,0,39
BRDA:65,11,1,0
BRDA:79,12,0,39
BRDA:79,12,1,11
BRDA:84,13,0,11
BRDA:84,13,1,0
BRF:28
BRH:24
end_of_record
TN:
SF:src/components/organisms/chat/VideoLightboxModal.tsx
FN:17,(anonymous_0)
FN:21,(anonymous_1)
FN:28,(anonymous_2)
FN:41,(anonymous_3)
FNF:4
FNH:3
FNDA:8,(anonymous_0)
FNDA:1,(anonymous_1)
FNDA:2,(anonymous_2)
FNDA:0,(anonymous_3)
DA:17,1
DA:18,8
DA:19,8
DA:21,8
DA:22,1
DA:23,1
DA:24,1
DA:25,0
DA:28,8
DA:29,2
DA:30,2
DA:31,1
DA:33,1
DA:37,8
DA:77,1
LF:15
LH:14
BRDA:24,0,0,1
BRDA:24,0,1,0
BRDA:33,1,0,1
BRDA:33,1,1,0
BRF:4
BRH:2
end_of_record
TN:
SF:src/components/organisms/chat/VideoMessageRow.tsx
FN:15,(anonymous_0)
FN:18,(anonymous_1)
FN:18,(anonymous_2)
FN:28,(anonymous_3)
FN:32,(anonymous_4)
FN:35,(anonymous_5)
FN:42,(anonymous_6)
FNF:7
FNH:6
FNDA:12,(anonymous_0)
FNDA:12,(anonymous_1)
FNDA:11,(anonymous_2)
FNDA:1,(anonymous_3)
FNDA:2,(anonymous_4)
FNDA:2,(anonymous_5)
FNDA:0,(anonymous_6)
DA:15,1
DA:16,12
DA:17,12
DA:18,12
DA:19,12
DA:21,11
DA:28,1
DA:32,2
DA:35,2
DA:42,0
DA:47,1
LF:11
LH:10
BRDA:18,0,0,12
BRDA:18,0,1,0
BRDA:19,1,0,1
BRDA:19,1,1,11
BRDA:35,2,0,2
BRDA:35,2,1,0
BRDA:42,3,0,11
BRDA:42,3,1,10
BRF:8
BRH:6
end_of_record
TN:
SF:src/components/organisms/chat/VoiceModal.tsx
FN:30,(anonymous_0)
FN:37,(anonymous_1)
FN:38,(anonymous_2)
FN:47,(anonymous_3)
FN:49,(anonymous_4)
FN:50,(anonymous_5)
FN:53,(anonymous_6)
FN:61,(anonymous_7)
FN:76,(anonymous_8)
FN:79,(anonymous_9)
FN:105,(anonymous_10)
FN:120,(anonymous_11)
FN:153,(anonymous_12)
FN:166,(anonymous_13)
FNF:14
FNH:11
FNDA:59,(anonymous_0)
FNDA:59,(anonymous_1)
FNDA:59,(anonymous_2)
FNDA:27,(anonymous_3)
FNDA:0,(anonymous_4)
FNDA:2,(anonymous_5)
FNDA:2,(anonymous_6)
FNDA:15,(anonymous_7)
FNDA:8,(anonymous_8)
FNDA:8,(anonymous_9)
FNDA:8,(anonymous_10)
FNDA:0,(anonymous_11)
FNDA:0,(anonymous_12)
FNDA:1,(anonymous_13)
DA:30,1
DA:31,59
DA:32,59
DA:33,59
DA:34,59
DA:35,59
DA:36,59
DA:37,59
DA:38,59
DA:39,59
DA:40,59
DA:41,59
DA:44,59
DA:47,59
DA:48,27
DA:49,2
DA:50,2
DA:53,59
DA:54,2
DA:55,0
DA:57,2
DA:61,59
DA:62,15
DA:63,15
DA:65,15
DA:66,15
DA:67,15
DA:68,2
DA:69,2
DA:70,2
DA:72,13
DA:73,13
DA:75,13
DA:77,8
DA:80,8
DA:83,13
DA:84,0
DA:86,0
DA:87,0
DA:88,0
DA:91,0
DA:92,0
DA:93,0
DA:94,0
DA:96,0
DA:101,0
DA:105,59
DA:106,8
DA:107,8
DA:108,8
DA:109,8
DA:110,8
DA:111,8
DA:112,8
DA:113,8
DA:114,8
DA:115,8
DA:116,0
DA:117,0
DA:118,0
DA:120,0
DA:122,0
DA:124,0
DA:129,0
DA:132,8
DA:133,6
DA:134,6
DA:135,6
DA:140,2
DA:142,8
DA:143,8
DA:149,59
DA:166,1
DA:221,1
LF:74
LH:56
BRDA:39,0,0,59
BRDA:39,0,1,2
BRDA:48,1,0,25
BRDA:48,1,1,2
BRDA:54,2,0,0
BRDA:54,2,1,2
BRDA:67,3,0,2
BRDA:67,3,1,13
BRDA:83,4,0,0
BRDA:83,4,1,13
BRDA:91,5,0,0
BRDA:91,5,1,0
BRDA:109,6,0,8
BRDA:109,6,1,0
BRDA:114,7,0,8
BRDA:114,7,1,0
BRDA:115,8,0,0
BRDA:115,8,1,8
BRDA:115,9,0,8
BRDA:115,9,1,0
BRDA:115,9,2,0
BRDA:117,10,0,0
BRDA:117,10,1,0
BRDA:124,11,0,0
BRDA:124,11,1,0
BRDA:129,12,0,0
BRDA:129,12,1,0
BRDA:140,13,0,2
BRDA:140,13,1,0
BRDA:156,14,0,59
BRDA:156,14,1,0
BRDA:166,15,0,57
BRDA:166,15,1,2
BRDA:168,16,0,1
BRDA:168,16,1,58
BRDA:171,17,0,59
BRDA:171,17,1,2
BRDA:181,18,0,15
BRDA:181,18,1,44
BRDA:183,19,0,15
BRDA:183,19,1,44
BRDA:183,20,0,8
BRDA:183,20,1,51
BRDA:187,21,0,15
BRDA:187,21,1,44
BRDA:191,22,0,59
BRDA:191,22,1,2
BRF:47
BRH:30
end_of_record
TN:
SF:src/components/organisms/common/AIAvatar.tsx
FN:21,(anonymous_0)
FN:41,(anonymous_1)
FN:50,(anonymous_2)
FN:54,(anonymous_3)
FNF:4
FNH:4
FNDA:7,(anonymous_0)
FNDA:7,(anonymous_1)
FNDA:7,(anonymous_2)
FNDA:7,(anonymous_3)
DA:21,22
DA:30,7
DA:31,7
DA:33,7
DA:39,7
DA:41,7
DA:42,7
DA:43,0
DA:50,7
DA:54,7
DA:55,7
DA:56,6
DA:68,1
DA:70,1
DA:72,1
DA:86,0
DA:87,0
DA:99,0
DA:102,7
LF:19
LH:15
BRDA:23,0,0,4
BRDA:24,1,0,1
BRDA:26,2,0,3
BRDA:42,3,0,0
BRDA:42,3,1,7
BRDA:55,4,0,6
BRDA:55,4,1,1
BRDA:55,5,0,7
BRDA:55,5,1,6
BRDA:60,6,0,6
BRDA:60,6,1,2
BRDA:68,7,0,1
BRDA:68,7,1,0
BRDA:68,8,0,1
BRDA:68,8,1,1
BRDA:74,9,0,0
BRDA:74,9,1,1
BRDA:79,10,0,1
BRDA:79,10,1,1
BRDA:86,11,0,0
BRDA:86,11,1,0
BRDA:91,12,0,0
BRDA:91,12,1,0
BRDA:104,13,0,1
BRDA:104,13,1,6
BRDA:112,14,0,1
BRDA:112,14,1,0
BRDA:125,15,0,4
BRDA:125,15,1,2
BRDA:131,16,0,6
BRDA:131,16,1,2
BRF:31
BRH:23
end_of_record
TN:
SF:src/components/organisms/common/AIServiceLoading.tsx
FN:9,(anonymous_0)
FNF:1
FNH:1
FNDA:2,(anonymous_0)
DA:9,2
DA:10,2
DA:11,1
DA:26,1
DA:41,2
LF:5
LH:5
BRDA:10,0,0,1
BRDA:10,0,1,1
BRF:2
BRH:2
end_of_record
TN:
SF:src/components/organisms/common/AppLogo.tsx
FN:21,(anonymous_0)
FN:40,(anonymous_1)
FN:72,(anonymous_2)
FN:78,(anonymous_3)
FN:85,(anonymous_4)
FN:105,(anonymous_5)
FNF:6
FNH:6
FNDA:2,(anonymous_0)
FNDA:2,(anonymous_1)
FNDA:2,(anonymous_2)
FNDA:2,(anonymous_3)
FNDA:2,(anonymous_4)
FNDA:18,(anonymous_5)
DA:21,19
DA:22,2
DA:23,2
DA:24,2
DA:25,2
DA:28,2
DA:40,2
DA:42,2
DA:52,2
DA:62,2
DA:72,2
DA:78,2
DA:85,2
DA:91,2
DA:106,18
DA:107,18
DA:108,18
DA:109,18
DA:110,18
DA:112,18
DA:160,19
LF:21
LH:21
BRDA:21,0,0,0
BRDA:98,1,0,0
BRDA:98,1,1,2
BRDA:100,2,0,0
BRDA:100,2,1,2
BRF:5
BRH:2
end_of_record
TN:
SF:src/components/organisms/common/ErrorBoundary.tsx
FN:23,(anonymous_0)
FN:73,(anonymous_1)
FN:78,(anonymous_2)
FN:82,(anonymous_3)
FN:90,(anonymous_4)
FN:94,(anonymous_5)
FNF:6
FNH:6
FNDA:2,(anonymous_0)
FNDA:5,(anonymous_1)
FNDA:4,(anonymous_2)
FNDA:2,(anonymous_3)
FNDA:1,(anonymous_4)
FNDA:10,(anonymous_5)
DA:23,2
DA:24,2
DA:26,2
DA:74,5
DA:75,5
DA:79,4
DA:83,2
DA:85,2
DA:86,1
DA:90,5
DA:91,1
DA:95,10
DA:96,4
DA:98,4
DA:106,6
DA:110,2
LF:16
LH:16
BRDA:49,0,0,2
BRDA:49,0,1,2
BRDA:49,0,2,2
BRDA:85,1,0,1
BRDA:85,1,1,1
BRDA:95,2,0,4
BRDA:95,2,1,6
BRDA:96,3,0,4
BRDA:96,3,1,2
BRDA:100,4,0,4
BRDA:100,4,1,0
BRF:11
BRH:10
end_of_record
TN:
SF:src/components/organisms/common/Header.tsx
FN:31,(anonymous_0)
FN:55,(anonymous_1)
FN:63,(anonymous_2)
FN:173,(anonymous_3)
FN:212,(anonymous_4)
FN:221,(anonymous_5)
FN:223,(anonymous_6)
FN:226,(anonymous_7)
FN:232,(anonymous_8)
FN:253,(anonymous_9)
FN:263,(anonymous_10)
FN:268,(anonymous_11)
FN:280,(anonymous_12)
FN:317,(anonymous_13)
FN:320,(anonymous_14)
FN:325,(anonymous_15)
FN:345,(anonymous_16)
FN:368,(anonymous_17)
FN:431,(anonymous_18)
FN:453,(anonymous_19)
FN:625,(anonymous_20)
FN:728,(anonymous_21)
FNF:22
FNH:21
FNDA:1,(anonymous_0)
FNDA:1,(anonymous_1)
FNDA:1,(anonymous_2)
FNDA:33,(anonymous_3)
FNDA:1,(anonymous_4)
FNDA:11,(anonymous_5)
FNDA:0,(anonymous_6)
FNDA:8,(anonymous_7)
FNDA:33,(anonymous_8)
FNDA:33,(anonymous_9)
FNDA:33,(anonymous_10)
FNDA:33,(anonymous_11)
FNDA:33,(anonymous_12)
FNDA:33,(anonymous_13)
FNDA:33,(anonymous_14)
FNDA:33,(anonymous_15)
FNDA:90,(anonymous_16)
FNDA:30,(anonymous_17)
FNDA:3,(anonymous_18)
FNDA:33,(anonymous_19)
FNDA:3,(anonymous_20)
FNDA:33,(anonymous_21)
DA:31,2
DA:36,1
DA:55,2
DA:61,1
DA:63,1
DA:64,1
DA:65,1
DA:68,1
DA:69,1
DA:70,1
DA:73,1
DA:77,1
DA:167,2
DA:168,2
DA:171,2
DA:173,2
DA:193,33
DA:194,33
DA:195,33
DA:196,33
DA:197,33
DA:199,33
DA:202,33
DA:203,33
DA:206,33
DA:207,33
DA:208,33
DA:212,33
DA:213,1
DA:214,1
DA:215,0
DA:216,0
DA:217,0
DA:221,33
DA:222,11
DA:223,8
DA:224,0
DA:226,8
DA:228,3
DA:232,33
DA:233,33
DA:235,30
DA:236,30
DA:241,30
DA:245,30
DA:253,33
DA:254,33
DA:255,30
DA:263,33
DA:268,33
DA:276,33
DA:277,33
DA:280,33
DA:281,33
DA:283,30
DA:290,0
DA:297,0
DA:304,3
DA:313,33
DA:314,33
DA:317,33
DA:320,33
DA:325,33
DA:326,33
DA:328,30
DA:332,30
DA:333,30
DA:334,30
DA:335,30
DA:337,30
DA:338,30
DA:339,30
DA:341,30
DA:346,90
DA:368,33
DA:369,30
DA:370,1
DA:382,29
DA:383,29
DA:384,0
DA:385,0
DA:386,0
DA:387,0
DA:389,0
DA:415,29
DA:431,33
DA:432,3
DA:435,1
DA:436,0
DA:440,1
DA:453,33
DA:454,33
DA:455,33
DA:458,33
DA:459,0
DA:472,33
DA:473,0
DA:486,33
DA:487,1
DA:488,1
DA:513,32
DA:514,30
DA:579,2
DA:625,33
DA:626,3
DA:627,0
DA:630,3
DA:631,1
DA:643,2
DA:646,33
DA:648,33
DA:650,33
DA:728,2
DA:733,33
LF:114
LH:99
BRDA:32,0,0,0
BRDA:33,1,0,0
BRDA:34,2,0,0
BRDA:57,3,0,0
BRDA:58,4,0,0
BRDA:69,5,0,0
BRDA:69,5,1,1
BRDA:70,6,0,0
BRDA:70,6,1,1
BRDA:73,7,0,0
BRDA:73,7,1,1
BRDA:94,8,0,0
BRDA:94,8,1,1
BRDA:98,9,0,0
BRDA:98,9,1,1
BRDA:174,10,0,3
BRDA:176,11,0,4
BRDA:177,12,0,33
BRDA:181,13,0,32
BRDA:185,14,0,4
BRDA:186,15,0,4
BRDA:191,16,0,4
BRDA:202,17,0,29
BRDA:202,17,1,4
BRDA:203,18,0,29
BRDA:203,18,1,4
BRDA:207,19,0,29
BRDA:207,19,1,4
BRDA:208,20,0,29
BRDA:208,20,1,4
BRDA:214,21,0,1
BRDA:214,21,1,0
BRDA:215,22,0,0
BRDA:215,22,1,0
BRDA:216,23,0,0
BRDA:216,23,1,0
BRDA:222,24,0,8
BRDA:222,24,1,3
BRDA:222,25,0,11
BRDA:222,25,1,4
BRDA:233,26,0,30
BRDA:233,26,1,3
BRDA:233,27,0,33
BRDA:233,27,1,4
BRDA:254,28,0,30
BRDA:254,28,1,3
BRDA:254,29,0,33
BRDA:254,29,1,30
BRDA:276,30,0,33
BRDA:276,30,1,33
BRDA:276,31,0,0
BRDA:276,31,1,33
BRDA:281,32,0,30
BRDA:281,32,1,0
BRDA:281,32,2,0
BRDA:281,32,3,3
BRDA:326,33,0,3
BRDA:326,33,1,30
BRDA:328,34,0,0
BRDA:328,34,1,30
BRDA:352,35,0,30
BRDA:352,35,1,30
BRDA:369,36,0,1
BRDA:369,36,1,29
BRDA:383,37,0,0
BRDA:383,37,1,29
BRDA:384,38,0,0
BRDA:384,38,1,0
BRDA:394,39,0,0
BRDA:394,39,1,0
BRDA:406,40,0,0
BRDA:406,40,1,0
BRDA:422,41,0,29
BRDA:422,41,1,29
BRDA:432,42,0,2
BRDA:432,42,1,1
BRDA:432,43,0,3
BRDA:432,43,1,1
BRDA:435,44,0,0
BRDA:435,44,1,1
BRDA:454,45,0,30
BRDA:454,45,1,3
BRDA:455,46,0,30
BRDA:455,46,1,3
BRDA:458,47,0,0
BRDA:458,47,1,33
BRDA:458,48,0,33
BRDA:458,48,1,0
BRDA:460,49,0,0
BRDA:460,49,1,0
BRDA:472,50,0,0
BRDA:472,50,1,33
BRDA:474,51,0,0
BRDA:474,51,1,0
BRDA:486,52,0,1
BRDA:486,52,1,32
BRDA:487,53,0,1
BRDA:487,53,1,1
BRDA:489,54,0,1
BRDA:489,54,1,0
BRDA:494,55,0,1
BRDA:494,55,1,1
BRDA:503,56,0,1
BRDA:503,56,1,0
BRDA:506,57,0,1
BRDA:506,57,1,1
BRDA:513,58,0,30
BRDA:513,58,1,2
BRDA:517,59,0,30
BRDA:517,59,1,0
BRDA:517,59,2,0
BRDA:541,60,0,30
BRDA:541,60,1,29
BRDA:541,60,2,29
BRDA:562,61,0,30
BRDA:562,61,1,29
BRDA:580,62,0,2
BRDA:580,62,1,0
BRDA:581,63,0,0
BRDA:581,63,1,2
BRDA:587,64,0,0
BRDA:587,64,1,0
BRDA:594,65,0,0
BRDA:594,65,1,0
BRDA:606,66,0,2
BRDA:606,66,1,0
BRDA:613,67,0,2
BRDA:613,67,1,1
BRDA:626,68,0,0
BRDA:626,68,1,3
BRDA:630,69,0,1
BRDA:630,69,1,2
BRDA:636,70,0,1
BRDA:636,70,1,0
BRDA:646,71,0,0
BRDA:646,71,1,33
BRDA:646,72,0,33
BRDA:646,72,1,29
BRDA:648,73,0,30
BRDA:648,73,1,3
BRDA:655,74,0,33
BRDA:655,74,1,30
BRDA:671,75,0,30
BRDA:671,75,1,3
BRDA:682,76,0,30
BRDA:682,76,1,29
BRDA:689,77,0,30
BRDA:689,77,1,29
BRDA:697,78,0,29
BRDA:697,78,1,0
BRDA:704,79,0,30
BRDA:704,79,1,6
BRDA:714,80,0,0
BRDA:714,80,1,3
BRDA:714,81,0,3
BRDA:714,81,1,0
BRF:156
BRH:105
end_of_record
TN:
SF:src/components/organisms/common/MessageBubble.tsx
FN:34,(anonymous_0)
FN:41,(anonymous_1)
FN:55,(anonymous_2)
FN:59,(anonymous_3)
FN:72,(anonymous_4)
FN:82,(anonymous_5)
FN:90,(anonymous_6)
FN:102,(anonymous_7)
FN:153,(anonymous_8)
FN:162,(anonymous_9)
FN:167,(anonymous_10)
FN:200,(anonymous_11)
FN:208,(anonymous_12)
FN:212,(anonymous_13)
FN:280,(anonymous_14)
FN:281,(anonymous_15)
FN:289,(anonymous_16)
FN:310,(anonymous_17)
FN:311,(anonymous_18)
FN:319,(anonymous_19)
FN:342,(anonymous_20)
FN:342,(anonymous_21)
FN:357,(anonymous_22)
FN:361,(anonymous_23)
FN:411,(anonymous_24)
FN:414,(anonymous_25)
FNF:26
FNH:13
FNDA:0,(anonymous_0)
FNDA:0,(anonymous_1)
FNDA:1,(anonymous_2)
FNDA:3,(anonymous_3)
FNDA:2,(anonymous_4)
FNDA:1,(anonymous_5)
FNDA:1,(anonymous_6)
FNDA:2,(anonymous_7)
FNDA:2,(anonymous_8)
FNDA:2,(anonymous_9)
FNDA:2,(anonymous_10)
FNDA:2,(anonymous_11)
FNDA:2,(anonymous_12)
FNDA:2,(anonymous_13)
FNDA:0,(anonymous_14)
FNDA:0,(anonymous_15)
FNDA:0,(anonymous_16)
FNDA:0,(anonymous_17)
FNDA:0,(anonymous_18)
FNDA:0,(anonymous_19)
FNDA:0,(anonymous_20)
FNDA:0,(anonymous_21)
FNDA:0,(anonymous_22)
FNDA:0,(anonymous_23)
FNDA:1,(anonymous_24)
FNDA:0,(anonymous_25)
DA:34,2
DA:35,0
DA:36,0
DA:37,0
DA:39,0
DA:42,0
DA:55,2
DA:56,1
DA:57,1
DA:59,1
DA:60,3
DA:61,1
DA:67,2
DA:72,2
DA:73,2
DA:74,2
DA:82,2
DA:83,1
DA:86,1
DA:87,1
DA:90,1
DA:91,1
DA:93,1
DA:99,1
DA:102,2
DA:103,2
DA:104,2
DA:105,2
DA:106,2
DA:107,2
DA:115,2
DA:118,2
DA:119,2
DA:120,2
DA:121,2
DA:123,2
DA:125,0
DA:128,0
DA:129,0
DA:130,0
DA:131,0
DA:132,0
DA:133,0
DA:134,0
DA:135,0
DA:137,0
DA:141,0
DA:142,0
DA:146,0
DA:148,2
DA:150,0
DA:153,2
DA:154,2
DA:155,0
DA:162,2
DA:167,2
DA:168,2
DA:171,1
DA:174,1
DA:187,1
DA:189,1
DA:190,1
DA:198,2
DA:200,2
DA:201,2
DA:202,1
DA:208,2
DA:209,2
DA:212,2
DA:214,2
DA:281,0
DA:282,0
DA:284,0
DA:290,0
DA:291,0
DA:292,0
DA:293,0
DA:311,0
DA:312,0
DA:314,0
DA:320,0
DA:321,0
DA:322,0
DA:323,0
DA:342,0
DA:358,0
DA:359,0
DA:360,0
DA:361,0
DA:363,0
DA:412,1
DA:414,0
DA:453,2
LF:93
LH:52
BRDA:42,0,0,0
BRDA:42,0,1,0
BRDA:60,1,0,1
BRDA:60,1,1,2
BRDA:86,2,0,1
BRDA:86,2,1,0
BRDA:86,3,0,1
BRDA:86,3,1,1
BRDA:104,4,0,0
BRDA:104,4,1,2
BRDA:121,5,0,2
BRDA:121,5,1,0
BRDA:123,6,0,0
BRDA:123,6,1,2
BRDA:128,7,0,0
BRDA:128,7,1,0
BRDA:130,8,0,0
BRDA:130,8,1,0
BRDA:130,9,0,0
BRDA:130,9,1,0
BRDA:132,10,0,0
BRDA:132,10,1,0
BRDA:134,11,0,0
BRDA:134,11,1,0
BRDA:134,12,0,0
BRDA:134,12,1,0
BRDA:141,13,0,0
BRDA:141,13,1,0
BRDA:142,14,0,0
BRDA:142,14,1,0
BRDA:146,15,0,0
BRDA:146,15,1,0
BRDA:148,16,0,0
BRDA:148,16,1,2
BRDA:154,17,0,0
BRDA:154,17,1,2
BRDA:168,18,0,1
BRDA:168,18,1,1
BRDA:174,19,0,0
BRDA:174,19,1,1
BRDA:174,20,0,1
BRDA:174,20,1,1
BRDA:175,21,0,1
BRDA:175,21,1,0
BRDA:176,22,0,0
BRDA:176,22,1,0
BRDA:177,23,0,0
BRDA:177,23,1,0
BRDA:178,24,0,0
BRDA:178,24,1,0
BRDA:179,25,0,0
BRDA:179,25,1,0
BRDA:180,26,0,0
BRDA:180,26,1,0
BRDA:181,27,0,0
BRDA:181,27,1,0
BRDA:182,28,0,0
BRDA:182,28,1,0
BRDA:183,29,0,0
BRDA:183,29,1,0
BRDA:184,30,0,0
BRDA:184,30,1,0
BRDA:185,31,0,0
BRDA:185,31,1,0
BRDA:187,32,0,0
BRDA:187,32,1,1
BRDA:187,33,0,1
BRDA:187,33,1,1
BRDA:201,34,0,1
BRDA:201,34,1,1
BRDA:201,35,0,2
BRDA:201,35,1,1
BRDA:218,36,0,1
BRDA:218,36,1,1
BRDA:225,37,0,1
BRDA:225,37,1,1
BRDA:228,38,0,2
BRDA:228,38,1,1
BRDA:233,39,0,0
BRDA:233,39,1,1
BRDA:233,40,0,0
BRDA:233,40,1,0
BRDA:233,41,0,1
BRDA:233,41,1,0
BRDA:235,42,0,0
BRDA:235,42,1,1
BRDA:235,43,0,1
BRDA:235,43,1,0
BRDA:242,44,0,1
BRDA:242,44,1,1
BRDA:246,45,0,0
BRDA:246,45,1,1
BRDA:246,46,0,1
BRDA:246,46,1,0
BRDA:247,47,0,0
BRDA:247,47,1,0
BRDA:248,48,0,1
BRDA:248,48,1,0
BRDA:248,49,0,0
BRDA:248,49,1,1
BRDA:251,50,0,0
BRDA:251,50,1,1
BRDA:251,51,0,1
BRDA:251,51,1,0
BRDA:252,52,0,0
BRDA:252,52,1,0
BRDA:253,53,0,1
BRDA:253,53,1,0
BRDA:257,54,0,2
BRDA:257,54,1,0
BRDA:259,55,0,0
BRDA:259,55,1,0
BRDA:264,56,0,1
BRDA:264,56,1,1
BRDA:271,57,0,0
BRDA:271,57,1,1
BRDA:276,58,0,0
BRDA:276,58,1,1
BRDA:290,59,0,0
BRDA:290,59,1,0
BRDA:292,60,0,0
BRDA:292,60,1,0
BRDA:294,61,0,0
BRDA:294,61,1,0
BRDA:300,62,0,0
BRDA:300,62,1,0
BRDA:320,63,0,0
BRDA:320,63,1,0
BRDA:322,64,0,0
BRDA:322,64,1,0
BRDA:324,65,0,0
BRDA:324,65,1,0
BRDA:330,66,0,0
BRDA:330,66,1,0
BRDA:341,67,0,1
BRDA:341,67,1,1
BRDA:341,67,2,0
BRDA:341,67,3,0
BRDA:344,68,0,1
BRDA:344,68,1,0
BRDA:349,69,0,0
BRDA:349,69,1,0
BRDA:359,70,0,0
BRDA:359,70,1,0
BRDA:370,71,0,0
BRDA:370,71,1,2
BRDA:374,72,0,0
BRDA:374,72,1,2
BRDA:376,73,0,1
BRDA:376,73,1,1
BRDA:382,74,0,2
BRDA:382,74,1,1
BRDA:382,74,2,0
BRDA:390,75,0,0
BRDA:390,75,1,0
BRDA:392,76,0,0
BRDA:392,76,1,0
BRDA:398,77,0,0
BRDA:398,77,1,0
BRDA:399,78,0,0
BRDA:399,78,1,0
BRDA:406,79,0,2
BRDA:406,79,1,1
BRDA:406,79,2,1
BRDA:406,79,3,1
BRDA:418,80,0,1
BRDA:418,80,1,1
BRDA:428,81,0,1
BRDA:428,81,1,1
BRDA:438,82,0,2
BRDA:438,82,1,1
BRDA:438,82,2,0
BRF:172
BRH:66
end_of_record
TN:
SF:src/components/organisms/common/StreamingIndicator.tsx
FN:20,(anonymous_0)
FN:32,(anonymous_1)
FN:61,(anonymous_2)
FN:65,(anonymous_3)
FN:92,(anonymous_4)
FNF:5
FNH:5
FNDA:3,(anonymous_0)
FNDA:3,(anonymous_1)
FNDA:3,(anonymous_2)
FNDA:3,(anonymous_3)
FNDA:3,(anonymous_4)
DA:20,20
DA:26,3
DA:27,3
DA:28,3
DA:30,3
DA:32,3
DA:33,3
DA:34,2
DA:36,1
DA:46,1
DA:56,1
DA:57,1
DA:61,3
DA:65,3
DA:70,3
DA:72,2
DA:73,1
DA:90,1
DA:93,3
DA:110,20
LF:20
LH:20
BRDA:22,0,0,2
BRDA:24,1,0,1
BRDA:30,2,0,3
BRDA:30,2,1,2
BRDA:33,3,0,2
BRDA:33,3,1,1
BRDA:34,4,0,1
BRDA:34,4,1,1
BRDA:70,5,0,1
BRDA:70,5,1,2
BRDA:72,6,0,1
BRDA:72,6,1,1
BRF:12
BRH:12
end_of_record
TN:
SF:src/components/organisms/compare/CompareMessageBubble.tsx
FN:25,(anonymous_0)
FN:43,(anonymous_1)
FN:55,(anonymous_2)
FN:60,(anonymous_3)
FN:65,(anonymous_4)
FN:67,(anonymous_5)
FN:120,(anonymous_6)
FN:121,(anonymous_7)
FN:129,(anonymous_8)
FN:150,(anonymous_9)
FN:151,(anonymous_10)
FN:159,(anonymous_11)
FN:182,(anonymous_12)
FN:186,(anonymous_13)
FNF:14
FNH:8
FNDA:4,(anonymous_0)
FNDA:2,(anonymous_1)
FNDA:2,(anonymous_2)
FNDA:2,(anonymous_3)
FNDA:2,(anonymous_4)
FNDA:2,(anonymous_5)
FNDA:0,(anonymous_6)
FNDA:0,(anonymous_7)
FNDA:0,(anonymous_8)
FNDA:0,(anonymous_9)
FNDA:0,(anonymous_10)
FNDA:0,(anonymous_11)
FNDA:1,(anonymous_12)
FNDA:1,(anonymous_13)
DA:25,2
DA:31,4
DA:32,4
DA:33,4
DA:40,4
DA:43,4
DA:44,2
DA:46,1
DA:47,1
DA:49,0
DA:51,1
DA:55,4
DA:56,2
DA:60,4
DA:61,2
DA:65,4
DA:67,4
DA:68,2
DA:69,0
DA:71,2
DA:74,4
DA:84,4
DA:88,4
DA:92,4
DA:94,4
DA:121,0
DA:122,0
DA:124,0
DA:130,0
DA:131,0
DA:132,0
DA:133,0
DA:151,0
DA:152,0
DA:154,0
DA:160,0
DA:161,0
DA:162,0
DA:163,0
DA:183,1
DA:184,1
DA:185,1
DA:186,1
DA:188,0
DA:209,2
LF:45
LH:28
BRDA:44,0,0,1
BRDA:44,0,1,1
BRDA:46,1,0,1
BRDA:46,1,1,0
BRDA:46,1,2,0
BRDA:47,2,0,0
BRDA:47,2,1,1
BRDA:47,3,0,1
BRDA:47,3,1,0
BRDA:68,4,0,0
BRDA:68,4,1,2
BRDA:71,5,0,2
BRDA:71,5,1,2
BRDA:74,6,0,0
BRDA:74,6,1,4
BRDA:77,7,0,0
BRDA:77,7,1,0
BRDA:80,8,0,4
BRDA:80,8,1,0
BRDA:81,9,0,4
BRDA:81,9,1,0
BRDA:84,10,0,4
BRDA:84,10,1,0
BRDA:88,11,0,0
BRDA:88,11,1,4
BRDA:97,12,0,3
BRDA:97,12,1,1
BRDA:100,13,0,4
BRDA:100,13,1,0
BRDA:102,14,0,0
BRDA:102,14,1,0
BRDA:116,15,0,1
BRDA:116,15,1,3
BRDA:130,16,0,0
BRDA:130,16,1,0
BRDA:132,17,0,0
BRDA:132,17,1,0
BRDA:134,18,0,0
BRDA:134,18,1,0
BRDA:140,19,0,0
BRDA:140,19,1,0
BRDA:160,20,0,0
BRDA:160,20,1,0
BRDA:162,21,0,0
BRDA:162,21,1,0
BRDA:164,22,0,0
BRDA:164,22,1,0
BRDA:170,23,0,0
BRDA:170,23,1,0
BRDA:184,24,0,1
BRDA:184,24,1,0
BRDA:199,25,0,1
BRDA:199,25,1,3
BRF:53
BRH:21
end_of_record
TN:
SF:src/components/organisms/compare/CompareResponsePane.tsx
FN:25,(anonymous_0)
FN:39,(anonymous_1)
FN:82,(anonymous_2)
FNF:3
FNH:3
FNDA:3,(anonymous_0)
FNDA:3,(anonymous_1)
FNDA:6,(anonymous_2)
DA:25,2
DA:36,3
DA:38,3
DA:39,3
DA:43,3
DA:46,3
DA:49,3
DA:53,3
DA:59,3
DA:83,6
DA:130,2
LF:11
LH:11
BRDA:32,0,0,2
BRDA:33,1,0,1
BRDA:43,2,0,3
BRDA:43,2,1,0
BRDA:44,3,0,0
BRDA:44,3,1,3
BRDA:45,4,0,0
BRDA:45,4,1,0
BRDA:46,5,0,3
BRDA:46,5,1,0
BRDA:47,6,0,0
BRDA:47,6,1,3
BRDA:48,7,0,0
BRDA:48,7,1,0
BRDA:48,8,0,0
BRDA:48,8,1,0
BRDA:49,9,0,3
BRDA:49,9,1,0
BRDA:51,10,0,0
BRDA:51,10,1,0
BRDA:56,11,0,1
BRDA:56,11,1,2
BRDA:62,12,0,3
BRDA:62,12,1,2
BRDA:69,13,0,1
BRDA:69,13,1,1
BRDA:71,14,0,0
BRDA:71,14,1,2
BRDA:94,15,0,3
BRDA:94,15,1,1
BRDA:114,16,0,3
BRDA:114,16,1,1
BRF:32
BRH:18
end_of_record
TN:
SF:src/components/organisms/compare/CompareSplitView.tsx
FN:26,(anonymous_0)
FNF:1
FNH:1
FNDA:3,(anonymous_0)
DA:26,2
DA:42,3
DA:45,3
DA:46,3
DA:47,3
DA:48,3
DA:50,3
DA:100,2
LF:8
LH:8
BRDA:45,0,0,3
BRDA:45,0,1,2
BRDA:46,1,0,3
BRDA:46,1,1,3
BRDA:47,2,0,3
BRDA:47,2,1,3
BRDA:48,3,0,3
BRDA:48,3,1,2
BRDA:53,4,0,3
BRDA:53,4,1,2
BRDA:56,5,0,2
BRDA:56,5,1,1
BRDA:73,6,0,3
BRDA:73,6,1,2
BRDA:73,6,2,1
BRDA:73,6,3,1
BRDA:73,6,4,1
BRDA:78,7,0,3
BRDA:78,7,1,2
BRDA:81,8,0,2
BRDA:81,8,1,1
BRF:21
BRH:21
end_of_record
TN:
SF:src/components/organisms/compare/CompareTypingIndicator.tsx
FN:10,(anonymous_0)
FN:19,(anonymous_1)
FN:21,(anonymous_2)
FN:47,(anonymous_3)
FNF:4
FNH:4
FNDA:2,(anonymous_0)
FNDA:2,(anonymous_1)
FNDA:3,(anonymous_2)
FNDA:1,(anonymous_3)
DA:10,2
DA:14,2
DA:15,2
DA:16,2
DA:17,2
DA:19,2
DA:20,2
DA:21,1
DA:22,3
DA:39,1
DA:45,1
DA:47,1
DA:48,1
DA:49,1
DA:50,1
DA:51,1
DA:54,1
DA:57,2
DA:59,1
DA:61,1
DA:108,2
LF:21
LH:21
BRDA:20,0,0,1
BRDA:20,0,1,1
BRDA:57,1,0,1
BRDA:57,1,1,1
BRDA:59,2,0,1
BRDA:59,2,1,0
BRF:6
BRH:5
end_of_record
TN:
SF:src/components/organisms/compare/CompareUserMessage.tsx
FN:10,(anonymous_0)
FNF:1
FNH:1
FNDA:1,(anonymous_0)
DA:10,2
DA:11,1
DA:21,2
LF:3
LH:3
BRF:0
BRH:0
end_of_record
TN:
SF:src/components/organisms/compare/ContinueButton.tsx
FN:13,(anonymous_0)
FNF:1
FNH:1
FNDA:3,(anonymous_0)
DA:13,2
DA:19,3
DA:21,3
DA:22,3
DA:26,3
DA:38,3
DA:45,3
DA:72,2
LF:8
LH:8
BRDA:15,0,0,2
BRDA:21,1,0,3
BRDA:21,1,1,2
BRDA:21,2,0,1
BRDA:21,2,1,1
BRDA:22,3,0,1
BRDA:22,3,1,2
BRDA:24,4,0,1
BRDA:24,4,1,1
BRDA:27,5,0,1
BRDA:27,5,1,2
BRDA:30,6,0,1
BRDA:30,6,1,2
BRDA:33,7,0,1
BRDA:33,7,1,2
BRDA:40,8,0,0
BRDA:40,8,1,3
BRDA:41,9,0,0
BRDA:41,9,1,3
BRDA:42,10,0,0
BRDA:42,10,1,3
BRDA:55,11,0,1
BRDA:55,11,1,2
BRF:23
BRH:20
end_of_record
TN:
SF:src/components/organisms/debate/DebateAISelector.tsx
FN:32,(anonymous_0)
FNF:1
FNH:1
FNDA:1,(anonymous_0)
DA:32,1
DA:47,1
DA:49,1
DA:50,1
DA:52,1
LF:5
LH:5
BRDA:39,0,0,1
BRDA:49,1,0,0
BRDA:49,1,1,1
BRF:3
BRH:2
end_of_record
TN:
SF:src/components/organisms/debate/DebateHeader.tsx
FN:20,(anonymous_0)
FNF:1
FNH:1
FNDA:8,(anonymous_0)
DA:20,2
DA:27,8
DA:29,8
LF:3
LH:3
BRDA:23,0,0,5
BRDA:24,1,0,5
BRDA:25,2,0,5
BRDA:61,3,0,8
BRDA:61,3,1,2
BRDA:61,3,2,2
BRDA:83,4,0,8
BRDA:83,4,1,7
BRDA:83,4,2,2
BRF:9
BRH:9
end_of_record
TN:
SF:src/components/organisms/debate/DebateMessageList.tsx
FN:27,(anonymous_0)
FN:50,(anonymous_1)
FN:61,(anonymous_2)
FN:73,(anonymous_3)
FN:95,(anonymous_4)
FN:108,(anonymous_5)
FN:125,(anonymous_6)
FN:126,(anonymous_7)
FN:134,(anonymous_8)
FN:141,(anonymous_9)
FN:150,(anonymous_10)
FN:158,(anonymous_11)
FN:163,(anonymous_12)
FN:172,(anonymous_13)
FN:187,(anonymous_14)
FN:214,(anonymous_15)
FN:220,(anonymous_16)
FN:226,(anonymous_17)
FN:231,(anonymous_18)
FN:238,(anonymous_19)
FN:248,(anonymous_20)
FN:254,(anonymous_21)
FNF:22
FNH:20
FNDA:105,(anonymous_0)
FNDA:60,(anonymous_1)
FNDA:60,(anonymous_2)
FNDA:105,(anonymous_3)
FNDA:5,(anonymous_4)
FNDA:25,(anonymous_5)
FNDA:73,(anonymous_6)
FNDA:0,(anonymous_7)
FNDA:24,(anonymous_8)
FNDA:47,(anonymous_9)
FNDA:24,(anonymous_10)
FNDA:24,(anonymous_11)
FNDA:25,(anonymous_12)
FNDA:24,(anonymous_13)
FNDA:110,(anonymous_14)
FNDA:110,(anonymous_15)
FNDA:134,(anonymous_16)
FNDA:25,(anonymous_17)
FNDA:5,(anonymous_18)
FNDA:2,(anonymous_19)
FNDA:0,(anonymous_20)
FNDA:24,(anonymous_21)
DA:27,2
DA:28,105
DA:30,60
DA:33,60
DA:36,60
DA:39,40
DA:42,40
DA:43,20
DA:44,20
DA:45,20
DA:47,0
DA:50,2
DA:51,60
DA:52,20
DA:53,20
DA:54,20
DA:55,0
DA:56,0
DA:57,0
DA:61,2
DA:62,60
DA:63,20
DA:64,20
DA:65,20
DA:66,0
DA:67,0
DA:68,0
DA:73,2
DA:74,105
DA:76,105
DA:77,60
DA:88,45
DA:97,5
DA:98,5
DA:99,5
DA:100,5
DA:101,5
DA:102,5
DA:103,5
DA:106,2
DA:108,2
DA:116,25
DA:117,25
DA:118,25
DA:119,25
DA:120,25
DA:121,25
DA:122,25
DA:125,25
DA:126,73
DA:127,0
DA:132,25
DA:134,25
DA:135,24
DA:136,1
DA:137,1
DA:141,25
DA:142,47
DA:143,46
DA:144,46
DA:146,0
DA:150,25
DA:151,24
DA:154,25
DA:158,25
DA:159,24
DA:160,23
DA:163,25
DA:164,25
DA:165,4
DA:166,4
DA:168,0
DA:172,25
DA:173,24
DA:174,1
DA:175,1
DA:177,23
DA:178,23
DA:179,23
DA:180,23
DA:181,23
DA:182,0
DA:187,25
DA:188,110
DA:189,63
DA:191,47
DA:192,47
DA:193,47
DA:195,44
DA:196,44
DA:197,23
DA:198,23
DA:199,23
DA:201,21
DA:202,21
DA:203,21
DA:204,21
DA:207,0
DA:208,0
DA:209,0
DA:210,0
DA:214,25
DA:215,110
DA:216,110
DA:220,25
DA:222,134
DA:226,25
DA:227,25
DA:229,4
DA:232,5
DA:238,25
DA:239,2
DA:240,2
DA:241,2
DA:242,2
DA:243,2
DA:244,0
DA:248,25
DA:249,0
DA:250,0
DA:251,0
DA:254,25
DA:255,24
DA:256,23
DA:257,23
DA:261,25
DA:262,25
DA:264,25
DA:318,2
LF:129
LH:110
BRDA:28,0,0,45
BRDA:28,0,1,60
BRDA:28,1,0,105
BRDA:28,1,1,65
BRDA:33,2,0,0
BRDA:33,2,1,60
BRDA:36,3,0,20
BRDA:36,3,1,40
BRDA:39,4,0,0
BRDA:39,4,1,40
BRDA:39,5,0,40
BRDA:39,5,1,40
BRDA:42,6,0,20
BRDA:42,6,1,20
BRDA:43,7,0,0
BRDA:43,7,1,20
BRDA:43,8,0,20
BRDA:43,8,1,20
BRDA:44,9,0,0
BRDA:44,9,1,20
BRDA:44,10,0,20
BRDA:44,10,1,20
BRDA:45,11,0,20
BRDA:45,11,1,0
BRDA:45,12,0,20
BRDA:45,12,1,20
BRDA:51,13,0,20
BRDA:51,13,1,20
BRDA:51,13,2,20
BRDA:51,13,3,0
BRDA:51,13,4,0
BRDA:51,13,5,0
BRDA:62,14,0,20
BRDA:62,14,1,20
BRDA:62,14,2,20
BRDA:62,14,3,0
BRDA:62,14,4,0
BRDA:62,14,5,0
BRDA:76,15,0,60
BRDA:76,15,1,45
BRDA:97,16,0,0
BRDA:97,16,1,5
BRDA:98,17,0,0
BRDA:98,17,1,5
BRDA:99,18,0,0
BRDA:99,18,1,5
BRDA:100,19,0,0
BRDA:100,19,1,5
BRDA:101,20,0,0
BRDA:101,20,1,5
BRDA:102,21,0,0
BRDA:102,21,1,5
BRDA:112,22,0,0
BRDA:114,23,0,24
BRDA:135,24,0,1
BRDA:135,24,1,23
BRDA:142,25,0,1
BRDA:142,25,1,46
[...]
DA:91,1
DA:92,1
DA:93,1
DA:94,1
LF:43
LH:39
BRDA:20,0,0,6
BRDA:20,0,1,6
BRDA:25,1,0,4
BRDA:25,1,1,0
BRDA:30,2,0,6
BRDA:30,2,1,2
BRDA:35,3,0,1
BRDA:35,3,1,4
BRDA:36,4,0,4
BRDA:36,4,1,4
BRDA:37,5,0,1
BRDA:37,5,1,3
BRDA:48,6,0,0
BRDA:48,6,1,3
BRDA:56,7,0,4
BRDA:56,7,1,0
BRDA:57,8,0,3
BRDA:57,8,1,1
BRDA:57,9,0,4
BRDA:57,9,1,4
BRDA:57,9,2,3
BRDA:60,10,0,1
BRDA:60,10,1,3
BRDA:60,11,0,4
BRDA:60,11,1,4
BRDA:63,12,0,0
BRDA:63,12,1,4
BRDA:63,13,0,4
BRDA:63,13,1,4
BRDA:75,14,0,0
BRDA:75,14,1,0
BRDA:81,15,0,1
BRDA:82,16,0,1
BRDA:82,16,1,1
BRDA:89,17,0,1
BRDA:89,17,1,1
BRF:36
BRH:30
end_of_record
TN:
SF:src/services/voice/OpenAIWebRTCService.ts
FN:31,(anonymous_0)
FN:49,(anonymous_1)
FN:57,(anonymous_2)
FN:62,(anonymous_3)
FN:86,(anonymous_4)
FN:97,(anonymous_5)
FN:115,(anonymous_6)
FN:123,(anonymous_7)
FN:124,(anonymous_8)
FN:125,(anonymous_9)
FN:127,(anonymous_10)
FN:131,(anonymous_11)
FNF:12
FNH:10
FNDA:7,(anonymous_0)
FNDA:0,(anonymous_1)
FNDA:9,(anonymous_2)
FNDA:4,(anonymous_3)
FNDA:1,(anonymous_4)
FNDA:4,(anonymous_5)
FNDA:0,(anonymous_6)
FNDA:2,(anonymous_7)
FNDA:2,(anonymous_8)
FNDA:2,(anonymous_9)
FNDA:1,(anonymous_10)
FNDA:2,(anonymous_11)
DA:32,7
DA:33,7
DA:34,6
DA:39,6
DA:48,6
DA:49,1
DA:50,1
DA:52,5
DA:53,5
DA:54,5
DA:58,9
DA:63,4
DA:64,4
DA:66,4
DA:67,4
DA:70,3
DA:80,3
DA:83,3
DA:86,3
DA:87,1
DA:91,3
DA:94,3
DA:95,3
DA:96,3
DA:97,4
DA:100,3
DA:101,3
DA:104,3
DA:105,3
DA:114,3
DA:115,1
DA:116,1
DA:118,2
DA:119,2
DA:120,2
DA:123,2
DA:124,2
DA:125,2
DA:128,1
DA:129,1
DA:130,1
DA:131,2
DA:133,1
DA:134,1
DA:135,1
LF:45
LH:45
BRDA:33,0,0,1
BRDA:33,0,1,6
BRDA:35,1,0,6
BRDA:35,1,1,5
BRDA:36,2,0,6
BRDA:36,2,1,5
BRDA:37,3,0,6
BRDA:37,3,1,5
BRDA:48,4,0,1
BRDA:48,4,1,5
BRDA:63,5,0,4
BRDA:63,5,1,0
BRDA:67,6,0,1
BRDA:67,6,1,3
BRDA:87,7,0,1
BRDA:87,7,1,1
BRDA:87,7,2,0
BRDA:104,8,0,3
BRDA:104,8,1,3
BRDA:104,8,2,0
BRDA:112,9,0,3
BRDA:112,9,1,0
BRDA:112,9,2,0
BRDA:114,10,0,1
BRDA:114,10,1,2
BRF:25
BRH:20
end_of_record
TN:
SF:src/services/voice/TranscriptionService.ts
FN:4,(anonymous_0)
FNF:1
FNH:1
FNDA:3,(anonymous_0)
DA:5,3
DA:6,3
DA:8,2
DA:9,2
DA:15,2
DA:16,2
DA:18,2
DA:25,2
DA:26,1
DA:27,1
DA:29,1
DA:30,1
LF:12
LH:12
BRDA:4,0,0,2
BRDA:4,1,0,2
BRDA:6,2,0,1
BRDA:6,2,1,2
BRDA:25,3,0,1
BRDA:25,3,1,1
BRF:6
BRH:6
end_of_record
TN:
SF:src/store/authSlice.ts
FN:44,(anonymous_0)
FN:48,(anonymous_1)
FN:52,(anonymous_2)
FN:58,(anonymous_3)
FN:61,(anonymous_4)
FN:64,(anonymous_5)
FN:76,(anonymous_6)
FN:79,(anonymous_7)
FN:82,(anonymous_8)
FN:85,(anonymous_9)
FN:91,(anonymous_10)
FNF:11
FNH:6
FNDA:1,(anonymous_0)
FNDA:3,(anonymous_1)
FNDA:1,(anonymous_2)
FNDA:0,(anonymous_3)
FNDA:1,(anonymous_4)
FNDA:1,(anonymous_5)
FNDA:0,(anonymous_6)
FNDA:0,(anonymous_7)
FNDA:0,(anonymous_8)
FNDA:0,(anonymous_9)
FNDA:2,(anonymous_10)
DA:26,197
DA:40,197
DA:45,1
DA:46,1
DA:49,3
DA:50,3
DA:53,1
DA:54,1
DA:55,1
DA:59,0
DA:62,1
DA:65,1
DA:66,1
DA:67,1
DA:68,1
DA:69,1
DA:70,1
DA:71,1
DA:72,1
DA:73,1
DA:77,0
DA:80,0
DA:83,0
DA:86,0
DA:87,0
DA:88,0
DA:92,2
DA:93,2
DA:94,2
DA:112,197
LF:30
LH:23
BRDA:54,0,0,1
BRDA:54,0,1,0
BRDA:55,1,0,1
BRDA:55,1,1,0
BRDA:87,2,0,0
BRDA:87,2,1,0
BRDA:94,3,0,2
BRDA:94,3,1,2
BRF:8
BRH:4
end_of_record
TN:
SF:src/store/compareSlice.ts
FN:59,(anonymous_0)
FN:65,(anonymous_1)
FN:71,(anonymous_2)
FN:82,(anonymous_3)
FN:86,(anonymous_4)
FN:93,(anonymous_5)
FN:111,(anonymous_6)
FN:125,(anonymous_7)
FN:145,(anonymous_8)
FN:162,(anonymous_9)
FN:169,(anonymous_10)
FN:181,(anonymous_11)
FN:185,(anonymous_12)
FN:209,(anonymous_13)
FN:210,(anonymous_14)
FN:214,(anonymous_15)
FN:216,(anonymous_16)
FNF:17
FNH:8
FNDA:1,(anonymous_0)
FNDA:1,(anonymous_1)
FNDA:1,(anonymous_2)
FNDA:0,(anonymous_3)
FNDA:0,(anonymous_4)
FNDA:1,(anonymous_5)
FNDA:1,(anonymous_6)
FNDA:1,(anonymous_7)
FNDA:1,(anonymous_8)
FNDA:0,(anonymous_9)
FNDA:1,(anonymous_10)
FNDA:0,(anonymous_11)
FNDA:0,(anonymous_12)
FNDA:0,(anonymous_13)
FNDA:0,(anonymous_14)
FNDA:0,(anonymous_15)
FNDA:0,(anonymous_16)
DA:41,197
DA:54,197
DA:60,1
DA:62,1
DA:66,1
DA:68,1
DA:72,1
DA:73,1
DA:74,1
DA:76,1
DA:77,1
DA:78,1
DA:83,0
DA:87,0
DA:88,0
DA:89,0
DA:98,1
DA:100,1
DA:101,1
DA:102,1
DA:105,1
DA:106,0
DA:107,0
DA:116,1
DA:118,1
DA:119,1
DA:121,0
DA:134,1
DA:136,1
DA:137,1
DA:138,1
DA:140,0
DA:141,0
DA:150,1
DA:152,1
DA:153,1
DA:154,1
DA:156,0
DA:157,0
DA:163,0
DA:170,1
DA:171,1
DA:172,1
DA:173,1
DA:174,1
DA:175,1
DA:176,1
DA:177,1
DA:182,0
DA:186,0
DA:206,197
DA:209,197
DA:210,197
DA:214,197
DA:215,0
DA:216,197
LF:56
LH:41
BRDA:100,0,0,1
BRDA:100,0,1,0
BRDA:100,1,0,1
BRDA:100,1,1,0
BRDA:105,2,0,0
BRDA:105,2,1,1
BRDA:105,3,0,1
BRDA:105,3,1,1
BRDA:118,4,0,1
BRDA:118,4,1,0
BRDA:136,5,0,1
BRDA:136,5,1,0
BRDA:152,6,0,1
BRDA:152,6,1,0
BRDA:215,7,0,0
BRDA:215,7,1,0
BRF:16
BRH:8
end_of_record
TN:
SF:src/store/debateStatsSlice.ts
FN:50,(anonymous_0)
FN:63,(anonymous_1)
FN:80,(anonymous_2)
FN:94,(anonymous_3)
FN:95,(anonymous_4)
FN:103,(anonymous_5)
FN:110,(anonymous_6)
FN:151,(anonymous_7)
FN:157,(anonymous_8)
FN:162,(anonymous_9)
FNF:10
FNH:10
FNDA:4,(anonymous_0)
FNDA:8,(anonymous_1)
FNDA:2,(anonymous_2)
FNDA:4,(anonymous_3)
FNDA:2,(anonymous_4)
FNDA:4,(anonymous_5)
FNDA:4,(anonymous_6)
FNDA:1,(anonymous_7)
FNDA:1,(anonymous_8)
FNDA:1,(anonymous_9)
DA:39,197
DA:46,197
DA:51,4
DA:54,4
DA:63,4
DA:64,8
DA:65,8
DA:81,2
DA:83,2
DA:84,2
DA:87,2
DA:88,2
DA:94,4
DA:95,2
DA:96,2
DA:97,2
DA:104,4
DA:106,4
DA:107,2
DA:110,2
DA:111,4
DA:112,4
DA:113,4
DA:116,4
DA:117,4
DA:118,4
DA:123,4
DA:126,4
DA:127,2
DA:128,2
DA:130,2
DA:134,4
DA:137,4
DA:138,4
DA:144,2
DA:147,2
DA:152,1
DA:153,1
DA:154,1
DA:158,1
DA:159,1
DA:163,1
DA:164,1
DA:169,197
LF:44
LH:44
BRDA:64,0,0,8
BRDA:64,0,1,0
BRDA:83,1,0,2
BRDA:83,1,1,0
BRDA:87,2,0,2
BRDA:87,2,1,0
BRDA:96,3,0,2
BRDA:96,3,1,0
BRDA:106,4,0,2
BRDA:106,4,1,2
BRDA:111,5,0,4
BRDA:111,5,1,0
BRDA:117,6,0,4
BRDA:117,6,1,0
BRDA:126,7,0,2
BRDA:126,7,1,2
BRDA:138,8,0,4
BRDA:138,8,1,0
BRF:18
BRH:11
end_of_record
TN:
SF:src/store/navigationSlice.ts
FN:36,(anonymous_0)
FN:41,(anonymous_1)
FN:45,(anonymous_2)
FN:52,(anonymous_3)
FN:55,(anonymous_4)
FN:58,(anonymous_5)
FN:61,(anonymous_6)
FN:66,(anonymous_7)
FN:69,(anonymous_8)
FN:74,(anonymous_9)
FNF:10
FNH:6
FNDA:13,(anonymous_0)
FNDA:1,(anonymous_1)
FNDA:5,(anonymous_2)
FNDA:1,(anonymous_3)
FNDA:0,(anonymous_4)
FNDA:0,(anonymous_5)
FNDA:0,(anonymous_6)
FNDA:1,(anonymous_7)
FNDA:0,(anonymous_8)
FNDA:1,(anonymous_9)
DA:22,197
DA:31,197
DA:37,13
DA:38,13
DA:39,13
DA:42,1
DA:46,5
DA:47,5
DA:48,5
DA:53,1
DA:56,0
DA:59,0
DA:62,0
DA:67,1
DA:70,0
DA:74,1
DA:89,197
LF:17
LH:13
BRF:0
BRH:0
end_of_record
TN:
SF:src/store/streamingSlice.ts
FN:75,(anonymous_0)
FN:94,(anonymous_1)
FN:110,(anonymous_2)
FN:129,(anonymous_3)
FN:145,(anonymous_4)
FN:151,(anonymous_5)
FN:153,(anonymous_6)
FN:155,(anonymous_7)
FN:161,(anonymous_8)
FN:177,(anonymous_9)
FN:182,(anonymous_10)
FN:187,(anonymous_11)
FN:188,(anonymous_12)
FN:201,(anonymous_13)
FN:227,(anonymous_14)
FN:227,(anonymous_15)
FN:230,(anonymous_16)
FN:230,(anonymous_17)
FN:233,(anonymous_18)
FN:233,(anonymous_19)
FN:236,(anonymous_20)
FN:236,(anonymous_21)
FN:243,(anonymous_22)
FN:243,(anonymous_23)
FN:246,(anonymous_24)
FN:249,(anonymous_25)
FNF:26
FNH:20
FNDA:4,(anonymous_0)
FNDA:4,(anonymous_1)
FNDA:4,(anonymous_2)
FNDA:3,(anonymous_3)
FNDA:3,(anonymous_4)
FNDA:0,(anonymous_5)
FNDA:0,(anonymous_6)
FNDA:0,(anonymous_7)
FNDA:1,(anonymous_8)
FNDA:2,(anonymous_9)
FNDA:1,(anonymous_10)
FNDA:1,(anonymous_11)
FNDA:0,(anonymous_12)
FNDA:1,(anonymous_13)
FNDA:8,(anonymous_14)
FNDA:15,(anonymous_15)
FNDA:7,(anonymous_16)
FNDA:14,(anonymous_17)
FNDA:7,(anonymous_18)
FNDA:14,(anonymous_19)
FNDA:1,(anonymous_20)
FNDA:1,(anonymous_21)
FNDA:0,(anonymous_22)
FNDA:0,(anonymous_23)
FNDA:11,(anonymous_24)
FNDA:75,(anonymous_25)
DA:49,199
DA:70,199
DA:79,4
DA:80,4
DA:90,4
DA:98,4
DA:99,4
DA:100,4
DA:101,4
DA:102,4
DA:103,4
DA:105,4
DA:114,4
DA:115,4
DA:116,4
DA:117,4
DA:118,4
DA:119,4
DA:120,4
DA:121,3
DA:123,4
DA:124,4
DA:133,3
DA:134,3
DA:135,3
DA:136,3
DA:137,3
DA:138,3
DA:139,3
DA:140,3
DA:146,3
DA:147,3
DA:152,0
DA:153,0
DA:155,0
DA:156,0
DA:165,1
DA:166,1
DA:167,0
DA:172,1
DA:178,2
DA:183,1
DA:188,1
DA:189,0
DA:190,0
DA:191,0
DA:192,0
DA:193,0
DA:194,0
DA:197,1
DA:205,1
DA:206,1
DA:224,199
DA:227,199
DA:228,15
DA:230,199
DA:231,14
DA:233,199
DA:234,14
DA:236,199
DA:237,1
DA:239,1
DA:240,0
DA:243,199
DA:244,0
DA:246,199
DA:247,11
DA:249,199
DA:250,75
LF:69
LH:56
BRDA:100,0,0,4
BRDA:100,0,1,0
BRDA:100,1,0,4
BRDA:100,1,1,4
BRDA:116,2,0,4
BRDA:116,2,1,0
BRDA:120,3,0,3
BRDA:120,3,1,1
BRDA:135,4,0,3
BRDA:135,4,1,0
BRDA:166,5,0,0
BRDA:166,5,1,1
BRDA:190,6,0,0
BRDA:190,6,1,0
BRDA:231,7,0,14
BRDA:231,7,1,10
BRDA:234,8,0,14
BRDA:234,8,1,4
BRDA:237,9,0,0
BRDA:237,9,1,1
BRDA:239,10,0,1
BRDA:239,10,1,0
BRDA:240,11,0,0
BRDA:240,11,1,0
BRDA:244,12,0,0
BRDA:244,12,1,0
BRDA:247,13,0,11
BRDA:247,13,1,0
BRDA:250,14,0,75
BRDA:250,14,1,73
BRF:30
BRH:17
end_of_record
TN:
SF:src/theme/colors.ts
FNF:0
FNH:0
DA:1,195
DA:164,195
DA:190,195
LF:3
LH:3
BRF:0
BRH:0
end_of_record
TN:
SF:src/theme/index.tsx
FN:22,(anonymous_0)
FN:37,(anonymous_1)
FN:38,(anonymous_2)
FN:42,(anonymous_3)
FN:47,(anonymous_4)
FN:49,(anonymous_5)
FN:55,(anonymous_6)
FN:56,(anonymous_7)
FN:63,(anonymous_8)
FN:80,(anonymous_9)
FNF:10
FNH:6
FNDA:1032,(anonymous_0)
FNDA:1004,(anonymous_1)
FNDA:1004,(anonymous_2)
FNDA:0,(anonymous_3)
FNDA:0,(anonymous_4)
FNDA:0,(anonymous_5)
FNDA:1004,(anonymous_6)
FNDA:0,(anonymous_7)
FNDA:1004,(anonymous_8)
FNDA:1742,(anonymous_9)
DA:14,195
DA:16,195
DA:22,195
DA:23,1032
DA:25,1032
DA:30,1032
DA:34,1032
DA:37,1032
DA:38,1004
DA:39,1004
DA:40,0
DA:47,1032
DA:48,0
DA:49,0
DA:55,1032
DA:56,1004
DA:58,0
DA:59,0
DA:63,1004
DA:66,1032
DA:73,1032
DA:80,195
DA:81,1742
DA:82,1742
DA:83,0
DA:85,1742
LF:26
LH:20
BRDA:26,0,0,0
BRDA:26,0,1,1032
BRDA:30,1,0,1032
BRDA:30,1,1,0
BRDA:34,2,0,0
BRDA:34,2,1,1032
BRDA:39,3,0,0
BRDA:39,3,1,1004
BRDA:39,4,0,1004
BRDA:39,4,1,1
BRDA:39,4,2,1
BRDA:39,4,3,1
BRDA:58,5,0,0
BRDA:58,5,1,0
BRDA:82,6,0,0
BRDA:82,6,1,1742
BRF:16
BRH:9
end_of_record
TN:
SF:src/theme/spacing.ts
FNF:0
FNH:0
DA:1,195
LF:1
LH:1
BRF:0
BRH:0
end_of_record
TN:
SF:src/theme/types.ts
FNF:0
FNH:0
DA:77,195
DA:91,195
DA:123,195
LF:3
LH:3
BRF:0
BRH:0
end_of_record
TN:
SF:src/theme/typography.ts
FN:42,(anonymous_0)
FNF:1
FNH:1
FNDA:3,(anonymous_0)
DA:3,196
DA:42,196
DA:43,3
DA:50,3
DA:51,1
DA:59,1
DA:62,2
LF:7
LH:7
BRDA:42,0,0,1
BRDA:50,1,0,1
BRDA:50,1,1,2
BRF:3
BRH:3
end_of_record
TN:
SF:src/utils/aiBrandColors.ts
FN:41,(anonymous_0)
FN:43,getBrandPalette
FN:52,(anonymous_2)
FN:61,getBrandAccent
FNF:4
FNH:3
FNDA:4,(anonymous_0)
FNDA:2,getBrandPalette
FNDA:2,(anonymous_2)
FNDA:0,getBrandAccent
DA:3,2
DA:22,2
DA:41,4
DA:44,2
DA:45,2
DA:46,0
DA:47,0
DA:50,2
DA:51,2
DA:52,2
DA:53,2
DA:54,2
DA:58,0
DA:62,0
DA:63,0
LF:15
LH:10
BRDA:41,0,0,4
BRDA:41,0,1,2
BRDA:45,1,0,0
BRDA:45,1,1,2
BRDA:45,2,0,2
BRDA:45,2,1,0
BRDA:51,3,0,2
BRDA:51,3,1,0
BRDA:53,4,0,2
BRDA:53,4,1,0
BRDA:63,5,0,0
BRDA:63,5,1,0
BRF:12
BRH:6
end_of_record
TN:
SF:src/utils/aiProviderAssets.ts
FN:20,getAIProviderIcon
FNF:1
FNH:1
FNDA:21,getAIProviderIcon
DA:6,1
DA:22,21
DA:23,21
DA:30,0
DA:42,0
LF:5
LH:3
BRDA:22,0,0,21
BRDA:22,0,1,0
BRDA:43,1,0,0
BRDA:43,1,1,0
BRF:4
BRH:1
end_of_record
TN:
SF:src/utils/attachmentUtils.ts
FN:20,(anonymous_0)
FN:70,(anonymous_1)
FNF:2
FNH:2
FNDA:6,(anonymous_0)
FNDA:7,(anonymous_1)
DA:7,5
DA:20,5
DA:23,6
DA:24,2
DA:27,4
DA:30,4
DA:32,4
DA:33,1
DA:37,3
DA:40,3
DA:41,1
DA:43,2
DA:44,2
DA:50,1
DA:51,1
DA:53,1
DA:54,1
DA:58,2
DA:70,5
DA:71,7
DA:72,1
DA:75,6
DA:76,1
DA:79,5
DA:80,5
DA:82,5
DA:83,1
DA:86,4
DA:87,1
DA:91,3
DA:94,3
DA:95,1
DA:97,2
DA:98,2
DA:104,1
DA:105,1
DA:107,1
DA:111,2
DA:112,1
DA:115,1
LF:40
LH:40
BRDA:23,0,0,2
BRDA:23,0,1,4
BRDA:30,1,0,4
BRDA:30,1,1,0
BRDA:32,2,0,1
BRDA:32,2,1,3
BRDA:40,3,0,1
BRDA:40,3,1,2
BRDA:59,4,0,2
BRDA:59,4,1,2
BRDA:59,4,2,0
BRDA:60,5,0,2
BRDA:60,5,1,2
BRDA:60,5,2,0
BRDA:71,6,0,1
BRDA:71,6,1,6
BRDA:75,7,0,1
BRDA:75,7,1,5
BRDA:80,8,0,5
BRDA:80,8,1,0
BRDA:82,9,0,1
BRDA:82,9,1,4
BRDA:86,10,0,1
BRDA:86,10,1,3
BRDA:94,11,0,1
BRDA:94,11,1,2
BRDA:111,12,0,1
BRDA:111,12,1,1
BRF:28
BRH:24
end_of_record
TN:
SF:src/utils/clearStorage.ts
FN:3,(anonymous_0)
FNF:1
FNH:0
FNDA:0,(anonymous_0)
DA:3,0
DA:4,0
LF:2
LH:0
BRF:0
BRH:0
end_of_record
TN:
SF:src/utils/demoGating.ts
FN:3,showTrialCTA
FN:15,(anonymous_1)
FNF:2
FNH:2
FNDA:2,showTrialCTA
FNDA:1,(anonymous_1)
DA:7,2
DA:8,2
DA:9,2
DA:10,2
DA:15,1
LF:5
LH:5
BRDA:7,0,0,2
BRDA:7,0,1,1
BRDA:8,1,0,2
BRDA:8,1,1,1
BRDA:9,2,0,2
BRDA:9,2,1,1
BRF:6
BRH:6
end_of_record
TN:
SF:src/utils/documentProcessing.ts
FN:32,isSupportedDocumentType
FN:39,isSupportedImageType
FN:51,validateDocumentSize
FN:64,processDocumentForClaude
FN:77,(anonymous_4)
FN:78,(anonymous_5)
FN:106,getFileExtensionFromMimeType
FN:127,formatAttachmentForDisplay
FN:145,getDocumentIcon
FNF:9
FNH:9
FNDA:12,isSupportedDocumentType
FNDA:3,isSupportedImageType
FNDA:2,validateDocumentSize
FNDA:2,processDocumentForClaude
FNDA:1,(anonymous_4)
FNDA:1,(anonymous_5)
FNDA:4,getFileExtensionFromMimeType
FNDA:3,formatAttachmentForDisplay
FNDA:4,getDocumentIcon
DA:10,2
DA:27,2
DA:33,12
DA:40,3
DA:52,2
DA:53,1
DA:58,1
DA:69,2
DA:72,2
DA:73,1
DA:76,1
DA:77,1
DA:78,1
DA:79,1
DA:81,1
DA:82,1
DA:84,1
DA:87,1
DA:88,1
DA:90,1
DA:99,1
DA:107,4
DA:121,4
DA:128,3
DA:129,1
DA:132,2
DA:133,2
DA:135,2
DA:136,1
DA:139,1
DA:146,4
DA:159,4
LF:32
LH:32
BRDA:40,0,0,3
BRDA:40,0,1,2
BRDA:52,1,0,1
BRDA:52,1,1,1
BRDA:99,2,0,1
BRDA:99,2,1,0
BRDA:121,3,0,4
BRDA:121,3,1,1
BRDA:128,4,0,1
BRDA:128,4,1,2
BRDA:135,5,0,1
BRDA:135,5,1,1
BRDA:159,6,0,4
BRDA:159,6,1,1
BRF:14
BRH:13
end_of_record
TN:
SF:src/utils/expertMode.ts
FN:9,getExpertOverrides
FNF:1
FNH:1
FNDA:4,getExpertOverrides
DA:13,4
DA:16,4
DA:18,1
DA:23,1
LF:4
LH:4
BRDA:16,0,0,3
BRDA:16,0,1,1
BRDA:16,1,0,4
BRDA:16,1,1,1
BRF:4
BRH:4
end_of_record
TN:
SF:src/utils/imageProcessing.ts
FN:29,(anonymous_0)
FN:36,(anonymous_1)
FN:51,(anonymous_2)
FN:68,(anonymous_3)
FN:114,(anonymous_4)
FN:131,(anonymous_5)
FN:166,(anonymous_6)
FN:175,(anonymous_7)
FN:176,(anonymous_8)
FN:185,(anonymous_9)
FN:192,(anonymous_10)
FN:217,(anonymous_11)
FNF:12
FNH:12
FNDA:8,(anonymous_0)
FNDA:5,(anonymous_1)
FNDA:8,(anonymous_2)
FNDA:7,(anonymous_3)
FNDA:2,(anonymous_4)
FNDA:5,(anonymous_5)
FNDA:2,(anonymous_6)
FNDA:3,(anonymous_7)
FNDA:2,(anonymous_8)
FNDA:2,(anonymous_9)
FNDA:2,(anonymous_10)
FNDA:3,(anonymous_11)
DA:6,2
DA:7,2
DA:10,2
DA:29,2
DA:30,8
DA:36,2
DA:37,5
DA:38,5
DA:41,4
DA:43,1
DA:44,1
DA:51,2
DA:52,8
DA:53,8
DA:54,7
DA:55,1
DA:58,6
DA:60,2
DA:61,2
DA:68,2
DA:72,7
DA:74,7
DA:78,6
DA:79,6
DA:82,6
DA:83,4
DA:87,2
DA:88,2
DA:89,2
DA:92,2
DA:103,2
DA:105,1
DA:107,1
DA:114,2
DA:115,2
DA:116,2
DA:117,1
DA:119,1
DA:120,1
DA:131,2
DA:137,5
DA:138,1
DA:142,4
DA:145,4
DA:146,4
DA:147,1
DA:151,3
DA:153,3
DA:166,2
DA:169,2
DA:170,1
DA:173,1
DA:175,3
DA:176,2
DA:179,1
DA:185,2
DA:189,2
DA:192,2
DA:193,2
DA:204,2
DA:205,1
DA:211,2
DA:217,2
DA:218,3
DA:219,2
DA:220,1
LF:66
LH:66
BRDA:54,0,0,1
BRDA:54,0,1,6
BRDA:82,1,0,4
BRDA:82,1,1,2
BRDA:97,2,0,1
BRDA:97,2,1,1
BRDA:137,3,0,1
BRDA:137,3,1,4
BRDA:146,4,0,1
BRDA:146,4,1,3
BRDA:169,5,0,1
BRDA:169,5,1,1
BRDA:204,6,0,1
BRDA:204,6,1,1
BRDA:218,7,0,1
BRDA:218,7,1,2
BRDA:219,8,0,1
BRDA:219,8,1,1
BRF:18
BRH:18
end_of_record
TN:
SF:src/utils/markdown.ts
FN:27,sanitizeMarkdown
FN:40,(anonymous_1)
FN:68,shouldLazyRender
FN:76,splitForLazyRender
FN:110,analyzeMarkdownSafety
FN:142,(anonymous_5)
FNF:6
FNH:6
FNDA:4,sanitizeMarkdown
FNDA:1,(anonymous_1)
FNDA:1,shouldLazyRender
FNDA:1,splitForLazyRender
FNDA:1,analyzeMarkdownSafety
FNDA:5,(anonymous_5)
DA:18,19
DA:28,4
DA:29,4
DA:31,2
DA:32,2
DA:36,2
DA:38,2
DA:40,1
DA:41,1
DA:43,1
DA:44,1
DA:45,1
DA:46,1
DA:51,2
DA:54,1
DA:58,1
DA:59,1
DA:62,1
DA:69,1
DA:70,1
DA:77,1
DA:79,1
DA:80,1
DA:81,1
DA:82,1
DA:84,1
DA:86,6
DA:88,6
DA:90,2
DA:91,2
DA:92,2
DA:95,4
DA:96,4
DA:100,1
DA:101,1
DA:104,1
DA:121,1
DA:122,1
DA:125,1
DA:126,1
DA:127,1
DA:131,1
DA:132,1
DA:133,1
DA:134,5
DA:135,2
DA:136,1
DA:138,2
DA:142,5
DA:144,1
LF:50
LH:50
BRDA:27,0,0,2
BRDA:29,1,0,2
BRDA:29,1,1,2
BRDA:38,2,0,1
BRDA:38,2,1,1
BRDA:51,3,0,1
BRDA:51,3,1,1
BRDA:58,4,0,1
BRDA:58,4,1,0
BRDA:58,5,0,1
BRDA:58,5,1,1
BRDA:69,6,0,1
BRDA:69,6,1,1
BRDA:76,7,0,0
BRDA:77,8,0,0
BRDA:77,8,1,1
BRDA:88,9,0,2
BRDA:88,9,1,4
BRDA:88,10,0,6
BRDA:88,10,1,2
BRDA:88,10,2,2
BRDA:95,11,0,3
BRDA:95,11,1,1
BRDA:100,12,0,1
BRDA:100,12,1,0
BRDA:126,13,0,1
BRDA:126,13,1,0
BRDA:134,14,0,2
BRDA:134,14,1,3
BRDA:135,15,0,1
BRDA:135,15,1,1
BRF:31
BRH:26
end_of_record
TN:
SF:src/utils/markdownSelectable.tsx
FN:23,(anonymous_0)
FN:28,(anonymous_1)
FN:33,(anonymous_2)
FN:38,(anonymous_3)
FN:43,(anonymous_4)
FN:48,(anonymous_5)
FN:53,(anonymous_6)
FN:58,(anonymous_7)
FN:63,(anonymous_8)
FN:72,(anonymous_9)
FN:81,(anonymous_10)
FN:86,(anonymous_11)
FN:91,(anonymous_12)
FN:96,(anonymous_13)
FN:103,(anonymous_14)
FNF:15
FNH:0
FNDA:0,(anonymous_0)
FNDA:0,(anonymous_1)
FNDA:0,(anonymous_2)
FNDA:0,(anonymous_3)
FNDA:0,(anonymous_4)
FNDA:0,(anonymous_5)
FNDA:0,(anonymous_6)
FNDA:0,(anonymous_7)
FNDA:0,(anonymous_8)
FNDA:0,(anonymous_9)
FNDA:0,(anonymous_10)
FNDA:0,(anonymous_11)
FNDA:0,(anonymous_12)
FNDA:0,(anonymous_13)
FNDA:0,(anonymous_14)
DA:22,19
DA:24,0
DA:29,0
DA:34,0
DA:39,0
DA:44,0
DA:49,0
DA:54,0
DA:59,0
DA:64,0
DA:65,0
DA:66,0
DA:73,0
DA:74,0
DA:75,0
DA:82,0
DA:87,0
DA:92,0
DA:97,0
DA:98,0
DA:99,0
DA:100,0
DA:101,0
DA:103,0
LF:24
LH:1
BRDA:23,0,0,0
BRDA:58,1,0,0
BRDA:63,2,0,0
BRDA:65,3,0,0
BRDA:65,3,1,0
BRDA:65,4,0,0
BRDA:65,4,1,0
BRDA:72,5,0,0
BRDA:74,6,0,0
BRDA:74,6,1,0
BRDA:74,7,0,0
BRDA:74,7,1,0
BRDA:98,8,0,0
BRDA:98,8,1,0
BRDA:99,9,0,0
BRDA:99,9,1,0
BRDA:101,10,0,0
BRDA:101,10,1,0
BRF:18
BRH:0
end_of_record
TN:
SF:src/utils/responseProcessor.ts
FN:19,processPerplexityResponse
FN:27,(anonymous_1)
FN:35,(anonymous_2)
FN:48,(anonymous_3)
FN:71,processClaudeResponse
FN:79,processChatGPTResponse
FN:87,processGeminiResponse
FN:95,processGenericResponse
FN:102,processAIResponse
FNF:9
FNH:2
FNDA:1,processPerplexityResponse
FNDA:0,(anonymous_1)
FNDA:1,(anonymous_2)
FNDA:0,(anonymous_3)
FNDA:0,processClaudeResponse
FNDA:0,processChatGPTResponse
FNDA:0,processGeminiResponse
FNDA:0,processGenericResponse
FNDA:0,processAIResponse
DA:24,1
DA:27,1
DA:29,1
DA:31,1
DA:33,1
DA:35,1
DA:36,1
DA:37,1
DA:46,0
DA:47,0
DA:48,0
DA:49,0
DA:50,0
DA:51,0
DA:61,1
DA:72,0
DA:80,0
DA:88,0
DA:96,0
DA:107,0
DA:109,0
DA:116,0
DA:120,0
DA:124,0
DA:127,0
LF:25
LH:9
BRDA:27,0,0,1
BRDA:27,0,1,0
BRDA:27,0,2,0
BRDA:29,1,0,1
BRDA:29,1,1,0
BRDA:33,2,0,1
BRDA:33,2,1,0
BRDA:39,3,0,1
BRDA:39,3,1,0
BRDA:47,4,0,0
BRDA:47,4,1,0
BRDA:49,5,0,0
BRDA:49,5,1,0
BRDA:50,6,0,0
BRDA:50,6,1,0
BRDA:50,7,0,0
BRDA:50,7,1,0
BRDA:63,8,0,1
BRDA:63,8,1,0
BRDA:107,9,0,0
BRDA:107,9,1,0
BRDA:107,9,2,0
BRDA:107,9,3,0
BRDA:107,9,4,0
BRDA:107,9,5,0
BRDA:107,9,6,0
BRF:26
BRH:5
end_of_record
TN:
SF:src/utils/typeGuards.ts
FN:24,(anonymous_0)
FN:31,(anonymous_1)
FN:38,(anonymous_2)
FN:40,(anonymous_3)
FN:46,(anonymous_4)
FNF:5
FNH:3
FNDA:19,(anonymous_0)
FNDA:19,(anonymous_1)
FNDA:0,(anonymous_2)
FNDA:0,(anonymous_3)
FNDA:18,(anonymous_4)
DA:8,4
DA:24,4
DA:25,19
DA:31,4
DA:32,19
DA:38,4
DA:39,0
DA:40,0
DA:46,4
DA:47,18
DA:48,18
DA:49,3
DA:51,15
LF:13
LH:11
BRDA:32,0,0,16
BRDA:32,0,1,3
BRDA:48,1,0,3
BRDA:48,1,1,15
BRF:4
BRH:4
end_of_record
TN:
SF:src/utils/home/greetingGenerator.ts
FN:9,(anonymous_0)
FN:30,(anonymous_1)
FN:43,(anonymous_2)
FNF:3
FNH:3
FNDA:6,(anonymous_0)
FNDA:6,(anonymous_1)
FNDA:6,(anonymous_2)
DA:9,1
DA:10,6
DA:12,6
DA:13,6
DA:16,0
DA:17,0
DA:20,0
DA:30,1
DA:33,6
DA:43,1
DA:44,6
LF:11
LH:8
BRDA:10,0,0,6
BRDA:10,0,1,5
BRDA:12,1,0,6
BRDA:12,1,1,0
BRDA:16,2,0,0
BRDA:16,2,1,0
BRF:6
BRH:3
end_of_record
TN:
SF:src/utils/home/sessionIdGenerator.ts
FN:8,(anonymous_0)
FN:23,(anonymous_1)
FN:33,(anonymous_2)
FN:51,(anonymous_3)
FNF:4
FNH:4
FNDA:1,(anonymous_0)
FNDA:1,(anonymous_1)
FNDA:6,(anonymous_2)
FNDA:3,(anonymous_3)
DA:8,1
DA:9,1
DA:10,1
DA:14,1
DA:23,1
DA:24,1
DA:33,1
DA:35,6
DA:36,6
DA:37,2
DA:41,4
DA:42,4
DA:51,1
DA:52,3
DA:53,1
DA:56,2
DA:57,2
DA:58,2
DA:60,2
LF:19
LH:19
BRDA:36,0,0,2
BRDA:36,0,1,4
BRDA:52,1,0,1
BRDA:52,1,1,2
BRDA:60,2,0,0
BRDA:60,2,1,2
BRF:6
BRH:5
end_of_record
